{"C:\\Users\\gokha\\Desktop\\Desktop\\Projeler\\cases\\patrion_backend_case\\src\\index.ts": {"path":"C:\\Users\\gokha\\Desktop\\Desktop\\Projeler\\cases\\patrion_backend_case\\src\\index.ts","statementMap":{"0":{"start":{"line":1,"column":0},"end":{"line":1,"column":66}},"1":{"start":{"line":2,"column":0},"end":{"line":2,"column":24}},"2":{"start":{"line":3,"column":0},"end":{"line":3,"column":28}},"3":{"start":{"line":4,"column":0},"end":{"line":4,"column":24}},"4":{"start":{"line":5,"column":0},"end":{"line":5,"column":37}},"5":{"start":{"line":6,"column":0},"end":{"line":6,"column":30}},"6":{"start":{"line":7,"column":0},"end":{"line":7,"column":57}},"7":{"start":{"line":8,"column":0},"end":{"line":8,"column":40}},"8":{"start":{"line":9,"column":0},"end":{"line":9,"column":55}},"9":{"start":{"line":10,"column":0},"end":{"line":10,"column":62}},"10":{"start":{"line":11,"column":0},"end":{"line":11,"column":82}},"11":{"start":{"line":12,"column":0},"end":{"line":12,"column":57}},"12":{"start":{"line":13,"column":0},"end":{"line":13,"column":61}},"13":{"start":{"line":14,"column":0},"end":{"line":14,"column":37}},"14":{"start":{"line":15,"column":0},"end":{"line":15,"column":43}},"15":{"start":{"line":16,"column":0},"end":{"line":16,"column":42}},"16":{"start":{"line":19,"column":0},"end":{"line":19,"column":16}},"17":{"start":{"line":22,"column":25},"end":{"line":22,"column":34}},"18":{"start":{"line":23,"column":13},"end":{"line":23,"column":24}},"19":{"start":{"line":26,"column":0},"end":{"line":26,"column":16}},"20":{"start":{"line":27,"column":0},"end":{"line":27,"column":24}},"21":{"start":{"line":28,"column":0},"end":{"line":28,"column":48}},"22":{"start":{"line":31,"column":0},"end":{"line":31,"column":20}},"23":{"start":{"line":34,"column":21},"end":{"line":61,"column":2}},"24":{"start":{"line":34,"column":32},"end":{"line":61,"column":2}},"25":{"start":{"line":35,"column":2},"end":{"line":60,"column":3}},"26":{"start":{"line":37,"column":4},"end":{"line":37,"column":33}},"27":{"start":{"line":38,"column":4},"end":{"line":38,"column":53}},"28":{"start":{"line":41,"column":4},"end":{"line":41,"column":29}},"29":{"start":{"line":42,"column":4},"end":{"line":42,"column":56}},"30":{"start":{"line":45,"column":4},"end":{"line":45,"column":31}},"31":{"start":{"line":46,"column":4},"end":{"line":46,"column":53}},"32":{"start":{"line":48,"column":4},"end":{"line":48,"column":34}},"33":{"start":{"line":49,"column":4},"end":{"line":49,"column":58}},"34":{"start":{"line":52,"column":4},"end":{"line":52,"column":32}},"35":{"start":{"line":53,"column":4},"end":{"line":53,"column":60}},"36":{"start":{"line":55,"column":4},"end":{"line":55,"column":59}},"37":{"start":{"line":57,"column":25},"end":{"line":57,"column":79}},"38":{"start":{"line":58,"column":4},"end":{"line":58,"column":83}},"39":{"start":{"line":59,"column":4},"end":{"line":59,"column":52}},"40":{"start":{"line":64,"column":0},"end":{"line":64,"column":24}},"41":{"start":{"line":67,"column":0},"end":{"line":67,"column":68}},"42":{"start":{"line":68,"column":0},"end":{"line":71,"column":3}},"43":{"start":{"line":69,"column":2},"end":{"line":69,"column":52}},"44":{"start":{"line":70,"column":2},"end":{"line":70,"column":24}},"45":{"start":{"line":74,"column":0},"end":{"line":76,"column":3}},"46":{"start":{"line":75,"column":2},"end":{"line":75,"column":28}},"47":{"start":{"line":79,"column":0},"end":{"line":84,"column":3}},"48":{"start":{"line":80,"column":2},"end":{"line":83,"column":5}},"49":{"start":{"line":87,"column":0},"end":{"line":102,"column":3}},"50":{"start":{"line":88,"column":2},"end":{"line":93,"column":5}},"51":{"start":{"line":95,"column":21},"end":{"line":95,"column":42}},"52":{"start":{"line":96,"column":23},"end":{"line":96,"column":53}},"53":{"start":{"line":98,"column":2},"end":{"line":101,"column":5}},"54":{"start":{"line":105,"column":15},"end":{"line":105,"column":37}},"55":{"start":{"line":108,"column":0},"end":{"line":108,"column":21}},"56":{"start":{"line":111,"column":0},"end":{"line":119,"column":3}},"57":{"start":{"line":111,"column":31},"end":{"line":119,"column":2}},"58":{"start":{"line":112,"column":2},"end":{"line":112,"column":66}},"59":{"start":{"line":115,"column":2},"end":{"line":115,"column":23}},"60":{"start":{"line":118,"column":2},"end":{"line":118,"column":19}},"61":{"start":{"line":122,"column":0},"end":{"line":128,"column":3}},"62":{"start":{"line":123,"column":2},"end":{"line":123,"column":58}},"63":{"start":{"line":124,"column":2},"end":{"line":127,"column":5}},"64":{"start":{"line":125,"column":4},"end":{"line":125,"column":41}},"65":{"start":{"line":126,"column":4},"end":{"line":126,"column":20}},"66":{"start":{"line":130,"column":0},"end":{"line":130,"column":22}}},"fnMap":{"0":{"name":"(anonymous_8)","decl":{"start":{"line":34,"column":21},"end":{"line":34,"column":30}},"loc":{"start":{"line":34,"column":32},"end":{"line":61,"column":2}}},"1":{"name":"(anonymous_9)","decl":{"start":{"line":34,"column":32},"end":{"line":34,"column":null}},"loc":{"start":{"line":34,"column":32},"end":{"line":61,"column":1}}},"2":{"name":"(anonymous_10)","decl":{"start":{"line":68,"column":26},"end":{"line":68,"column":27}},"loc":{"start":{"line":68,"column":58},"end":{"line":71,"column":1}}},"3":{"name":"(anonymous_11)","decl":{"start":{"line":74,"column":13},"end":{"line":74,"column":14}},"loc":{"start":{"line":74,"column":45},"end":{"line":76,"column":1}}},"4":{"name":"(anonymous_12)","decl":{"start":{"line":79,"column":8},"end":{"line":79,"column":9}},"loc":{"start":{"line":79,"column":40},"end":{"line":84,"column":1}}},"5":{"name":"(anonymous_13)","decl":{"start":{"line":87,"column":8},"end":{"line":87,"column":9}},"loc":{"start":{"line":87,"column":61},"end":{"line":102,"column":1}}},"6":{"name":"(anonymous_14)","decl":{"start":{"line":111,"column":20},"end":{"line":111,"column":29}},"loc":{"start":{"line":111,"column":31},"end":{"line":119,"column":2}}},"7":{"name":"(anonymous_15)","decl":{"start":{"line":111,"column":31},"end":{"line":111,"column":null}},"loc":{"start":{"line":111,"column":31},"end":{"line":119,"column":1}}},"8":{"name":"(anonymous_16)","decl":{"start":{"line":122,"column":22},"end":{"line":122,"column":25}},"loc":{"start":{"line":122,"column":27},"end":{"line":128,"column":1}}},"9":{"name":"(anonymous_17)","decl":{"start":{"line":124,"column":15},"end":{"line":124,"column":18}},"loc":{"start":{"line":124,"column":20},"end":{"line":127,"column":3}}}},"branchMap":{"0":{"loc":{"start":{"line":57,"column":25},"end":{"line":57,"column":79}},"type":"cond-expr","locations":[{"start":{"line":57,"column":50},"end":{"line":57,"column":63}},{"start":{"line":57,"column":66},"end":{"line":57,"column":79}}]},"1":{"loc":{"start":{"line":89,"column":11},"end":{"line":89,"column":43}},"type":"binary-expr","locations":[{"start":{"line":89,"column":11},"end":{"line":89,"column":22}},{"start":{"line":89,"column":26},"end":{"line":89,"column":43}}]},"2":{"loc":{"start":{"line":95,"column":21},"end":{"line":95,"column":42}},"type":"binary-expr","locations":[{"start":{"line":95,"column":21},"end":{"line":95,"column":35}},{"start":{"line":95,"column":39},"end":{"line":95,"column":42}}]},"3":{"loc":{"start":{"line":96,"column":23},"end":{"line":96,"column":53}},"type":"binary-expr","locations":[{"start":{"line":96,"column":23},"end":{"line":96,"column":34}},{"start":{"line":96,"column":38},"end":{"line":96,"column":53}}]}},"s":{"0":1,"1":1,"2":1,"3":1,"4":1,"5":1,"6":1,"7":1,"8":1,"9":1,"10":1,"11":1,"12":1,"13":1,"14":1,"15":1,"16":1,"17":1,"18":1,"19":1,"20":1,"21":1,"22":1,"23":1,"24":1,"25":1,"26":1,"27":1,"28":1,"29":1,"30":1,"31":1,"32":1,"33":1,"34":1,"35":1,"36":1,"37":0,"38":0,"39":0,"40":1,"41":1,"42":1,"43":0,"44":0,"45":1,"46":0,"47":1,"48":0,"49":1,"50":0,"51":0,"52":0,"53":0,"54":1,"55":1,"56":1,"57":1,"58":1,"59":1,"60":1,"61":1,"62":0,"63":0,"64":0,"65":0,"66":1},"f":{"0":1,"1":1,"2":0,"3":0,"4":0,"5":0,"6":1,"7":1,"8":0,"9":0},"b":{"0":[0,0],"1":[0,0],"2":[0,0],"3":[0,0]}}
,"C:\\Users\\gokha\\Desktop\\Desktop\\Projeler\\cases\\patrion_backend_case\\src\\socket.ts": {"path":"C:\\Users\\gokha\\Desktop\\Desktop\\Projeler\\cases\\patrion_backend_case\\src\\socket.ts","statementMap":{"0":{"start":{"line":2,"column":0},"end":{"line":2,"column":35}},"1":{"start":{"line":3,"column":0},"end":{"line":3,"column":67}},"2":{"start":{"line":4,"column":0},"end":{"line":4,"column":51}},"3":{"start":{"line":5,"column":0},"end":{"line":5,"column":40}},"4":{"start":{"line":7,"column":24},"end":{"line":7,"column":28}},"5":{"start":{"line":63,"column":9},"end":{"line":63,"column":11}},"6":{"start":{"line":9,"column":28},"end":{"line":61,"column":1}},"7":{"start":{"line":10,"column":2},"end":{"line":15,"column":5}},"8":{"start":{"line":18,"column":2},"end":{"line":18,"column":29}},"9":{"start":{"line":20,"column":2},"end":{"line":58,"column":5}},"10":{"start":{"line":20,"column":39},"end":{"line":58,"column":4}},"11":{"start":{"line":21,"column":4},"end":{"line":57,"column":5}},"12":{"start":{"line":22,"column":21},"end":{"line":22,"column":41}},"13":{"start":{"line":23,"column":23},"end":{"line":23,"column":49}},"14":{"start":{"line":25,"column":6},"end":{"line":25,"column":65}},"15":{"start":{"line":28,"column":6},"end":{"line":38,"column":7}},"16":{"start":{"line":29,"column":8},"end":{"line":37,"column":11}},"17":{"start":{"line":41,"column":6},"end":{"line":44,"column":9}},"18":{"start":{"line":42,"column":8},"end":{"line":42,"column":44}},"19":{"start":{"line":43,"column":8},"end":{"line":43,"column":84}},"20":{"start":{"line":46,"column":6},"end":{"line":49,"column":9}},"21":{"start":{"line":47,"column":8},"end":{"line":47,"column":42}},"22":{"start":{"line":48,"column":8},"end":{"line":48,"column":82}},"23":{"start":{"line":52,"column":6},"end":{"line":54,"column":9}},"24":{"start":{"line":53,"column":8},"end":{"line":53,"column":66}},"25":{"start":{"line":56,"column":6},"end":{"line":56,"column":110}},"26":{"start":{"line":60,"column":2},"end":{"line":60,"column":12}},"27":{"start":{"line":9,"column":13},"end":{"line":9,"column":28}}},"fnMap":{"0":{"name":"(anonymous_7)","decl":{"start":{"line":9,"column":28},"end":{"line":9,"column":29}},"loc":{"start":{"line":9,"column":60},"end":{"line":61,"column":1}}},"1":{"name":"(anonymous_8)","decl":{"start":{"line":20,"column":22},"end":{"line":20,"column":29}},"loc":{"start":{"line":20,"column":39},"end":{"line":58,"column":4}}},"2":{"name":"(anonymous_9)","decl":{"start":{"line":20,"column":39},"end":{"line":20,"column":null}},"loc":{"start":{"line":20,"column":39},"end":{"line":58,"column":3}}},"3":{"name":"(anonymous_10)","decl":{"start":{"line":41,"column":32},"end":{"line":41,"column":33}},"loc":{"start":{"line":41,"column":46},"end":{"line":44,"column":7}}},"4":{"name":"(anonymous_11)","decl":{"start":{"line":46,"column":31},"end":{"line":46,"column":32}},"loc":{"start":{"line":46,"column":44},"end":{"line":49,"column":7}}},"5":{"name":"(anonymous_12)","decl":{"start":{"line":52,"column":30},"end":{"line":52,"column":33}},"loc":{"start":{"line":52,"column":35},"end":{"line":54,"column":7}}}},"branchMap":{"0":{"loc":{"start":{"line":22,"column":21},"end":{"line":22,"column":41}},"type":"cond-expr","locations":[{"start":{"line":22,"column":37},"end":{"line":22,"column":39}},{"start":{"line":22,"column":37},"end":{"line":22,"column":41}}]},"1":{"loc":{"start":{"line":22,"column":21},"end":{"line":22,"column":39}},"type":"binary-expr","locations":[{"start":{"line":22,"column":21},"end":{"line":22,"column":39}},{"start":{"line":22,"column":37},"end":{"line":22,"column":39}}]},"2":{"loc":{"start":{"line":23,"column":23},"end":{"line":23,"column":49}},"type":"cond-expr","locations":[{"start":{"line":23,"column":39},"end":{"line":23,"column":41}},{"start":{"line":23,"column":39},"end":{"line":23,"column":49}}]},"3":{"loc":{"start":{"line":23,"column":23},"end":{"line":23,"column":41}},"type":"binary-expr","locations":[{"start":{"line":23,"column":23},"end":{"line":23,"column":41}},{"start":{"line":23,"column":39},"end":{"line":23,"column":41}}]},"4":{"loc":{"start":{"line":28,"column":6},"end":{"line":38,"column":7}},"type":"if","locations":[{"start":{"line":28,"column":6},"end":{"line":38,"column":7}}]},"5":{"loc":{"start":{"line":56,"column":50},"end":{"line":56,"column":108}},"type":"cond-expr","locations":[{"start":{"line":56,"column":75},"end":{"line":56,"column":88}},{"start":{"line":56,"column":91},"end":{"line":56,"column":108}}]}},"s":{"0":1,"1":1,"2":1,"3":1,"4":1,"5":1,"6":1,"7":1,"8":1,"9":1,"10":0,"11":0,"12":0,"13":0,"14":0,"15":0,"16":0,"17":0,"18":0,"19":0,"20":0,"21":0,"22":0,"23":0,"24":0,"25":0,"26":1,"27":1},"f":{"0":1,"1":0,"2":0,"3":0,"4":0,"5":0},"b":{"0":[0,0],"1":[0,0],"2":[0,0],"3":[0,0],"4":[0],"5":[0,0]}}
,"C:\\Users\\gokha\\Desktop\\Desktop\\Projeler\\cases\\patrion_backend_case\\src\\config\\config.ts": {"path":"C:\\Users\\gokha\\Desktop\\Desktop\\Projeler\\cases\\patrion_backend_case\\src\\config\\config.ts","statementMap":{"0":{"start":{"line":1,"column":0},"end":{"line":1,"column":28}},"1":{"start":{"line":4,"column":0},"end":{"line":4,"column":16}},"2":{"start":{"line":6,"column":15},"end":{"line":36,"column":2}},"3":{"start":{"line":38,"column":0},"end":{"line":38,"column":22}}},"fnMap":{},"branchMap":{"0":{"loc":{"start":{"line":7,"column":8},"end":{"line":7,"column":32}},"type":"binary-expr","locations":[{"start":{"line":7,"column":8},"end":{"line":7,"column":24}},{"start":{"line":7,"column":28},"end":{"line":7,"column":32}}]},"1":{"loc":{"start":{"line":8,"column":11},"end":{"line":8,"column":48}},"type":"binary-expr","locations":[{"start":{"line":8,"column":11},"end":{"line":8,"column":31}},{"start":{"line":8,"column":35},"end":{"line":8,"column":48}}]},"2":{"loc":{"start":{"line":11,"column":10},"end":{"line":11,"column":44}},"type":"binary-expr","locations":[{"start":{"line":11,"column":10},"end":{"line":11,"column":29}},{"start":{"line":11,"column":33},"end":{"line":11,"column":44}}]},"3":{"loc":{"start":{"line":12,"column":19},"end":{"line":12,"column":48}},"type":"binary-expr","locations":[{"start":{"line":12,"column":19},"end":{"line":12,"column":38}},{"start":{"line":12,"column":42},"end":{"line":12,"column":48}}]},"4":{"loc":{"start":{"line":13,"column":10},"end":{"line":13,"column":43}},"type":"binary-expr","locations":[{"start":{"line":13,"column":10},"end":{"line":13,"column":29}},{"start":{"line":13,"column":33},"end":{"line":13,"column":43}}]},"5":{"loc":{"start":{"line":14,"column":14},"end":{"line":14,"column":47}},"type":"binary-expr","locations":[{"start":{"line":14,"column":14},"end":{"line":14,"column":37}},{"start":{"line":14,"column":41},"end":{"line":14,"column":47}}]},"6":{"loc":{"start":{"line":15,"column":14},"end":{"line":15,"column":51}},"type":"binary-expr","locations":[{"start":{"line":15,"column":14},"end":{"line":15,"column":33}},{"start":{"line":15,"column":37},"end":{"line":15,"column":51}}]},"7":{"loc":{"start":{"line":19,"column":12},"end":{"line":19,"column":62}},"type":"binary-expr","locations":[{"start":{"line":19,"column":12},"end":{"line":19,"column":34}},{"start":{"line":19,"column":38},"end":{"line":19,"column":62}}]},"8":{"loc":{"start":{"line":20,"column":15},"end":{"line":20,"column":49}},"type":"binary-expr","locations":[{"start":{"line":20,"column":15},"end":{"line":20,"column":41}},{"start":{"line":20,"column":45},"end":{"line":20,"column":49}}]},"9":{"loc":{"start":{"line":24,"column":12},"end":{"line":24,"column":62}},"type":"binary-expr","locations":[{"start":{"line":24,"column":12},"end":{"line":24,"column":35}},{"start":{"line":24,"column":39},"end":{"line":24,"column":62}}]},"10":{"loc":{"start":{"line":25,"column":14},"end":{"line":25,"column":45}},"type":"binary-expr","locations":[{"start":{"line":25,"column":14},"end":{"line":25,"column":39}},{"start":{"line":25,"column":43},"end":{"line":25,"column":45}}]},"11":{"loc":{"start":{"line":26,"column":14},"end":{"line":26,"column":45}},"type":"binary-expr","locations":[{"start":{"line":26,"column":14},"end":{"line":26,"column":39}},{"start":{"line":26,"column":43},"end":{"line":26,"column":45}}]},"12":{"loc":{"start":{"line":27,"column":14},"end":{"line":27,"column":68}},"type":"binary-expr","locations":[{"start":{"line":27,"column":14},"end":{"line":27,"column":40}},{"start":{"line":27,"column":44},"end":{"line":27,"column":68}}]},"13":{"loc":{"start":{"line":31,"column":9},"end":{"line":31,"column":58}},"type":"binary-expr","locations":[{"start":{"line":31,"column":9},"end":{"line":31,"column":31}},{"start":{"line":31,"column":35},"end":{"line":31,"column":58}}]},"14":{"loc":{"start":{"line":32,"column":11},"end":{"line":32,"column":49}},"type":"binary-expr","locations":[{"start":{"line":32,"column":11},"end":{"line":32,"column":35}},{"start":{"line":32,"column":39},"end":{"line":32,"column":49}}]},"15":{"loc":{"start":{"line":33,"column":9},"end":{"line":33,"column":43}},"type":"binary-expr","locations":[{"start":{"line":33,"column":9},"end":{"line":33,"column":31}},{"start":{"line":33,"column":35},"end":{"line":33,"column":43}}]},"16":{"loc":{"start":{"line":34,"column":12},"end":{"line":34,"column":54}},"type":"binary-expr","locations":[{"start":{"line":34,"column":12},"end":{"line":34,"column":37}},{"start":{"line":34,"column":41},"end":{"line":34,"column":54}}]}},"s":{"0":1,"1":1,"2":1,"3":1},"f":{},"b":{"0":[1,0],"1":[1,0],"2":[1,0],"3":[1,0],"4":[1,0],"5":[1,0],"6":[1,0],"7":[1,0],"8":[1,0],"9":[1,0],"10":[1,1],"11":[1,1],"12":[1,0],"13":[1,0],"14":[1,0],"15":[1,0],"16":[1,0]}}
,"C:\\Users\\gokha\\Desktop\\Desktop\\Projeler\\cases\\patrion_backend_case\\src\\config\\database.ts": {"path":"C:\\Users\\gokha\\Desktop\\Desktop\\Projeler\\cases\\patrion_backend_case\\src\\config\\database.ts","statementMap":{"0":{"start":{"line":1,"column":0},"end":{"line":1,"column":51}},"1":{"start":{"line":2,"column":0},"end":{"line":2,"column":30}},"2":{"start":{"line":4,"column":13},"end":{"line":11,"column":2}},"3":{"start":{"line":14,"column":0},"end":{"line":28,"column":3}},"4":{"start":{"line":15,"column":2},"end":{"line":17,"column":3}},"5":{"start":{"line":16,"column":4},"end":{"line":16,"column":79}},"6":{"start":{"line":19,"column":2},"end":{"line":27,"column":3}},"7":{"start":{"line":20,"column":4},"end":{"line":26,"column":7}},"8":{"start":{"line":21,"column":6},"end":{"line":21,"column":13}},"9":{"start":{"line":22,"column":6},"end":{"line":24,"column":7}},"10":{"start":{"line":23,"column":8},"end":{"line":23,"column":80}},"11":{"start":{"line":25,"column":6},"end":{"line":25,"column":69}},"12":{"start":{"line":30,"column":0},"end":{"line":30,"column":20}}},"fnMap":{"0":{"name":"(anonymous_1)","decl":{"start":{"line":14,"column":13},"end":{"line":14,"column":14}},"loc":{"start":{"line":14,"column":103},"end":{"line":28,"column":1}}},"1":{"name":"(anonymous_2)","decl":{"start":{"line":20,"column":33},"end":{"line":20,"column":34}},"loc":{"start":{"line":20,"column":76},"end":{"line":26,"column":5}}}},"branchMap":{"0":{"loc":{"start":{"line":15,"column":2},"end":{"line":17,"column":3}},"type":"if","locations":[{"start":{"line":15,"column":2},"end":{"line":17,"column":3}}]},"1":{"loc":{"start":{"line":19,"column":2},"end":{"line":27,"column":3}},"type":"if","locations":[{"start":{"line":19,"column":2},"end":{"line":27,"column":3}}]},"2":{"loc":{"start":{"line":22,"column":6},"end":{"line":24,"column":7}},"type":"if","locations":[{"start":{"line":22,"column":6},"end":{"line":24,"column":7}}]}},"s":{"0":0,"1":0,"2":0,"3":0,"4":0,"5":0,"6":0,"7":0,"8":0,"9":0,"10":0,"11":0,"12":0},"f":{"0":0,"1":0},"b":{"0":[0],"1":[0],"2":[0]}}
,"C:\\Users\\gokha\\Desktop\\Desktop\\Projeler\\cases\\patrion_backend_case\\src\\config\\influxdb.ts": {"path":"C:\\Users\\gokha\\Desktop\\Desktop\\Projeler\\cases\\patrion_backend_case\\src\\config\\influxdb.ts","statementMap":{"0":{"start":{"line":1,"column":0},"end":{"line":1,"column":19}},"1":{"start":{"line":20,"column":45},"end":{"line":1,"column":62}},"2":{"start":{"line":2,"column":0},"end":{"line":2,"column":30}},"3":{"start":{"line":5,"column":17},"end":{"line":8,"column":2}},"4":{"start":{"line":20,"column":9},"end":{"line":20,"column":17}},"5":{"start":{"line":11,"column":20},"end":{"line":14,"column":null}},"6":{"start":{"line":20,"column":19},"end":{"line":20,"column":30}},"7":{"start":{"line":18,"column":20},"end":{"line":18,"column":61}},"8":{"start":{"line":20,"column":32},"end":{"line":20,"column":43}}},"fnMap":{"0":{"name":"(anonymous_1)","decl":{"start":{"line":20,"column":45},"end":{"line":20,"column":50}},"loc":{"start":{"line":20,"column":45},"end":{"line":1,"column":62}}}},"branchMap":{},"s":{"0":0,"1":0,"2":0,"3":0,"4":0,"5":0,"6":0,"7":0,"8":0},"f":{"0":0},"b":{}}
,"C:\\Users\\gokha\\Desktop\\Desktop\\Projeler\\cases\\patrion_backend_case\\src\\controllers\\auth.controller.ts": {"path":"C:\\Users\\gokha\\Desktop\\Desktop\\Projeler\\cases\\patrion_backend_case\\src\\controllers\\auth.controller.ts","statementMap":{"0":{"start":{"line":2,"column":0},"end":{"line":2,"column":56}},"1":{"start":{"line":66,"column":24},"end":{"line":93,"column":2}},"2":{"start":{"line":66,"column":77},"end":{"line":93,"column":2}},"3":{"start":{"line":67,"column":2},"end":{"line":92,"column":3}},"4":{"start":{"line":68,"column":21},"end":{"line":68,"column":29}},"5":{"start":{"line":69,"column":20},"end":{"line":69,"column":56}},"6":{"start":{"line":71,"column":4},"end":{"line":75,"column":7}},"7":{"start":{"line":77,"column":25},"end":{"line":77,"column":106}},"8":{"start":{"line":80,"column":4},"end":{"line":86,"column":5}},"9":{"start":{"line":81,"column":6},"end":{"line":84,"column":9}},"10":{"start":{"line":85,"column":6},"end":{"line":85,"column":13}},"11":{"start":{"line":88,"column":4},"end":{"line":91,"column":7}},"12":{"start":{"line":66,"column":13},"end":{"line":66,"column":24}},"13":{"start":{"line":144,"column":21},"end":{"line":161,"column":2}},"14":{"start":{"line":144,"column":74},"end":{"line":161,"column":2}},"15":{"start":{"line":145,"column":2},"end":{"line":160,"column":3}},"16":{"start":{"line":146,"column":24},"end":{"line":146,"column":32}},"17":{"start":{"line":147,"column":17},"end":{"line":147,"column":53}},"18":{"start":{"line":149,"column":4},"end":{"line":153,"column":7}},"19":{"start":{"line":155,"column":25},"end":{"line":155,"column":84}},"20":{"start":{"line":156,"column":4},"end":{"line":159,"column":7}},"21":{"start":{"line":144,"column":13},"end":{"line":144,"column":21}}},"fnMap":{"0":{"name":"(anonymous_16)","decl":{"start":{"line":66,"column":24},"end":{"line":66,"column":31}},"loc":{"start":{"line":66,"column":77},"end":{"line":93,"column":2}}},"1":{"name":"(anonymous_17)","decl":{"start":{"line":66,"column":77},"end":{"line":66,"column":null}},"loc":{"start":{"line":66,"column":77},"end":{"line":93,"column":1}}},"2":{"name":"(anonymous_18)","decl":{"start":{"line":144,"column":21},"end":{"line":144,"column":28}},"loc":{"start":{"line":144,"column":74},"end":{"line":161,"column":2}}},"3":{"name":"(anonymous_19)","decl":{"start":{"line":144,"column":74},"end":{"line":144,"column":null}},"loc":{"start":{"line":144,"column":74},"end":{"line":161,"column":1}}}},"branchMap":{"0":{"loc":{"start":{"line":77,"column":25},"end":{"line":77,"column":106}},"type":"cond-expr","locations":[{"start":{"line":77,"column":50},"end":{"line":77,"column":63}},{"start":{"line":77,"column":66},"end":{"line":77,"column":106}}]},"1":{"loc":{"start":{"line":80,"column":4},"end":{"line":86,"column":5}},"type":"if","locations":[{"start":{"line":80,"column":4},"end":{"line":86,"column":5}}]},"2":{"loc":{"start":{"line":155,"column":25},"end":{"line":155,"column":84}},"type":"cond-expr","locations":[{"start":{"line":155,"column":50},"end":{"line":155,"column":63}},{"start":{"line":155,"column":66},"end":{"line":155,"column":84}}]}},"s":{"0":1,"1":1,"2":1,"3":1,"4":1,"5":1,"6":0,"7":1,"8":1,"9":1,"10":1,"11":0,"12":1,"13":1,"14":2,"15":2,"16":2,"17":2,"18":1,"19":1,"20":1,"21":1},"f":{"0":1,"1":1,"2":2,"3":2},"b":{"0":[1,0],"1":[1],"2":[1,0]}}
,"C:\\Users\\gokha\\Desktop\\Desktop\\Projeler\\cases\\patrion_backend_case\\src\\controllers\\log.controller.ts": {"path":"C:\\Users\\gokha\\Desktop\\Desktop\\Projeler\\cases\\patrion_backend_case\\src\\controllers\\log.controller.ts","statementMap":{"0":{"start":{"line":2,"column":0},"end":{"line":2,"column":111}},"1":{"start":{"line":3,"column":0},"end":{"line":3,"column":41}},"2":{"start":{"line":4,"column":0},"end":{"line":4,"column":41}},"3":{"start":{"line":5,"column":0},"end":{"line":5,"column":38}},"4":{"start":{"line":14,"column":27},"end":{"line":56,"column":2}},"5":{"start":{"line":14,"column":84},"end":{"line":56,"column":2}},"6":{"start":{"line":15,"column":2},"end":{"line":55,"column":3}},"7":{"start":{"line":17,"column":19},"end":{"line":17,"column":71}},"8":{"start":{"line":18,"column":21},"end":{"line":18,"column":35}},"9":{"start":{"line":21,"column":4},"end":{"line":33,"column":5}},"10":{"start":{"line":23,"column":6},"end":{"line":32,"column":7}},"11":{"start":{"line":27,"column":8},"end":{"line":30,"column":11}},"12":{"start":{"line":31,"column":8},"end":{"line":31,"column":15}},"13":{"start":{"line":36,"column":4},"end":{"line":41,"column":7}},"14":{"start":{"line":43,"column":17},"end":{"line":43,"column":50}},"15":{"start":{"line":45,"column":4},"end":{"line":49,"column":7}},"16":{"start":{"line":51,"column":4},"end":{"line":54,"column":7}},"17":{"start":{"line":14,"column":13},"end":{"line":14,"column":27}},"18":{"start":{"line":61,"column":31},"end":{"line":86,"column":2}},"19":{"start":{"line":61,"column":88},"end":{"line":86,"column":2}},"20":{"start":{"line":62,"column":2},"end":{"line":85,"column":3}},"21":{"start":{"line":63,"column":23},"end":{"line":63,"column":33}},"22":{"start":{"line":66,"column":4},"end":{"line":71,"column":7}},"23":{"start":{"line":73,"column":17},"end":{"line":73,"column":50}},"24":{"start":{"line":75,"column":4},"end":{"line":79,"column":7}},"25":{"start":{"line":81,"column":4},"end":{"line":84,"column":7}},"26":{"start":{"line":61,"column":13},"end":{"line":61,"column":31}},"27":{"start":{"line":91,"column":32},"end":{"line":115,"column":2}},"28":{"start":{"line":91,"column":89},"end":{"line":115,"column":2}},"29":{"start":{"line":92,"column":2},"end":{"line":114,"column":3}},"30":{"start":{"line":93,"column":17},"end":{"line":93,"column":76}},"31":{"start":{"line":96,"column":4},"end":{"line":101,"column":7}},"32":{"start":{"line":103,"column":22},"end":{"line":103,"column":49}},"33":{"start":{"line":105,"column":4},"end":{"line":108,"column":7}},"34":{"start":{"line":110,"column":4},"end":{"line":113,"column":7}},"35":{"start":{"line":91,"column":13},"end":{"line":91,"column":32}},"36":{"start":{"line":120,"column":36},"end":{"line":160,"column":2}},"37":{"start":{"line":120,"column":93},"end":{"line":160,"column":2}},"38":{"start":{"line":121,"column":2},"end":{"line":159,"column":3}},"39":{"start":{"line":122,"column":19},"end":{"line":122,"column":71}},"40":{"start":{"line":127,"column":18},"end":{"line":138,"column":6}},"41":{"start":{"line":140,"column":21},"end":{"line":140,"column":54}},"42":{"start":{"line":143,"column":4},"end":{"line":148,"column":7}},"43":{"start":{"line":150,"column":4},"end":{"line":153,"column":7}},"44":{"start":{"line":155,"column":4},"end":{"line":158,"column":7}},"45":{"start":{"line":120,"column":13},"end":{"line":120,"column":36}}},"fnMap":{"0":{"name":"(anonymous_8)","decl":{"start":{"line":14,"column":27},"end":{"line":14,"column":34}},"loc":{"start":{"line":14,"column":84},"end":{"line":56,"column":2}}},"1":{"name":"(anonymous_9)","decl":{"start":{"line":14,"column":84},"end":{"line":14,"column":null}},"loc":{"start":{"line":14,"column":84},"end":{"line":56,"column":1}}},"2":{"name":"(anonymous_10)","decl":{"start":{"line":61,"column":31},"end":{"line":61,"column":38}},"loc":{"start":{"line":61,"column":88},"end":{"line":86,"column":2}}},"3":{"name":"(anonymous_11)","decl":{"start":{"line":61,"column":88},"end":{"line":61,"column":null}},"loc":{"start":{"line":61,"column":88},"end":{"line":86,"column":1}}},"4":{"name":"(anonymous_12)","decl":{"start":{"line":91,"column":32},"end":{"line":91,"column":39}},"loc":{"start":{"line":91,"column":89},"end":{"line":115,"column":2}}},"5":{"name":"(anonymous_13)","decl":{"start":{"line":91,"column":89},"end":{"line":91,"column":null}},"loc":{"start":{"line":91,"column":89},"end":{"line":115,"column":1}}},"6":{"name":"(anonymous_14)","decl":{"start":{"line":120,"column":36},"end":{"line":120,"column":43}},"loc":{"start":{"line":120,"column":93},"end":{"line":160,"column":2}}},"7":{"name":"(anonymous_15)","decl":{"start":{"line":120,"column":93},"end":{"line":120,"column":null}},"loc":{"start":{"line":120,"column":93},"end":{"line":160,"column":1}}}},"branchMap":{"0":{"loc":{"start":{"line":17,"column":19},"end":{"line":17,"column":71}},"type":"binary-expr","locations":[{"start":{"line":17,"column":19},"end":{"line":17,"column":50}},{"start":{"line":17,"column":54},"end":{"line":17,"column":66}},{"start":{"line":17,"column":70},"end":{"line":17,"column":71}}]},"1":{"loc":{"start":{"line":17,"column":54},"end":{"line":17,"column":66}},"type":"cond-expr","locations":[{"start":{"line":17,"column":62},"end":{"line":17,"column":64}},{"start":{"line":17,"column":62},"end":{"line":17,"column":66}}]},"2":{"loc":{"start":{"line":17,"column":54},"end":{"line":17,"column":64}},"type":"binary-expr","locations":[{"start":{"line":17,"column":54},"end":{"line":17,"column":64}},{"start":{"line":17,"column":62},"end":{"line":17,"column":64}}]},"3":{"loc":{"start":{"line":18,"column":21},"end":{"line":18,"column":35}},"type":"cond-expr","locations":[{"start":{"line":18,"column":29},"end":{"line":18,"column":31}},{"start":{"line":18,"column":29},"end":{"line":18,"column":35}}]},"4":{"loc":{"start":{"line":18,"column":21},"end":{"line":18,"column":31}},"type":"binary-expr","locations":[{"start":{"line":18,"column":21},"end":{"line":18,"column":31}},{"start":{"line":18,"column":29},"end":{"line":18,"column":31}}]},"5":{"loc":{"start":{"line":21,"column":4},"end":{"line":33,"column":5}},"type":"if","locations":[{"start":{"line":21,"column":4},"end":{"line":33,"column":5}}]},"6":{"loc":{"start":{"line":21,"column":8},"end":{"line":21,"column":69}},"type":"binary-expr","locations":[{"start":{"line":21,"column":8},"end":{"line":21,"column":42}},{"start":{"line":21,"column":46},"end":{"line":21,"column":69}}]},"7":{"loc":{"start":{"line":21,"column":46},"end":{"line":21,"column":58}},"type":"cond-expr","locations":[{"start":{"line":21,"column":54},"end":{"line":21,"column":56}},{"start":{"line":21,"column":54},"end":{"line":21,"column":58}}]},"8":{"loc":{"start":{"line":21,"column":46},"end":{"line":21,"column":56}},"type":"binary-expr","locations":[{"start":{"line":21,"column":46},"end":{"line":21,"column":56}},{"start":{"line":21,"column":54},"end":{"line":21,"column":56}}]},"9":{"loc":{"start":{"line":23,"column":6},"end":{"line":32,"column":7}},"type":"if","locations":[{"start":{"line":23,"column":6},"end":{"line":32,"column":7}},{"start":{"line":26,"column":13},"end":{"line":32,"column":7}}]},"10":{"loc":{"start":{"line":37,"column":15},"end":{"line":37,"column":32}},"type":"binary-expr","locations":[{"start":{"line":37,"column":15},"end":{"line":37,"column":27}},{"start":{"line":37,"column":31},"end":{"line":37,"column":32}}]},"11":{"loc":{"start":{"line":37,"column":15},"end":{"line":37,"column":27}},"type":"cond-expr","locations":[{"start":{"line":37,"column":23},"end":{"line":37,"column":25}},{"start":{"line":37,"column":23},"end":{"line":37,"column":27}}]},"12":{"loc":{"start":{"line":37,"column":15},"end":{"line":37,"column":25}},"type":"binary-expr","locations":[{"start":{"line":37,"column":15},"end":{"line":37,"column":25}},{"start":{"line":37,"column":23},"end":{"line":37,"column":25}}]},"13":{"loc":{"start":{"line":53,"column":15},"end":{"line":53,"column":93}},"type":"cond-expr","locations":[{"start":{"line":53,"column":40},"end":{"line":53,"column":53}},{"start":{"line":53,"column":56},"end":{"line":53,"column":93}}]},"14":{"loc":{"start":{"line":67,"column":15},"end":{"line":67,"column":32}},"type":"binary-expr","locations":[{"start":{"line":67,"column":15},"end":{"line":67,"column":27}},{"start":{"line":67,"column":31},"end":{"line":67,"column":32}}]},"15":{"loc":{"start":{"line":67,"column":15},"end":{"line":67,"column":27}},"type":"cond-expr","locations":[{"start":{"line":67,"column":23},"end":{"line":67,"column":25}},{"start":{"line":67,"column":23},"end":{"line":67,"column":27}}]},"16":{"loc":{"start":{"line":67,"column":15},"end":{"line":67,"column":25}},"type":"binary-expr","locations":[{"start":{"line":67,"column":15},"end":{"line":67,"column":25}},{"start":{"line":67,"column":23},"end":{"line":67,"column":25}}]},"17":{"loc":{"start":{"line":83,"column":15},"end":{"line":83,"column":93}},"type":"cond-expr","locations":[{"start":{"line":83,"column":40},"end":{"line":83,"column":53}},{"start":{"line":83,"column":56},"end":{"line":83,"column":93}}]},"18":{"loc":{"start":{"line":93,"column":17},"end":{"line":93,"column":76}},"type":"cond-expr","locations":[{"start":{"line":93,"column":34},"end":{"line":93,"column":72}},{"start":{"line":93,"column":75},"end":{"line":93,"column":76}}]},"19":{"loc":{"start":{"line":97,"column":15},"end":{"line":97,"column":32}},"type":"binary-expr","locations":[{"start":{"line":97,"column":15},"end":{"line":97,"column":27}},{"start":{"line":97,"column":31},"end":{"line":97,"column":32}}]},"20":{"loc":{"start":{"line":97,"column":15},"end":{"line":97,"column":27}},"type":"cond-expr","locations":[{"start":{"line":97,"column":23},"end":{"line":97,"column":25}},{"start":{"line":97,"column":23},"end":{"line":97,"column":27}}]},"21":{"loc":{"start":{"line":97,"column":15},"end":{"line":97,"column":25}},"type":"binary-expr","locations":[{"start":{"line":97,"column":15},"end":{"line":97,"column":25}},{"start":{"line":97,"column":23},"end":{"line":97,"column":25}}]},"22":{"loc":{"start":{"line":112,"column":15},"end":{"line":112,"column":91}},"type":"cond-expr","locations":[{"start":{"line":112,"column":40},"end":{"line":112,"column":53}},{"start":{"line":112,"column":56},"end":{"line":112,"column":91}}]},"23":{"loc":{"start":{"line":122,"column":19},"end":{"line":122,"column":71}},"type":"binary-expr","locations":[{"start":{"line":122,"column":19},"end":{"line":122,"column":50}},{"start":{"line":122,"column":54},"end":{"line":122,"column":66}},{"start":{"line":122,"column":70},"end":{"line":122,"column":71}}]},"24":{"loc":{"start":{"line":122,"column":54},"end":{"line":122,"column":66}},"type":"cond-expr","locations":[{"start":{"line":122,"column":62},"end":{"line":122,"column":64}},{"start":{"line":122,"column":62},"end":{"line":122,"column":66}}]},"25":{"loc":{"start":{"line":122,"column":54},"end":{"line":122,"column":64}},"type":"binary-expr","locations":[{"start":{"line":122,"column":54},"end":{"line":122,"column":64}},{"start":{"line":122,"column":62},"end":{"line":122,"column":64}}]},"26":{"loc":{"start":{"line":144,"column":15},"end":{"line":144,"column":32}},"type":"binary-expr","locations":[{"start":{"line":144,"column":15},"end":{"line":144,"column":27}},{"start":{"line":144,"column":31},"end":{"line":144,"column":32}}]},"27":{"loc":{"start":{"line":144,"column":15},"end":{"line":144,"column":27}},"type":"cond-expr","locations":[{"start":{"line":144,"column":23},"end":{"line":144,"column":25}},{"start":{"line":144,"column":23},"end":{"line":144,"column":27}}]},"28":{"loc":{"start":{"line":144,"column":15},"end":{"line":144,"column":25}},"type":"binary-expr","locations":[{"start":{"line":144,"column":15},"end":{"line":144,"column":25}},{"start":{"line":144,"column":23},"end":{"line":144,"column":25}}]},"29":{"loc":{"start":{"line":157,"column":15},"end":{"line":157,"column":113}},"type":"cond-expr","locations":[{"start":{"line":157,"column":40},"end":{"line":157,"column":53}},{"start":{"line":157,"column":56},"end":{"line":157,"column":113}}]}},"s":{"0":1,"1":1,"2":1,"3":1,"4":1,"5":0,"6":0,"7":0,"8":0,"9":0,"10":0,"11":0,"12":0,"13":0,"14":0,"15":0,"16":0,"17":1,"18":1,"19":0,"20":0,"21":0,"22":0,"23":0,"24":0,"25":0,"26":1,"27":1,"28":0,"29":0,"30":0,"31":0,"32":0,"33":0,"34":0,"35":1,"36":1,"37":0,"38":0,"39":0,"40":0,"41":0,"42":0,"43":0,"44":0,"45":1},"f":{"0":0,"1":0,"2":0,"3":0,"4":0,"5":0,"6":0,"7":0},"b":{"0":[0,0,0],"1":[0,0],"2":[0,0],"3":[0,0],"4":[0,0],"5":[0],"6":[0,0],"7":[0,0],"8":[0,0],"9":[0,0],"10":[0,0],"11":[0,0],"12":[0,0],"13":[0,0],"14":[0,0],"15":[0,0],"16":[0,0],"17":[0,0],"18":[0,0],"19":[0,0],"20":[0,0],"21":[0,0],"22":[0,0],"23":[0,0,0],"24":[0,0],"25":[0,0],"26":[0,0],"27":[0,0],"28":[0,0],"29":[0,0]}}
,"C:\\Users\\gokha\\Desktop\\Desktop\\Projeler\\cases\\patrion_backend_case\\src\\controllers\\user.controller.ts": {"path":"C:\\Users\\gokha\\Desktop\\Desktop\\Projeler\\cases\\patrion_backend_case\\src\\controllers\\user.controller.ts","statementMap":{"0":{"start":{"line":2,"column":0},"end":{"line":2,"column":50}},"1":{"start":{"line":4,"column":0},"end":{"line":4,"column":52}},"2":{"start":{"line":5,"column":0},"end":{"line":5,"column":41}},"3":{"start":{"line":10,"column":26},"end":{"line":53,"column":2}},"4":{"start":{"line":10,"column":83},"end":{"line":53,"column":2}},"5":{"start":{"line":11,"column":2},"end":{"line":52,"column":3}},"6":{"start":{"line":12,"column":19},"end":{"line":12,"column":31}},"7":{"start":{"line":14,"column":4},"end":{"line":20,"column":5}},"8":{"start":{"line":15,"column":6},"end":{"line":18,"column":9}},"9":{"start":{"line":19,"column":6},"end":{"line":19,"column":13}},"10":{"start":{"line":22,"column":17},"end":{"line":22,"column":53}},"11":{"start":{"line":24,"column":4},"end":{"line":30,"column":5}},"12":{"start":{"line":25,"column":6},"end":{"line":28,"column":9}},"13":{"start":{"line":29,"column":6},"end":{"line":29,"column":13}},"14":{"start":{"line":33,"column":4},"end":{"line":38,"column":7}},"15":{"start":{"line":41,"column":49},"end":{"line":41,"column":53}},"16":{"start":{"line":41,"column":44},"end":{"line":41,"column":49}},"17":{"start":{"line":43,"column":4},"end":{"line":46,"column":7}},"18":{"start":{"line":48,"column":4},"end":{"line":51,"column":7}},"19":{"start":{"line":10,"column":13},"end":{"line":10,"column":26}},"20":{"start":{"line":58,"column":27},"end":{"line":83,"column":2}},"21":{"start":{"line":58,"column":84},"end":{"line":83,"column":2}},"22":{"start":{"line":59,"column":2},"end":{"line":82,"column":3}},"23":{"start":{"line":60,"column":18},"end":{"line":60,"column":47}},"24":{"start":{"line":63,"column":4},"end":{"line":70,"column":5}},"25":{"start":{"line":64,"column":6},"end":{"line":69,"column":9}},"26":{"start":{"line":72,"column":4},"end":{"line":76,"column":7}},"27":{"start":{"line":78,"column":4},"end":{"line":81,"column":7}},"28":{"start":{"line":58,"column":13},"end":{"line":58,"column":27}},"29":{"start":{"line":88,"column":27},"end":{"line":138,"column":2}},"30":{"start":{"line":88,"column":84},"end":{"line":138,"column":2}},"31":{"start":{"line":89,"column":2},"end":{"line":137,"column":3}},"32":{"start":{"line":90,"column":19},"end":{"line":90,"column":46}},"33":{"start":{"line":93,"column":4},"end":{"line":103,"column":5}},"34":{"start":{"line":94,"column":28},"end":{"line":94,"column":64}},"35":{"start":{"line":96,"column":6},"end":{"line":102,"column":7}},"36":{"start":{"line":97,"column":8},"end":{"line":100,"column":11}},"37":{"start":{"line":101,"column":8},"end":{"line":101,"column":15}},"38":{"start":{"line":105,"column":17},"end":{"line":105,"column":53}},"39":{"start":{"line":107,"column":4},"end":{"line":113,"column":5}},"40":{"start":{"line":108,"column":6},"end":{"line":111,"column":9}},"41":{"start":{"line":112,"column":6},"end":{"line":112,"column":13}},"42":{"start":{"line":116,"column":4},"end":{"line":123,"column":5}},"43":{"start":{"line":117,"column":6},"end":{"line":122,"column":9}},"44":{"start":{"line":126,"column":49},"end":{"line":126,"column":53}},"45":{"start":{"line":126,"column":44},"end":{"line":126,"column":49}},"46":{"start":{"line":128,"column":4},"end":{"line":131,"column":7}},"47":{"start":{"line":133,"column":4},"end":{"line":136,"column":7}},"48":{"start":{"line":88,"column":13},"end":{"line":88,"column":27}},"49":{"start":{"line":143,"column":26},"end":{"line":205,"column":2}},"50":{"start":{"line":143,"column":83},"end":{"line":205,"column":2}},"51":{"start":{"line":144,"column":2},"end":{"line":204,"column":3}},"52":{"start":{"line":145,"column":19},"end":{"line":145,"column":46}},"53":{"start":{"line":148,"column":4},"end":{"line":167,"column":5}},"54":{"start":{"line":149,"column":28},"end":{"line":149,"column":64}},"55":{"start":{"line":151,"column":6},"end":{"line":157,"column":7}},"56":{"start":{"line":152,"column":8},"end":{"line":155,"column":11}},"57":{"start":{"line":156,"column":8},"end":{"line":156,"column":15}},"58":{"start":{"line":160,"column":6},"end":{"line":166,"column":7}},"59":{"start":{"line":161,"column":8},"end":{"line":164,"column":11}},"60":{"start":{"line":165,"column":8},"end":{"line":165,"column":15}},"61":{"start":{"line":169,"column":23},"end":{"line":169,"column":59}},"62":{"start":{"line":171,"column":4},"end":{"line":177,"column":5}},"63":{"start":{"line":172,"column":6},"end":{"line":175,"column":9}},"64":{"start":{"line":176,"column":6},"end":{"line":176,"column":13}},"65":{"start":{"line":180,"column":24},"end":{"line":180,"column":68}},"66":{"start":{"line":183,"column":4},"end":{"line":190,"column":5}},"67":{"start":{"line":184,"column":6},"end":{"line":189,"column":9}},"68":{"start":{"line":193,"column":49},"end":{"line":193,"column":60}},"69":{"start":{"line":193,"column":44},"end":{"line":193,"column":49}},"70":{"start":{"line":195,"column":4},"end":{"line":198,"column":7}},"71":{"start":{"line":200,"column":4},"end":{"line":203,"column":7}},"72":{"start":{"line":143,"column":13},"end":{"line":143,"column":26}}},"fnMap":{"0":{"name":"(anonymous_17)","decl":{"start":{"line":10,"column":26},"end":{"line":10,"column":33}},"loc":{"start":{"line":10,"column":83},"end":{"line":53,"column":2}}},"1":{"name":"(anonymous_18)","decl":{"start":{"line":10,"column":83},"end":{"line":10,"column":null}},"loc":{"start":{"line":10,"column":83},"end":{"line":53,"column":1}}},"2":{"name":"(anonymous_19)","decl":{"start":{"line":58,"column":27},"end":{"line":58,"column":34}},"loc":{"start":{"line":58,"column":84},"end":{"line":83,"column":2}}},"3":{"name":"(anonymous_20)","decl":{"start":{"line":58,"column":84},"end":{"line":58,"column":null}},"loc":{"start":{"line":58,"column":84},"end":{"line":83,"column":1}}},"4":{"name":"(anonymous_21)","decl":{"start":{"line":88,"column":27},"end":{"line":88,"column":34}},"loc":{"start":{"line":88,"column":84},"end":{"line":138,"column":2}}},"5":{"name":"(anonymous_22)","decl":{"start":{"line":88,"column":84},"end":{"line":88,"column":null}},"loc":{"start":{"line":88,"column":84},"end":{"line":138,"column":1}}},"6":{"name":"(anonymous_23)","decl":{"start":{"line":143,"column":26},"end":{"line":143,"column":33}},"loc":{"start":{"line":143,"column":83},"end":{"line":205,"column":2}}},"7":{"name":"(anonymous_24)","decl":{"start":{"line":143,"column":83},"end":{"line":143,"column":null}},"loc":{"start":{"line":143,"column":83},"end":{"line":205,"column":1}}}},"branchMap":{"0":{"loc":{"start":{"line":12,"column":19},"end":{"line":12,"column":31}},"type":"cond-expr","locations":[{"start":{"line":12,"column":27},"end":{"line":12,"column":29}},{"start":{"line":12,"column":27},"end":{"line":12,"column":31}}]},"1":{"loc":{"start":{"line":12,"column":19},"end":{"line":12,"column":29}},"type":"binary-expr","locations":[{"start":{"line":12,"column":19},"end":{"line":12,"column":29}},{"start":{"line":12,"column":27},"end":{"line":12,"column":29}}]},"2":{"loc":{"start":{"line":14,"column":4},"end":{"line":20,"column":5}},"type":"if","locations":[{"start":{"line":14,"column":4},"end":{"line":20,"column":5}}]},"3":{"loc":{"start":{"line":24,"column":4},"end":{"line":30,"column":5}},"type":"if","locations":[{"start":{"line":24,"column":4},"end":{"line":30,"column":5}}]},"4":{"loc":{"start":{"line":50,"column":15},"end":{"line":50,"column":100}},"type":"cond-expr","locations":[{"start":{"line":50,"column":40},"end":{"line":50,"column":53}},{"start":{"line":50,"column":56},"end":{"line":50,"column":100}}]},"5":{"loc":{"start":{"line":63,"column":4},"end":{"line":70,"column":5}},"type":"if","locations":[{"start":{"line":63,"column":4},"end":{"line":70,"column":5}}]},"6":{"loc":{"start":{"line":80,"column":15},"end":{"line":80,"column":100}},"type":"cond-expr","locations":[{"start":{"line":80,"column":40},"end":{"line":80,"column":53}},{"start":{"line":80,"column":56},"end":{"line":80,"column":100}}]},"7":{"loc":{"start":{"line":93,"column":4},"end":{"line":103,"column":5}},"type":"if","locations":[{"start":{"line":93,"column":4},"end":{"line":103,"column":5}}]},"8":{"loc":{"start":{"line":93,"column":8},"end":{"line":93,"column":22}},"type":"cond-expr","locations":[{"start":{"line":93,"column":16},"end":{"line":93,"column":18}},{"start":{"line":93,"column":16},"end":{"line":93,"column":22}}]},"9":{"loc":{"start":{"line":93,"column":8},"end":{"line":93,"column":18}},"type":"binary-expr","locations":[{"start":{"line":93,"column":8},"end":{"line":93,"column":18}},{"start":{"line":93,"column":16},"end":{"line":93,"column":18}}]},"10":{"loc":{"start":{"line":96,"column":6},"end":{"line":102,"column":7}},"type":"if","locations":[{"start":{"line":96,"column":6},"end":{"line":102,"column":7}}]},"11":{"loc":{"start":{"line":96,"column":10},"end":{"line":96,"column":76}},"type":"binary-expr","locations":[{"start":{"line":96,"column":10},"end":{"line":96,"column":24}},{"start":{"line":96,"column":28},"end":{"line":96,"column":76}}]},"12":{"loc":{"start":{"line":107,"column":4},"end":{"line":113,"column":5}},"type":"if","locations":[{"start":{"line":107,"column":4},"end":{"line":113,"column":5}}]},"13":{"loc":{"start":{"line":116,"column":4},"end":{"line":123,"column":5}},"type":"if","locations":[{"start":{"line":116,"column":4},"end":{"line":123,"column":5}}]},"14":{"loc":{"start":{"line":135,"column":15},"end":{"line":135,"column":103}},"type":"cond-expr","locations":[{"start":{"line":135,"column":40},"end":{"line":135,"column":53}},{"start":{"line":135,"column":56},"end":{"line":135,"column":103}}]},"15":{"loc":{"start":{"line":148,"column":4},"end":{"line":167,"column":5}},"type":"if","locations":[{"start":{"line":148,"column":4},"end":{"line":167,"column":5}}]},"16":{"loc":{"start":{"line":148,"column":8},"end":{"line":148,"column":22}},"type":"cond-expr","locations":[{"start":{"line":148,"column":16},"end":{"line":148,"column":18}},{"start":{"line":148,"column":16},"end":{"line":148,"column":22}}]},"17":{"loc":{"start":{"line":148,"column":8},"end":{"line":148,"column":18}},"type":"binary-expr","locations":[{"start":{"line":148,"column":8},"end":{"line":148,"column":18}},{"start":{"line":148,"column":16},"end":{"line":148,"column":18}}]},"18":{"loc":{"start":{"line":151,"column":6},"end":{"line":157,"column":7}},"type":"if","locations":[{"start":{"line":151,"column":6},"end":{"line":157,"column":7}}]},"19":{"loc":{"start":{"line":151,"column":10},"end":{"line":151,"column":76}},"type":"binary-expr","locations":[{"start":{"line":151,"column":10},"end":{"line":151,"column":24}},{"start":{"line":151,"column":28},"end":{"line":151,"column":76}}]},"20":{"loc":{"start":{"line":160,"column":6},"end":{"line":166,"column":7}},"type":"if","locations":[{"start":{"line":160,"column":6},"end":{"line":166,"column":7}}]},"21":{"loc":{"start":{"line":160,"column":10},"end":{"line":160,"column":63}},"type":"binary-expr","locations":[{"start":{"line":160,"column":10},"end":{"line":160,"column":23}},{"start":{"line":160,"column":27},"end":{"line":160,"column":63}}]},"22":{"loc":{"start":{"line":171,"column":4},"end":{"line":177,"column":5}},"type":"if","locations":[{"start":{"line":171,"column":4},"end":{"line":177,"column":5}}]},"23":{"loc":{"start":{"line":183,"column":4},"end":{"line":190,"column":5}},"type":"if","locations":[{"start":{"line":183,"column":4},"end":{"line":190,"column":5}}]},"24":{"loc":{"start":{"line":202,"column":15},"end":{"line":202,"column":98}},"type":"cond-expr","locations":[{"start":{"line":202,"column":40},"end":{"line":202,"column":53}},{"start":{"line":202,"column":56},"end":{"line":202,"column":98}}]}},"s":{"0":1,"1":1,"2":1,"3":1,"4":0,"5":0,"6":0,"7":0,"8":0,"9":0,"10":0,"11":0,"12":0,"13":0,"14":0,"15":0,"16":0,"17":0,"18":0,"19":1,"20":1,"21":0,"22":0,"23":0,"24":0,"25":0,"26":0,"27":0,"28":1,"29":1,"30":0,"31":0,"32":0,"33":0,"34":0,"35":0,"36":0,"37":0,"38":0,"39":0,"40":0,"41":0,"42":0,"43":0,"44":0,"45":0,"46":0,"47":0,"48":1,"49":1,"50":0,"51":0,"52":0,"53":0,"54":0,"55":0,"56":0,"57":0,"58":0,"59":0,"60":0,"61":0,"62":0,"63":0,"64":0,"65":0,"66":0,"67":0,"68":0,"69":0,"70":0,"71":0,"72":1},"f":{"0":0,"1":0,"2":0,"3":0,"4":0,"5":0,"6":0,"7":0},"b":{"0":[0,0],"1":[0,0],"2":[0],"3":[0],"4":[0,0],"5":[0],"6":[0,0],"7":[0],"8":[0,0],"9":[0,0],"10":[0],"11":[0,0],"12":[0],"13":[0],"14":[0,0],"15":[0],"16":[0,0],"17":[0,0],"18":[0],"19":[0,0],"20":[0],"21":[0,0],"22":[0],"23":[0],"24":[0,0]}}
,"C:\\Users\\gokha\\Desktop\\Desktop\\Projeler\\cases\\patrion_backend_case\\src\\middlewares\\auth.middleware.ts": {"path":"C:\\Users\\gokha\\Desktop\\Desktop\\Projeler\\cases\\patrion_backend_case\\src\\middlewares\\auth.middleware.ts","statementMap":{"0":{"start":{"line":2,"column":0},"end":{"line":2,"column":49}},"1":{"start":{"line":4,"column":0},"end":{"line":4,"column":86}},"2":{"start":{"line":5,"column":0},"end":{"line":5,"column":41}},"3":{"start":{"line":6,"column":0},"end":{"line":6,"column":52}},"4":{"start":{"line":12,"column":28},"end":{"line":42,"column":1}},"5":{"start":{"line":13,"column":2},"end":{"line":41,"column":3}},"6":{"start":{"line":15,"column":23},"end":{"line":15,"column":48}},"7":{"start":{"line":17,"column":4},"end":{"line":23,"column":5}},"8":{"start":{"line":18,"column":6},"end":{"line":21,"column":9}},"9":{"start":{"line":22,"column":6},"end":{"line":22,"column":13}},"10":{"start":{"line":26,"column":18},"end":{"line":26,"column":42}},"11":{"start":{"line":29,"column":20},"end":{"line":29,"column":38}},"12":{"start":{"line":32,"column":4},"end":{"line":32,"column":23}},"13":{"start":{"line":35,"column":4},"end":{"line":35,"column":11}},"14":{"start":{"line":37,"column":4},"end":{"line":40,"column":7}},"15":{"start":{"line":12,"column":13},"end":{"line":12,"column":28}},"16":{"start":{"line":47,"column":25},"end":{"line":66,"column":1}},"17":{"start":{"line":48,"column":2},"end":{"line":65,"column":4}},"18":{"start":{"line":49,"column":4},"end":{"line":55,"column":5}},"19":{"start":{"line":50,"column":6},"end":{"line":53,"column":9}},"20":{"start":{"line":54,"column":6},"end":{"line":54,"column":13}},"21":{"start":{"line":57,"column":4},"end":{"line":64,"column":5}},"22":{"start":{"line":58,"column":6},"end":{"line":58,"column":13}},"23":{"start":{"line":60,"column":6},"end":{"line":63,"column":9}},"24":{"start":{"line":47,"column":13},"end":{"line":47,"column":25}},"25":{"start":{"line":71,"column":33},"end":{"line":92,"column":1}},"26":{"start":{"line":72,"column":2},"end":{"line":91,"column":4}},"27":{"start":{"line":73,"column":4},"end":{"line":79,"column":5}},"28":{"start":{"line":74,"column":6},"end":{"line":77,"column":9}},"29":{"start":{"line":78,"column":6},"end":{"line":78,"column":13}},"30":{"start":{"line":81,"column":21},"end":{"line":81,"column":46}},"31":{"start":{"line":83,"column":4},"end":{"line":90,"column":5}},"32":{"start":{"line":84,"column":6},"end":{"line":84,"column":13}},"33":{"start":{"line":86,"column":6},"end":{"line":89,"column":9}},"34":{"start":{"line":71,"column":13},"end":{"line":71,"column":33}},"35":{"start":{"line":98,"column":34},"end":{"line":149,"column":1}},"36":{"start":{"line":99,"column":2},"end":{"line":148,"column":4}},"37":{"start":{"line":99,"column":86},"end":{"line":148,"column":4}},"38":{"start":{"line":100,"column":4},"end":{"line":147,"column":5}},"39":{"start":{"line":101,"column":6},"end":{"line":107,"column":7}},"40":{"start":{"line":102,"column":8},"end":{"line":105,"column":11}},"41":{"start":{"line":106,"column":8},"end":{"line":106,"column":15}},"42":{"start":{"line":109,"column":23},"end":{"line":109,"column":48}},"43":{"start":{"line":110,"column":21},"end":{"line":110,"column":32}},"44":{"start":{"line":113,"column":6},"end":{"line":116,"column":7}},"45":{"start":{"line":114,"column":8},"end":{"line":114,"column":15}},"46":{"start":{"line":115,"column":8},"end":{"line":115,"column":15}},"47":{"start":{"line":119,"column":19},"end":{"line":119,"column":45}},"48":{"start":{"line":120,"column":6},"end":{"line":126,"column":7}},"49":{"start":{"line":121,"column":8},"end":{"line":124,"column":11}},"50":{"start":{"line":125,"column":8},"end":{"line":125,"column":15}},"51":{"start":{"line":130,"column":30},"end":{"line":132,"column":36}},"52":{"start":{"line":134,"column":6},"end":{"line":141,"column":7}},"53":{"start":{"line":135,"column":8},"end":{"line":135,"column":15}},"54":{"start":{"line":137,"column":8},"end":{"line":140,"column":11}},"55":{"start":{"line":143,"column":6},"end":{"line":146,"column":9}},"56":{"start":{"line":98,"column":13},"end":{"line":98,"column":34}},"57":{"start":{"line":154,"column":34},"end":{"line":172,"column":1}},"58":{"start":{"line":155,"column":2},"end":{"line":171,"column":3}},"59":{"start":{"line":156,"column":18},"end":{"line":156,"column":103}},"60":{"start":{"line":158,"column":4},"end":{"line":160,"column":5}},"61":{"start":{"line":159,"column":6},"end":{"line":159,"column":66}},"62":{"start":{"line":163,"column":20},"end":{"line":163,"column":38}},"63":{"start":{"line":166,"column":4},"end":{"line":166,"column":31}},"64":{"start":{"line":168,"column":4},"end":{"line":168,"column":11}},"65":{"start":{"line":170,"column":4},"end":{"line":170,"column":95}},"66":{"start":{"line":154,"column":13},"end":{"line":154,"column":34}}},"fnMap":{"0":{"name":"(anonymous_7)","decl":{"start":{"line":12,"column":28},"end":{"line":12,"column":29}},"loc":{"start":{"line":12,"column":90},"end":{"line":42,"column":1}}},"1":{"name":"(anonymous_8)","decl":{"start":{"line":47,"column":25},"end":{"line":47,"column":26}},"loc":{"start":{"line":47,"column":54},"end":{"line":66,"column":1}}},"2":{"name":"(anonymous_9)","decl":{"start":{"line":48,"column":9},"end":{"line":48,"column":10}},"loc":{"start":{"line":48,"column":71},"end":{"line":65,"column":3}}},"3":{"name":"(anonymous_10)","decl":{"start":{"line":71,"column":33},"end":{"line":71,"column":34}},"loc":{"start":{"line":71,"column":68},"end":{"line":92,"column":1}}},"4":{"name":"(anonymous_11)","decl":{"start":{"line":72,"column":9},"end":{"line":72,"column":10}},"loc":{"start":{"line":72,"column":71},"end":{"line":91,"column":3}}},"5":{"name":"(anonymous_12)","decl":{"start":{"line":98,"column":34},"end":{"line":98,"column":35}},"loc":{"start":{"line":98,"column":80},"end":{"line":149,"column":1}}},"6":{"name":"(anonymous_13)","decl":{"start":{"line":99,"column":9},"end":{"line":99,"column":16}},"loc":{"start":{"line":99,"column":86},"end":{"line":148,"column":4}}},"7":{"name":"(anonymous_14)","decl":{"start":{"line":99,"column":86},"end":{"line":99,"column":null}},"loc":{"start":{"line":99,"column":86},"end":{"line":148,"column":3}}},"8":{"name":"(anonymous_15)","decl":{"start":{"line":154,"column":34},"end":{"line":154,"column":35}},"loc":{"start":{"line":154,"column":88},"end":{"line":172,"column":1}}}},"branchMap":{"0":{"loc":{"start":{"line":17,"column":4},"end":{"line":23,"column":5}},"type":"if","locations":[{"start":{"line":17,"column":4},"end":{"line":23,"column":5}}]},"1":{"loc":{"start":{"line":17,"column":8},"end":{"line":17,"column":56}},"type":"binary-expr","locations":[{"start":{"line":17,"column":8},"end":{"line":17,"column":19}},{"start":{"line":17,"column":23},"end":{"line":17,"column":56}}]},"2":{"loc":{"start":{"line":39,"column":15},"end":{"line":39,"column":81}},"type":"cond-expr","locations":[{"start":{"line":39,"column":40},"end":{"line":39,"column":53}},{"start":{"line":39,"column":56},"end":{"line":39,"column":81}}]},"3":{"loc":{"start":{"line":49,"column":4},"end":{"line":55,"column":5}},"type":"if","locations":[{"start":{"line":49,"column":4},"end":{"line":55,"column":5}}]},"4":{"loc":{"start":{"line":57,"column":4},"end":{"line":64,"column":5}},"type":"if","locations":[{"start":{"line":57,"column":4},"end":{"line":64,"column":5}},{"start":{"line":59,"column":11},"end":{"line":64,"column":5}}]},"5":{"loc":{"start":{"line":73,"column":4},"end":{"line":79,"column":5}},"type":"if","locations":[{"start":{"line":73,"column":4},"end":{"line":79,"column":5}}]},"6":{"loc":{"start":{"line":83,"column":4},"end":{"line":90,"column":5}},"type":"if","locations":[{"start":{"line":83,"column":4},"end":{"line":90,"column":5}},{"start":{"line":85,"column":11},"end":{"line":90,"column":5}}]},"7":{"loc":{"start":{"line":98,"column":35},"end":{"line":98,"column":76}},"type":"default-arg","locations":[{"start":{"line":98,"column":64},"end":{"line":98,"column":76}}]},"8":{"loc":{"start":{"line":101,"column":6},"end":{"line":107,"column":7}},"type":"if","locations":[{"start":{"line":101,"column":6},"end":{"line":107,"column":7}}]},"9":{"loc":{"start":{"line":113,"column":6},"end":{"line":116,"column":7}},"type":"if","locations":[{"start":{"line":113,"column":6},"end":{"line":116,"column":7}}]},"10":{"loc":{"start":{"line":120,"column":6},"end":{"line":126,"column":7}},"type":"if","locations":[{"start":{"line":120,"column":6},"end":{"line":126,"column":7}}]},"11":{"loc":{"start":{"line":130,"column":30},"end":{"line":132,"column":36}},"type":"cond-expr","locations":[{"start":{"line":131,"column":8},"end":{"line":131,"column":52}},{"start":{"line":132,"column":8},"end":{"line":132,"column":36}}]},"12":{"loc":{"start":{"line":134,"column":6},"end":{"line":141,"column":7}},"type":"if","locations":[{"start":{"line":134,"column":6},"end":{"line":141,"column":7}},{"start":{"line":136,"column":13},"end":{"line":141,"column":7}}]},"13":{"loc":{"start":{"line":145,"column":17},"end":{"line":145,"column":80}},"type":"cond-expr","locations":[{"start":{"line":145,"column":42},"end":{"line":145,"column":55}},{"start":{"line":145,"column":58},"end":{"line":145,"column":80}}]},"14":{"loc":{"start":{"line":156,"column":18},"end":{"line":156,"column":103}},"type":"binary-expr","locations":[{"start":{"line":156,"column":18},"end":{"line":156,"column":45}},{"start":{"line":156,"column":49},"end":{"line":156,"column":102}}]},"15":{"loc":{"start":{"line":156,"column":49},"end":{"line":156,"column":102}},"type":"cond-expr","locations":[{"start":{"line":156,"column":87},"end":{"line":156,"column":89}},{"start":{"line":156,"column":87},"end":{"line":156,"column":102}}]},"16":{"loc":{"start":{"line":156,"column":49},"end":{"line":156,"column":89}},"type":"binary-expr","locations":[{"start":{"line":156,"column":49},"end":{"line":156,"column":89}},{"start":{"line":156,"column":87},"end":{"line":156,"column":89}}]},"17":{"loc":{"start":{"line":158,"column":4},"end":{"line":160,"column":5}},"type":"if","locations":[{"start":{"line":158,"column":4},"end":{"line":160,"column":5}}]},"18":{"loc":{"start":{"line":170,"column":26},"end":{"line":170,"column":92}},"type":"cond-expr","locations":[{"start":{"line":170,"column":51},"end":{"line":170,"column":64}},{"start":{"line":170,"column":67},"end":{"line":170,"column":92}}]}},"s":{"0":1,"1":1,"2":1,"3":1,"4":1,"5":0,"6":0,"7":0,"8":0,"9":0,"10":0,"11":0,"12":0,"13":0,"14":0,"15":1,"16":1,"17":3,"18":0,"19":0,"20":0,"21":0,"22":0,"23":0,"24":1,"25":1,"26":4,"27":0,"28":0,"29":0,"30":0,"31":0,"32":0,"33":0,"34":1,"35":1,"36":0,"37":0,"38":0,"39":0,"40":0,"41":0,"42":0,"43":0,"44":0,"45":0,"46":0,"47":0,"48":0,"49":0,"50":0,"51":0,"52":0,"53":0,"54":0,"55":0,"56":1,"57":1,"58":0,"59":0,"60":0,"61":0,"62":0,"63":0,"64":0,"65":0,"66":1},"f":{"0":0,"1":3,"2":0,"3":4,"4":0,"5":0,"6":0,"7":0,"8":0},"b":{"0":[0],"1":[0,0],"2":[0,0],"3":[0],"4":[0,0],"5":[0],"6":[0,0],"7":[0],"8":[0],"9":[0],"10":[0],"11":[0,0],"12":[0,0],"13":[0,0],"14":[0,0],"15":[0,0],"16":[0,0],"17":[0],"18":[0,0]}}
,"C:\\Users\\gokha\\Desktop\\Desktop\\Projeler\\cases\\patrion_backend_case\\src\\middlewares\\logger.middleware.ts": {"path":"C:\\Users\\gokha\\Desktop\\Desktop\\Projeler\\cases\\patrion_backend_case\\src\\middlewares\\logger.middleware.ts","statementMap":{"0":{"start":{"line":2,"column":0},"end":{"line":2,"column":38}},"1":{"start":{"line":7,"column":26},"end":{"line":18,"column":1}},"2":{"start":{"line":9,"column":20},"end":{"line":9,"column":30}},"3":{"start":{"line":12,"column":2},"end":{"line":15,"column":5}},"4":{"start":{"line":13,"column":25},"end":{"line":13,"column":47}},"5":{"start":{"line":14,"column":4},"end":{"line":14,"column":37}},"6":{"start":{"line":17,"column":2},"end":{"line":17,"column":9}},"7":{"start":{"line":7,"column":13},"end":{"line":7,"column":26}}},"fnMap":{"0":{"name":"(anonymous_0)","decl":{"start":{"line":7,"column":26},"end":{"line":7,"column":27}},"loc":{"start":{"line":7,"column":78},"end":{"line":18,"column":1}}},"1":{"name":"(anonymous_1)","decl":{"start":{"line":12,"column":19},"end":{"line":12,"column":22}},"loc":{"start":{"line":12,"column":24},"end":{"line":15,"column":3}}}},"branchMap":{},"s":{"0":1,"1":1,"2":5,"3":5,"4":5,"5":5,"6":5,"7":1},"f":{"0":5,"1":5},"b":{}}
,"C:\\Users\\gokha\\Desktop\\Desktop\\Projeler\\cases\\patrion_backend_case\\src\\middlewares\\validator.middleware.ts": {"path":"C:\\Users\\gokha\\Desktop\\Desktop\\Projeler\\cases\\patrion_backend_case\\src\\middlewares\\validator.middleware.ts","statementMap":{"0":{"start":{"line":2,"column":0},"end":{"line":2,"column":70}},"1":{"start":{"line":8,"column":24},"end":{"line":29,"column":1}},"2":{"start":{"line":9,"column":2},"end":{"line":28,"column":4}},"3":{"start":{"line":9,"column":82},"end":{"line":28,"column":4}},"4":{"start":{"line":11,"column":4},"end":{"line":11,"column":74}},"5":{"start":{"line":11,"column":52},"end":{"line":11,"column":71}},"6":{"start":{"line":14,"column":19},"end":{"line":14,"column":40}},"7":{"start":{"line":17,"column":4},"end":{"line":20,"column":5}},"8":{"start":{"line":18,"column":6},"end":{"line":18,"column":13}},"9":{"start":{"line":19,"column":6},"end":{"line":19,"column":13}},"10":{"start":{"line":23,"column":4},"end":{"line":27,"column":7}},"11":{"start":{"line":8,"column":13},"end":{"line":8,"column":24}}},"fnMap":{"0":{"name":"(anonymous_7)","decl":{"start":{"line":8,"column":24},"end":{"line":8,"column":25}},"loc":{"start":{"line":8,"column":59},"end":{"line":29,"column":1}}},"1":{"name":"(anonymous_8)","decl":{"start":{"line":9,"column":9},"end":{"line":9,"column":16}},"loc":{"start":{"line":9,"column":82},"end":{"line":28,"column":4}}},"2":{"name":"(anonymous_9)","decl":{"start":{"line":9,"column":82},"end":{"line":9,"column":null}},"loc":{"start":{"line":9,"column":82},"end":{"line":28,"column":3}}},"3":{"name":"(anonymous_10)","decl":{"start":{"line":11,"column":38},"end":{"line":11,"column":48}},"loc":{"start":{"line":11,"column":52},"end":{"line":11,"column":71}}}},"branchMap":{"0":{"loc":{"start":{"line":17,"column":4},"end":{"line":20,"column":5}},"type":"if","locations":[{"start":{"line":17,"column":4},"end":{"line":20,"column":5}}]}},"s":{"0":2,"1":2,"2":14,"3":14,"4":14,"5":48,"6":14,"7":14,"8":7,"9":7,"10":7,"11":2},"f":{"0":14,"1":14,"2":14,"3":48},"b":{"0":[7]}}
,"C:\\Users\\gokha\\Desktop\\Desktop\\Projeler\\cases\\patrion_backend_case\\src\\models\\company.model.ts": {"path":"C:\\Users\\gokha\\Desktop\\Desktop\\Projeler\\cases\\patrion_backend_case\\src\\models\\company.model.ts","statementMap":{"0":{"start":{"line":2,"column":0},"end":{"line":2,"column":38}},"1":{"start":{"line":5,"column":36},"end":{"line":24,"column":2}},"2":{"start":{"line":5,"column":62},"end":{"line":24,"column":2}},"3":{"start":{"line":6,"column":27},"end":{"line":15,"column":4}},"4":{"start":{"line":17,"column":2},"end":{"line":23,"column":3}},"5":{"start":{"line":18,"column":4},"end":{"line":18,"column":39}},"6":{"start":{"line":19,"column":4},"end":{"line":19,"column":76}},"7":{"start":{"line":21,"column":4},"end":{"line":21,"column":120}},"8":{"start":{"line":22,"column":4},"end":{"line":22,"column":16}},"9":{"start":{"line":5,"column":13},"end":{"line":5,"column":36}},"10":{"start":{"line":26,"column":29},"end":{"line":41,"column":2}},"11":{"start":{"line":26,"column":83},"end":{"line":41,"column":2}},"12":{"start":{"line":27,"column":58},"end":{"line":27,"column":69}},"13":{"start":{"line":28,"column":16},"end":{"line":32,"column":4}},"14":{"start":{"line":34,"column":2},"end":{"line":40,"column":3}},"15":{"start":{"line":35,"column":32},"end":{"line":35,"column":84}},"16":{"start":{"line":36,"column":4},"end":{"line":36,"column":37}},"17":{"start":{"line":38,"column":4},"end":{"line":38,"column":109}},"18":{"start":{"line":39,"column":4},"end":{"line":39,"column":16}},"19":{"start":{"line":26,"column":13},"end":{"line":26,"column":29}},"20":{"start":{"line":43,"column":30},"end":{"line":57,"column":2}},"21":{"start":{"line":43,"column":76},"end":{"line":57,"column":2}},"22":{"start":{"line":44,"column":16},"end":{"line":48,"column":4}},"23":{"start":{"line":50,"column":2},"end":{"line":56,"column":3}},"24":{"start":{"line":51,"column":32},"end":{"line":51,"column":61}},"25":{"start":{"line":52,"column":4},"end":{"line":52,"column":45}},"26":{"start":{"line":54,"column":4},"end":{"line":54,"column":111}},"27":{"start":{"line":55,"column":4},"end":{"line":55,"column":16}},"28":{"start":{"line":43,"column":13},"end":{"line":43,"column":30}},"29":{"start":{"line":59,"column":31},"end":{"line":73,"column":2}},"30":{"start":{"line":59,"column":62},"end":{"line":73,"column":2}},"31":{"start":{"line":60,"column":16},"end":{"line":64,"column":4}},"32":{"start":{"line":66,"column":2},"end":{"line":72,"column":3}},"33":{"start":{"line":67,"column":32},"end":{"line":67,"column":55}},"34":{"start":{"line":68,"column":4},"end":{"line":68,"column":36}},"35":{"start":{"line":70,"column":4},"end":{"line":70,"column":111}},"36":{"start":{"line":71,"column":4},"end":{"line":71,"column":16}},"37":{"start":{"line":59,"column":13},"end":{"line":59,"column":31}},"38":{"start":{"line":75,"column":29},"end":{"line":109,"column":2}},"39":{"start":{"line":75,"column":111},"end":{"line":109,"column":2}},"40":{"start":{"line":77,"column":15},"end":{"line":77,"column":60}},"41":{"start":{"line":80,"column":15},"end":{"line":80,"column":35}},"42":{"start":{"line":81,"column":17},"end":{"line":81,"column":39}},"43":{"start":{"line":84,"column":2},"end":{"line":86,"column":3}},"44":{"start":{"line":85,"column":4},"end":{"line":85,"column":53}},"45":{"start":{"line":89,"column":21},"end":{"line":93,"column":15}},"46":{"start":{"line":91,"column":21},"end":{"line":91,"column":80}},"47":{"start":{"line":91,"column":53},"end":{"line":91,"column":79}},"48":{"start":{"line":92,"column":4},"end":{"line":92,"column":41}},"49":{"start":{"line":95,"column":16},"end":{"line":100,"column":4}},"50":{"start":{"line":102,"column":2},"end":{"line":108,"column":3}},"51":{"start":{"line":103,"column":32},"end":{"line":103,"column":72}},"52":{"start":{"line":104,"column":4},"end":{"line":104,"column":45}},"53":{"start":{"line":106,"column":4},"end":{"line":106,"column":109}},"54":{"start":{"line":107,"column":4},"end":{"line":107,"column":16}},"55":{"start":{"line":75,"column":13},"end":{"line":75,"column":29}}},"fnMap":{"0":{"name":"(anonymous_8)","decl":{"start":{"line":5,"column":36},"end":{"line":5,"column":60}},"loc":{"start":{"line":5,"column":62},"end":{"line":24,"column":2}}},"1":{"name":"(anonymous_9)","decl":{"start":{"line":5,"column":62},"end":{"line":5,"column":null}},"loc":{"start":{"line":5,"column":62},"end":{"line":24,"column":1}}},"2":{"name":"(anonymous_10)","decl":{"start":{"line":26,"column":29},"end":{"line":26,"column":36}},"loc":{"start":{"line":26,"column":83},"end":{"line":41,"column":2}}},"3":{"name":"(anonymous_11)","decl":{"start":{"line":26,"column":83},"end":{"line":26,"column":null}},"loc":{"start":{"line":26,"column":83},"end":{"line":41,"column":1}}},"4":{"name":"(anonymous_12)","decl":{"start":{"line":43,"column":30},"end":{"line":43,"column":37}},"loc":{"start":{"line":43,"column":76},"end":{"line":57,"column":2}}},"5":{"name":"(anonymous_13)","decl":{"start":{"line":43,"column":76},"end":{"line":43,"column":null}},"loc":{"start":{"line":43,"column":76},"end":{"line":57,"column":1}}},"6":{"name":"(anonymous_14)","decl":{"start":{"line":59,"column":31},"end":{"line":59,"column":60}},"loc":{"start":{"line":59,"column":62},"end":{"line":73,"column":2}}},"7":{"name":"(anonymous_15)","decl":{"start":{"line":59,"column":62},"end":{"line":59,"column":null}},"loc":{"start":{"line":59,"column":62},"end":{"line":73,"column":1}}},"8":{"name":"(anonymous_16)","decl":{"start":{"line":75,"column":29},"end":{"line":75,"column":36}},"loc":{"start":{"line":75,"column":111},"end":{"line":109,"column":2}}},"9":{"name":"(anonymous_17)","decl":{"start":{"line":75,"column":111},"end":{"line":75,"column":null}},"loc":{"start":{"line":75,"column":111},"end":{"line":109,"column":1}}},"10":{"name":"(anonymous_18)","decl":{"start":{"line":89,"column":30},"end":{"line":89,"column":31}},"loc":{"start":{"line":89,"column":45},"end":{"line":93,"column":3}}},"11":{"name":"(anonymous_19)","decl":{"start":{"line":91,"column":43},"end":{"line":91,"column":49}},"loc":{"start":{"line":91,"column":53},"end":{"line":91,"column":79}}}},"branchMap":{"0":{"loc":{"start":{"line":21,"column":60},"end":{"line":21,"column":118}},"type":"cond-expr","locations":[{"start":{"line":21,"column":85},"end":{"line":21,"column":98}},{"start":{"line":21,"column":101},"end":{"line":21,"column":118}}]},"1":{"loc":{"start":{"line":27,"column":16},"end":{"line":27,"column":34}},"type":"default-arg","locations":[{"start":{"line":27,"column":30},"end":{"line":27,"column":34}}]},"2":{"loc":{"start":{"line":27,"column":36},"end":{"line":27,"column":53}},"type":"default-arg","locations":[{"start":{"line":27,"column":45},"end":{"line":27,"column":53}}]},"3":{"loc":{"start":{"line":38,"column":49},"end":{"line":38,"column":107}},"type":"cond-expr","locations":[{"start":{"line":38,"column":74},"end":{"line":38,"column":87}},{"start":{"line":38,"column":90},"end":{"line":38,"column":107}}]},"4":{"loc":{"start":{"line":52,"column":11},"end":{"line":52,"column":44}},"type":"binary-expr","locations":[{"start":{"line":52,"column":11},"end":{"line":52,"column":36}},{"start":{"line":52,"column":40},"end":{"line":52,"column":44}}]},"5":{"loc":{"start":{"line":54,"column":51},"end":{"line":54,"column":109}},"type":"cond-expr","locations":[{"start":{"line":54,"column":76},"end":{"line":54,"column":89}},{"start":{"line":54,"column":92},"end":{"line":54,"column":109}}]},"6":{"loc":{"start":{"line":70,"column":51},"end":{"line":70,"column":109}},"type":"cond-expr","locations":[{"start":{"line":70,"column":76},"end":{"line":70,"column":89}},{"start":{"line":70,"column":92},"end":{"line":70,"column":109}}]},"7":{"loc":{"start":{"line":84,"column":2},"end":{"line":86,"column":3}},"type":"if","locations":[{"start":{"line":84,"column":2},"end":{"line":86,"column":3}}]},"8":{"loc":{"start":{"line":104,"column":11},"end":{"line":104,"column":44}},"type":"binary-expr","locations":[{"start":{"line":104,"column":11},"end":{"line":104,"column":36}},{"start":{"line":104,"column":40},"end":{"line":104,"column":44}}]},"9":{"loc":{"start":{"line":106,"column":49},"end":{"line":106,"column":107}},"type":"cond-expr","locations":[{"start":{"line":106,"column":74},"end":{"line":106,"column":87}},{"start":{"line":106,"column":90},"end":{"line":106,"column":107}}]}},"s":{"0":1,"1":1,"2":1,"3":1,"4":1,"5":1,"6":1,"7":0,"8":0,"9":1,"10":1,"11":0,"12":0,"13":0,"14":0,"15":0,"16":0,"17":0,"18":0,"19":1,"20":1,"21":0,"22":0,"23":0,"24":0,"25":0,"26":0,"27":0,"28":1,"29":1,"30":0,"31":0,"32":0,"33":0,"34":0,"35":0,"36":0,"37":1,"38":1,"39":0,"40":0,"41":0,"42":0,"43":0,"44":0,"45":0,"46":0,"47":0,"48":0,"49":0,"50":0,"51":0,"52":0,"53":0,"54":0,"55":1},"f":{"0":1,"1":1,"2":0,"3":0,"4":0,"5":0,"6":0,"7":0,"8":0,"9":0,"10":0,"11":0},"b":{"0":[0,0],"1":[0],"2":[0],"3":[0,0],"4":[0,0],"5":[0,0],"6":[0,0],"7":[0],"8":[0,0],"9":[0,0]}}
,"C:\\Users\\gokha\\Desktop\\Desktop\\Projeler\\cases\\patrion_backend_case\\src\\models\\log.model.ts": {"path":"C:\\Users\\gokha\\Desktop\\Desktop\\Projeler\\cases\\patrion_backend_case\\src\\models\\log.model.ts","statementMap":{"0":{"start":{"line":2,"column":0},"end":{"line":2,"column":38}},"1":{"start":{"line":5,"column":35},"end":{"line":26,"column":2}},"2":{"start":{"line":5,"column":61},"end":{"line":26,"column":2}},"3":{"start":{"line":6,"column":27},"end":{"line":17,"column":4}},"4":{"start":{"line":19,"column":2},"end":{"line":25,"column":3}},"5":{"start":{"line":20,"column":4},"end":{"line":20,"column":39}},"6":{"start":{"line":21,"column":4},"end":{"line":21,"column":76}},"7":{"start":{"line":23,"column":4},"end":{"line":23,"column":120}},"8":{"start":{"line":24,"column":4},"end":{"line":24,"column":16}},"9":{"start":{"line":5,"column":13},"end":{"line":5,"column":35}},"10":{"start":{"line":28,"column":29},"end":{"line":49,"column":2}},"11":{"start":{"line":28,"column":79},"end":{"line":49,"column":2}},"12":{"start":{"line":29,"column":89},"end":{"line":29,"column":96}},"13":{"start":{"line":30,"column":16},"end":{"line":34,"column":4}},"14":{"start":{"line":36,"column":2},"end":{"line":48,"column":3}},"15":{"start":{"line":37,"column":32},"end":{"line":43,"column":6}},"16":{"start":{"line":44,"column":4},"end":{"line":44,"column":37}},"17":{"start":{"line":46,"column":4},"end":{"line":46,"column":122}},"18":{"start":{"line":47,"column":4},"end":{"line":47,"column":16}},"19":{"start":{"line":28,"column":13},"end":{"line":28,"column":29}},"20":{"start":{"line":51,"column":35},"end":{"line":66,"column":2}},"21":{"start":{"line":51,"column":81},"end":{"line":66,"column":2}},"22":{"start":{"line":52,"column":16},"end":{"line":57,"column":4}},"23":{"start":{"line":59,"column":2},"end":{"line":65,"column":3}},"24":{"start":{"line":60,"column":32},"end":{"line":60,"column":66}},"25":{"start":{"line":61,"column":4},"end":{"line":61,"column":36}},"26":{"start":{"line":63,"column":4},"end":{"line":63,"column":121}},"27":{"start":{"line":64,"column":4},"end":{"line":64,"column":16}},"28":{"start":{"line":51,"column":13},"end":{"line":51,"column":35}},"29":{"start":{"line":68,"column":35},"end":{"line":83,"column":2}},"30":{"start":{"line":68,"column":80},"end":{"line":83,"column":2}},"31":{"start":{"line":69,"column":16},"end":{"line":74,"column":4}},"32":{"start":{"line":76,"column":2},"end":{"line":82,"column":3}},"33":{"start":{"line":77,"column":32},"end":{"line":77,"column":65}},"34":{"start":{"line":78,"column":4},"end":{"line":78,"column":36}},"35":{"start":{"line":80,"column":4},"end":{"line":80,"column":115}},"36":{"start":{"line":81,"column":4},"end":{"line":81,"column":16}},"37":{"start":{"line":68,"column":13},"end":{"line":68,"column":35}},"38":{"start":{"line":85,"column":31},"end":{"line":107,"column":2}},"39":{"start":{"line":85,"column":72},"end":{"line":107,"column":2}},"40":{"start":{"line":87,"column":16},"end":{"line":98,"column":4}},"41":{"start":{"line":100,"column":2},"end":{"line":106,"column":3}},"42":{"start":{"line":101,"column":32},"end":{"line":101,"column":55}},"43":{"start":{"line":102,"column":4},"end":{"line":102,"column":23}},"44":{"start":{"line":104,"column":4},"end":{"line":104,"column":111}},"45":{"start":{"line":105,"column":4},"end":{"line":105,"column":16}},"46":{"start":{"line":85,"column":13},"end":{"line":85,"column":31}}},"fnMap":{"0":{"name":"(anonymous_8)","decl":{"start":{"line":5,"column":35},"end":{"line":5,"column":59}},"loc":{"start":{"line":5,"column":61},"end":{"line":26,"column":2}}},"1":{"name":"(anonymous_9)","decl":{"start":{"line":5,"column":61},"end":{"line":5,"column":null}},"loc":{"start":{"line":5,"column":61},"end":{"line":26,"column":1}}},"2":{"name":"(anonymous_10)","decl":{"start":{"line":28,"column":29},"end":{"line":28,"column":36}},"loc":{"start":{"line":28,"column":79},"end":{"line":49,"column":2}}},"3":{"name":"(anonymous_11)","decl":{"start":{"line":28,"column":79},"end":{"line":28,"column":null}},"loc":{"start":{"line":28,"column":79},"end":{"line":49,"column":1}}},"4":{"name":"(anonymous_12)","decl":{"start":{"line":51,"column":35},"end":{"line":51,"column":42}},"loc":{"start":{"line":51,"column":81},"end":{"line":66,"column":2}}},"5":{"name":"(anonymous_13)","decl":{"start":{"line":51,"column":81},"end":{"line":51,"column":null}},"loc":{"start":{"line":51,"column":81},"end":{"line":66,"column":1}}},"6":{"name":"(anonymous_14)","decl":{"start":{"line":68,"column":35},"end":{"line":68,"column":42}},"loc":{"start":{"line":68,"column":80},"end":{"line":83,"column":2}}},"7":{"name":"(anonymous_15)","decl":{"start":{"line":68,"column":80},"end":{"line":68,"column":null}},"loc":{"start":{"line":68,"column":80},"end":{"line":83,"column":1}}},"8":{"name":"(anonymous_16)","decl":{"start":{"line":85,"column":31},"end":{"line":85,"column":38}},"loc":{"start":{"line":85,"column":72},"end":{"line":107,"column":2}}},"9":{"name":"(anonymous_17)","decl":{"start":{"line":85,"column":72},"end":{"line":85,"column":null}},"loc":{"start":{"line":85,"column":54},"end":{"line":107,"column":1}}}},"branchMap":{"0":{"loc":{"start":{"line":23,"column":60},"end":{"line":23,"column":118}},"type":"cond-expr","locations":[{"start":{"line":23,"column":85},"end":{"line":23,"column":98}},{"start":{"line":23,"column":101},"end":{"line":23,"column":118}}]},"1":{"loc":{"start":{"line":29,"column":27},"end":{"line":29,"column":41}},"type":"default-arg","locations":[{"start":{"line":29,"column":37},"end":{"line":29,"column":41}}]},"2":{"loc":{"start":{"line":29,"column":43},"end":{"line":29,"column":60}},"type":"default-arg","locations":[{"start":{"line":29,"column":56},"end":{"line":29,"column":60}}]},"3":{"loc":{"start":{"line":29,"column":62},"end":{"line":29,"column":84}},"type":"default-arg","locations":[{"start":{"line":29,"column":74},"end":{"line":29,"column":84}}]},"4":{"loc":{"start":{"line":40,"column":6},"end":{"line":40,"column":46}},"type":"cond-expr","locations":[{"start":{"line":40,"column":16},"end":{"line":40,"column":39}},{"start":{"line":40,"column":42},"end":{"line":40,"column":46}}]},"5":{"loc":{"start":{"line":46,"column":62},"end":{"line":46,"column":120}},"type":"cond-expr","locations":[{"start":{"line":46,"column":87},"end":{"line":46,"column":100}},{"start":{"line":46,"column":103},"end":{"line":46,"column":120}}]},"6":{"loc":{"start":{"line":63,"column":61},"end":{"line":63,"column":119}},"type":"cond-expr","locations":[{"start":{"line":63,"column":86},"end":{"line":63,"column":99}},{"start":{"line":63,"column":102},"end":{"line":63,"column":119}}]},"7":{"loc":{"start":{"line":80,"column":55},"end":{"line":80,"column":113}},"type":"cond-expr","locations":[{"start":{"line":80,"column":80},"end":{"line":80,"column":93}},{"start":{"line":80,"column":96},"end":{"line":80,"column":113}}]},"8":{"loc":{"start":{"line":85,"column":38},"end":{"line":85,"column":54}},"type":"default-arg","locations":[{"start":{"line":85,"column":53},"end":{"line":85,"column":54}}]},"9":{"loc":{"start":{"line":104,"column":51},"end":{"line":104,"column":109}},"type":"cond-expr","locations":[{"start":{"line":104,"column":76},"end":{"line":104,"column":89}},{"start":{"line":104,"column":92},"end":{"line":104
[...]
line":38,"column":1}}},"2":{"name":"(anonymous_10)","decl":{"start":{"line":41,"column":32},"end":{"line":41,"column":39}},"loc":{"start":{"line":41,"column":85},"end":{"line":65,"column":2}}},"3":{"name":"(anonymous_11)","decl":{"start":{"line":41,"column":85},"end":{"line":41,"column":null}},"loc":{"start":{"line":41,"column":85},"end":{"line":65,"column":1}}},"4":{"name":"(anonymous_12)","decl":{"start":{"line":68,"column":35},"end":{"line":68,"column":42}},"loc":{"start":{"line":68,"column":91},"end":{"line":84,"column":2}}},"5":{"name":"(anonymous_13)","decl":{"start":{"line":68,"column":91},"end":{"line":68,"column":null}},"loc":{"start":{"line":68,"column":91},"end":{"line":84,"column":1}}},"6":{"name":"(anonymous_14)","decl":{"start":{"line":87,"column":40},"end":{"line":87,"column":null}},"loc":{"start":{"line":91,"column":27},"end":{"line":106,"column":2}}},"7":{"name":"(anonymous_15)","decl":{"start":{"line":91,"column":27},"end":{"line":91,"column":null}},"loc":{"start":{"line":91,"column":27},"end":{"line":106,"column":1}}}},"branchMap":{"0":{"loc":{"start":{"line":13,"column":4},"end":{"line":16,"column":5}},"type":"if","locations":[{"start":{"line":13,"column":4},"end":{"line":16,"column":5}}]},"1":{"loc":{"start":{"line":31,"column":4},"end":{"line":31,"column":56}},"type":"cond-expr","locations":[{"start":{"line":31,"column":6},"end":{"line":31,"column":8}},{"start":{"line":31,"column":4},"end":{"line":31,"column":56}}]},"2":{"loc":{"start":{"line":31,"column":4},"end":{"line":31,"column":8}},"type":"binary-expr","locations":[{"start":{"line":31,"column":4},"end":{"line":31,"column":8}},{"start":{"line":31,"column":4},"end":{"line":31,"column":8}}]},"3":{"loc":{"start":{"line":35,"column":55},"end":{"line":35,"column":113}},"type":"cond-expr","locations":[{"start":{"line":35,"column":80},"end":{"line":35,"column":93}},{"start":{"line":35,"column":96},"end":{"line":35,"column":113}}]},"4":{"loc":{"start":{"line":54,"column":6},"end":{"line":54,"column":25}},"type":"binary-expr","locations":[{"start":{"line":54,"column":6},"end":{"line":54,"column":17}},{"start":{"line":54,"column":21},"end":{"line":54,"column":25}}]},"5":{"loc":{"start":{"line":55,"column":6},"end":{"line":55,"column":22}},"type":"binary-expr","locations":[{"start":{"line":55,"column":6},"end":{"line":55,"column":14}},{"start":{"line":55,"column":18},"end":{"line":55,"column":22}}]},"6":{"loc":{"start":{"line":56,"column":6},"end":{"line":56,"column":22}},"type":"binary-expr","locations":[{"start":{"line":56,"column":6},"end":{"line":56,"column":14}},{"start":{"line":56,"column":18},"end":{"line":56,"column":22}}]},"7":{"loc":{"start":{"line":62,"column":68},"end":{"line":62,"column":126}},"type":"cond-expr","locations":[{"start":{"line":62,"column":93},"end":{"line":62,"column":106}},{"start":{"line":62,"column":109},"end":{"line":62,"column":126}}]},"8":{"loc":{"start":{"line":79,"column":11},"end":{"line":79,"column":47}},"type":"binary-expr","locations":[{"start":{"line":79,"column":11},"end":{"line":79,"column":39}},{"start":{"line":79,"column":43},"end":{"line":79,"column":47}}]},"9":{"loc":{"start":{"line":81,"column":55},"end":{"line":81,"column":113}},"type":"cond-expr","locations":[{"start":{"line":81,"column":80},"end":{"line":81,"column":93}},{"start":{"line":81,"column":96},"end":{"line":81,"column":113}}]},"10":{"loc":{"start":{"line":103,"column":72},"end":{"line":103,"column":130}},"type":"cond-expr","locations":[{"start":{"line":103,"column":97},"end":{"line":103,"column":110}},{"start":{"line":103,"column":113},"end":{"line":103,"column":130}}]}},"s":{"0":0,"1":0,"2":0,"3":0,"4":0,"5":0,"6":0,"7":0,"8":0,"9":0,"10":0,"11":0,"12":0,"13":0,"14":0,"15":0,"16":0,"17":0,"18":0,"19":0,"20":0,"21":0,"22":0,"23":0,"24":0,"25":0,"26":0,"27":0,"28":0,"29":0,"30":0,"31":0,"32":0,"33":0,"34":0,"35":0,"36":0,"37":0,"38":0,"39":0,"40":0,"41":0,"42":0,"43":0,"44":0},"f":{"0":0,"1":0,"2":0,"3":0,"4":0,"5":0,"6":0,"7":0},"b":{"0":[0],"1":[0,0],"2":[0,0],"3":[0,0],"4":[0,0],"5":[0,0],"6":[0,0],"7":[0,0],"8":[0,0],"9":[0,0],"10":[0,0]}}
,"C:\\Users\\gokha\\Desktop\\Desktop\\Projeler\\cases\\patrion_backend_case\\src\\types\\log.ts": {"path":"C:\\Users\\gokha\\Desktop\\Desktop\\Projeler\\cases\\patrion_backend_case\\src\\types\\log.ts","statementMap":{"0":{"start":{"line":19,"column":0},"end":{"line":19,"column":null}},"1":{"start":{"line":20,"column":2},"end":{"line":20,"column":null}},"2":{"start":{"line":21,"column":2},"end":{"line":21,"column":null}},"3":{"start":{"line":22,"column":2},"end":{"line":22,"column":null}},"4":{"start":{"line":23,"column":2},"end":{"line":23,"column":null}},"5":{"start":{"line":24,"column":2},"end":{"line":24,"column":null}},"6":{"start":{"line":25,"column":2},"end":{"line":25,"column":null}},"7":{"start":{"line":26,"column":2},"end":{"line":26,"column":null}},"8":{"start":{"line":27,"column":2},"end":{"line":27,"column":null}},"9":{"start":{"line":28,"column":2},"end":{"line":28,"column":null}},"10":{"start":{"line":29,"column":2},"end":{"line":29,"column":null}},"11":{"start":{"line":30,"column":2},"end":{"line":30,"column":null}},"12":{"start":{"line":31,"column":2},"end":{"line":31,"column":null}},"13":{"start":{"line":32,"column":2},"end":{"line":32,"column":null}},"14":{"start":{"line":33,"column":2},"end":{"line":33,"column":null}},"15":{"start":{"line":34,"column":2},"end":{"line":34,"column":null}},"16":{"start":{"line":35,"column":2},"end":{"line":35,"column":null}},"17":{"start":{"line":36,"column":2},"end":{"line":36,"column":null}},"18":{"start":{"line":37,"column":2},"end":{"line":37,"column":null}},"19":{"start":{"line":38,"column":2},"end":{"line":38,"column":null}},"20":{"start":{"line":39,"column":2},"end":{"line":39,"column":null}},"21":{"start":{"line":40,"column":2},"end":{"line":40,"column":null}},"22":{"start":{"line":41,"column":2},"end":{"line":41,"column":null}},"23":{"start":{"line":42,"column":2},"end":{"line":42,"column":null}},"24":{"start":{"line":43,"column":2},"end":{"line":43,"column":null}},"25":{"start":{"line":44,"column":2},"end":{"line":44,"column":null}}},"fnMap":{"0":{"name":"(anonymous_0)","decl":{"start":{"line":19,"column":0},"end":{"line":19,"column":12}},"loc":{"start":{"line":19,"column":21},"end":{"line":45,"column":1}}}},"branchMap":{"0":{"loc":{"start":{"line":19,"column":12},"end":{"line":19,"column":null}},"type":"binary-expr","locations":[{"start":{"line":19,"column":12},"end":{"line":19,"column":21}},{"start":{"line":19,"column":21},"end":{"line":19,"column":null}}]}},"s":{"0":1,"1":1,"2":1,"3":1,"4":1,"5":1,"6":1,"7":1,"8":1,"9":1,"10":1,"11":1,"12":1,"13":1,"14":1,"15":1,"16":1,"17":1,"18":1,"19":1,"20":1,"21":1,"22":1,"23":1,"24":1,"25":1},"f":{"0":1},"b":{"0":[1,1]}}
,"C:\\Users\\gokha\\Desktop\\Desktop\\Projeler\\cases\\patrion_backend_case\\src\\types\\permission.ts": {"path":"C:\\Users\\gokha\\Desktop\\Desktop\\Projeler\\cases\\patrion_backend_case\\src\\types\\permission.ts","statementMap":{"0":{"start":{"line":1,"column":0},"end":{"line":1,"column":34}},"1":{"start":{"line":6,"column":0},"end":{"line":6,"column":null}},"2":{"start":{"line":8,"column":2},"end":{"line":8,"column":null}},"3":{"start":{"line":9,"column":2},"end":{"line":9,"column":null}},"4":{"start":{"line":10,"column":2},"end":{"line":10,"column":null}},"5":{"start":{"line":11,"column":2},"end":{"line":11,"column":null}},"6":{"start":{"line":14,"column":2},"end":{"line":14,"column":null}},"7":{"start":{"line":15,"column":2},"end":{"line":15,"column":null}},"8":{"start":{"line":16,"column":2},"end":{"line":16,"column":null}},"9":{"start":{"line":17,"column":2},"end":{"line":17,"column":null}},"10":{"start":{"line":20,"column":2},"end":{"line":20,"column":null}},"11":{"start":{"line":21,"column":2},"end":{"line":21,"column":null}},"12":{"start":{"line":22,"column":2},"end":{"line":22,"column":null}},"13":{"start":{"line":23,"column":2},"end":{"line":23,"column":null}},"14":{"start":{"line":26,"column":2},"end":{"line":26,"column":null}},"15":{"start":{"line":27,"column":2},"end":{"line":27,"column":null}},"16":{"start":{"line":30,"column":2},"end":{"line":30,"column":null}},"17":{"start":{"line":31,"column":2},"end":{"line":31,"column":null}},"18":{"start":{"line":37,"column":13},"end":{"line":70,"column":2}},"19":{"start":{"line":75,"column":29},"end":{"line":77,"column":1}},"20":{"start":{"line":76,"column":2},"end":{"line":76,"column":63}},"21":{"start":{"line":75,"column":13},"end":{"line":75,"column":29}},"22":{"start":{"line":83,"column":36},"end":{"line":99,"column":1}},"23":{"start":{"line":89,"column":2},"end":{"line":91,"column":3}},"24":{"start":{"line":90,"column":4},"end":{"line":90,"column":16}},"25":{"start":{"line":94,"column":2},"end":{"line":98,"column":4}},"26":{"start":{"line":83,"column":13},"end":{"line":83,"column":36}}},"fnMap":{"0":{"name":"(anonymous_0)","decl":{"start":{"line":6,"column":0},"end":{"line":6,"column":12}},"loc":{"start":{"line":6,"column":22},"end":{"line":32,"column":1}}},"1":{"name":"(anonymous_1)","decl":{"start":{"line":75,"column":29},"end":{"line":75,"column":30}},"loc":{"start":{"line":75,"column":81},"end":{"line":77,"column":1}}},"2":{"name":"(anonymous_2)","decl":{"start":{"line":83,"column":36},"end":{"line":83,"column":null}},"loc":{"start":{"line":87,"column":13},"end":{"line":99,"column":1}}}},"branchMap":{"0":{"loc":{"start":{"line":6,"column":12},"end":{"line":6,"column":null}},"type":"binary-expr","locations":[{"start":{"line":6,"column":12},"end":{"line":6,"column":22}},{"start":{"line":6,"column":22},"end":{"line":6,"column":null}}]},"1":{"loc":{"start":{"line":76,"column":9},"end":{"line":76,"column":62}},"type":"binary-expr","locations":[{"start":{"line":76,"column":9},"end":{"line":76,"column":53}},{"start":{"line":76,"column":57},"end":{"line":76,"column":62}}]},"2":{"loc":{"start":{"line":76,"column":9},"end":{"line":76,"column":53}},"type":"cond-expr","locations":[{"start":{"line":76,"column":31},"end":{"line":76,"column":33}},{"start":{"line":76,"column":31},"end":{"line":76,"column":53}}]},"3":{"loc":{"start":{"line":76,"column":9},"end":{"line":76,"column":33}},"type":"binary-expr","locations":[{"start":{"line":76,"column":9},"end":{"line":76,"column":33}},{"start":{"line":76,"column":31},"end":{"line":76,"column":33}}]},"4":{"loc":{"start":{"line":89,"column":2},"end":{"line":91,"column":3}},"type":"if","locations":[{"start":{"line":89,"column":2},"end":{"line":91,"column":3}}]},"5":{"loc":{"start":{"line":95,"column":4},"end":{"line":97,"column":37}},"type":"binary-expr","locations":[{"start":{"line":95,"column":4},"end":{"line":95,"column":31}},{"start":{"line":96,"column":4},"end":{"line":96,"column":33}},{"start":{"line":97,"column":4},"end":{"line":97,"column":37}}]}},"s":{"0":1,"1":1,"2":1,"3":1,"4":1,"5":1,"6":1,"7":1,"8":1,"9":1,"10":1,"11":1,"12":1,"13":1,"14":1,"15":1,"16":1,"17":1,"18":1,"19":1,"20":0,"21":1,"22":1,"23":0,"24":0,"25":0,"26":1},"f":{"0":1,"1":0,"2":0},"b":{"0":[1,1],"1":[0,0],"2":[0,0],"3":[0,0],"4":[0],"5":[0,0,0]}}
,"C:\\Users\\gokha\\Desktop\\Desktop\\Projeler\\cases\\patrion_backend_case\\src\\types\\user.ts": {"path":"C:\\Users\\gokha\\Desktop\\Desktop\\Projeler\\cases\\patrion_backend_case\\src\\types\\user.ts","statementMap":{"0":{"start":{"line":1,"column":0},"end":{"line":1,"column":null}},"1":{"start":{"line":2,"column":2},"end":{"line":2,"column":null}},"2":{"start":{"line":3,"column":2},"end":{"line":3,"column":null}},"3":{"start":{"line":4,"column":2},"end":{"line":4,"column":null}}},"fnMap":{"0":{"name":"(anonymous_0)","decl":{"start":{"line":1,"column":0},"end":{"line":1,"column":12}},"loc":{"start":{"line":1,"column":20},"end":{"line":5,"column":1}}}},"branchMap":{"0":{"loc":{"start":{"line":1,"column":12},"end":{"line":1,"column":null}},"type":"binary-expr","locations":[{"start":{"line":1,"column":12},"end":{"line":1,"column":20}},{"start":{"line":1,"column":20},"end":{"line":1,"column":null}}]}},"s":{"0":3,"1":3,"2":3,"3":3},"f":{"0":3},"b":{"0":[3,3]}}
,"C:\\Users\\gokha\\Desktop\\Desktop\\Projeler\\cases\\patrion_backend_case\\src\\utils\\jwt.utils.ts": {"path":"C:\\Users\\gokha\\Desktop\\Desktop\\Projeler\\cases\\patrion_backend_case\\src\\utils\\jwt.utils.ts","statementMap":{"0":{"start":{"line":1,"column":0},"end":{"line":1,"column":48}},"1":{"start":{"line":2,"column":0},"end":{"line":2,"column":38}},"2":{"start":{"line":11,"column":29},"end":{"line":22,"column":1}},"3":{"start":{"line":12,"column":18},"end":{"line":16,"column":4}},"4":{"start":{"line":19,"column":2},"end":{"line":21,"column":5}},"5":{"start":{"line":11,"column":13},"end":{"line":11,"column":29}},"6":{"start":{"line":27,"column":27},"end":{"line":34,"column":1}},"7":{"start":{"line":28,"column":2},"end":{"line":33,"column":3}},"8":{"start":{"line":30,"column":4},"end":{"line":30,"column":48}},"9":{"start":{"line":32,"column":4},"end":{"line":32,"column":57}},"10":{"start":{"line":27,"column":13},"end":{"line":27,"column":27}}},"fnMap":{"0":{"name":"(anonymous_1)","decl":{"start":{"line":11,"column":29},"end":{"line":11,"column":30}},"loc":{"start":{"line":11,"column":70},"end":{"line":22,"column":1}}},"1":{"name":"(anonymous_2)","decl":{"start":{"line":27,"column":27},"end":{"line":27,"column":28}},"loc":{"start":{"line":27,"column":50},"end":{"line":34,"column":1}}}},"branchMap":{},"s":{"0":1,"1":1,"2":1,"3":1,"4":1,"5":1,"6":1,"7":0,"8":0,"9":0,"10":1},"f":{"0":1,"1":0},"b":{}}
,"C:\\Users\\gokha\\Desktop\\Desktop\\Projeler\\cases\\patrion_backend_case\\src\\utils\\logger.ts": {"path":"C:\\Users\\gokha\\Desktop\\Desktop\\Projeler\\cases\\patrion_backend_case\\src\\utils\\logger.ts","statementMap":{"0":{"start":{"line":1,"column":0},"end":{"line":1,"column":30}},"1":{"start":{"line":2,"column":0},"end":{"line":2,"column":24}},"2":{"start":{"line":3,"column":0},"end":{"line":3,"column":20}},"3":{"start":{"line":6,"column":15},"end":{"line":6,"column":21}},"4":{"start":{"line":7,"column":0},"end":{"line":9,"column":1}},"5":{"start":{"line":8,"column":2},"end":{"line":8,"column":23}},"6":{"start":{"line":12,"column":18},"end":{"line":16,"column":null}},"7":{"start":{"line":20,"column":15},"end":{"line":39,"column":2}},"8":{"start":{"line":42,"column":0},"end":{"line":48,"column":2}},"9":{"start":{"line":50,"column":0},"end":{"line":56,"column":2}},"10":{"start":{"line":59,"column":0},"end":{"line":66,"column":1}},"11":{"start":{"line":60,"column":2},"end":{"line":65,"column":6}},"12":{"start":{"line":71,"column":13},"end":{"line":124,"column":2}},"13":{"start":{"line":73,"column":4},"end":{"line":73,"column":46}},"14":{"start":{"line":77,"column":4},"end":{"line":77,"column":45}},"15":{"start":{"line":81,"column":4},"end":{"line":81,"column":45}},"16":{"start":{"line":85,"column":4},"end":{"line":85,"column":46}},"17":{"start":{"line":90,"column":21},"end":{"line":90,"column":61}},"18":{"start":{"line":91,"column":4},"end":{"line":101,"column":7}},"19":{"start":{"line":106,"column":4},"end":{"line":112,"column":7}},"20":{"start":{"line":117,"column":4},"end":{"line":122,"column":7}},"21":{"start":{"line":127,"column":0},"end":{"line":127,"column":22}}},"fnMap":{"0":{"name":"(anonymous_1)","decl":{"start":{"line":72,"column":9},"end":{"line":72,"column":10}},"loc":{"start":{"line":72,"column":61},"end":{"line":74,"column":3}}},"1":{"name":"(anonymous_2)","decl":{"start":{"line":76,"column":8},"end":{"line":76,"column":9}},"loc":{"start":{"line":76,"column":60},"end":{"line":78,"column":3}}},"2":{"name":"(anonymous_3)","decl":{"start":{"line":80,"column":8},"end":{"line":80,"column":9}},"loc":{"start":{"line":80,"column":60},"end":{"line":82,"column":3}}},"3":{"name":"(anonymous_4)","decl":{"start":{"line":84,"column":9},"end":{"line":84,"column":10}},"loc":{"start":{"line":84,"column":61},"end":{"line":86,"column":3}}},"4":{"name":"(anonymous_5)","decl":{"start":{"line":89,"column":8},"end":{"line":89,"column":9}},"loc":{"start":{"line":89,"column":53},"end":{"line":102,"column":3}}},"5":{"name":"(anonymous_6)","decl":{"start":{"line":105,"column":6},"end":{"line":105,"column":7}},"loc":{"start":{"line":105,"column":57},"end":{"line":113,"column":3}}},"6":{"name":"(anonymous_7)","decl":{"start":{"line":116,"column":10},"end":{"line":116,"column":11}},"loc":{"start":{"line":116,"column":42},"end":{"line":123,"column":3}}}},"branchMap":{"0":{"loc":{"start":{"line":7,"column":0},"end":{"line":9,"column":1}},"type":"if","locations":[{"start":{"line":7,"column":0},"end":{"line":9,"column":1}}]},"1":{"loc":{"start":{"line":21,"column":9},"end":{"line":21,"column":65}},"type":"cond-expr","locations":[{"start":{"line":21,"column":49},"end":{"line":21,"column":55}},{"start":{"line":21,"column":58},"end":{"line":21,"column":65}}]},"2":{"loc":{"start":{"line":59,"column":0},"end":{"line":66,"column":1}},"type":"if","locations":[{"start":{"line":59,"column":0},"end":{"line":66,"column":1}}]},"3":{"loc":{"start":{"line":72,"column":27},"end":{"line":72,"column":57}},"type":"default-arg","locations":[{"start":{"line":72,"column":55},"end":{"line":72,"column":57}}]},"4":{"loc":{"start":{"line":76,"column":26},"end":{"line":76,"column":56}},"type":"default-arg","locations":[{"start":{"line":76,"column":54},"end":{"line":76,"column":56}}]},"5":{"loc":{"start":{"line":80,"column":26},"end":{"line":80,"column":56}},"type":"default-arg","locations":[{"start":{"line":80,"column":54},"end":{"line":80,"column":56}}]},"6":{"loc":{"start":{"line":84,"column":27},"end":{"line":84,"column":57}},"type":"default-arg","locations":[{"start":{"line":84,"column":55},"end":{"line":84,"column":57}}]},"7":{"loc":{"start":{"line":90,"column":21},"end":{"line":90,"column":61}},"type":"cond-expr","locations":[{"start":{"line":90,"column":45},"end":{"line":90,"column":52}},{"start":{"line":90,"column":55},"end":{"line":90,"column":61}}]},"8":{"loc":{"start":{"line":99,"column":16},"end":{"line":99,"column":28}},"type":"cond-expr","locations":[{"start":{"line":99,"column":24},"end":{"line":99,"column":26}},{"start":{"line":99,"column":24},"end":{"line":99,"column":28}}]},"9":{"loc":{"start":{"line":99,"column":16},"end":{"line":99,"column":26}},"type":"binary-expr","locations":[{"start":{"line":99,"column":16},"end":{"line":99,"column":26}},{"start":{"line":99,"column":24},"end":{"line":99,"column":26}}]}},"s":{"0":1,"1":1,"2":1,"3":1,"4":1,"5":0,"6":1,"7":1,"8":1,"9":1,"10":1,"11":1,"12":1,"13":0,"14":0,"15":7,"16":0,"17":5,"18":5,"19":0,"20":0,"21":1},"f":{"0":0,"1":0,"2":7,"3":0,"4":5,"5":0,"6":0},"b":{"0":[0],"1":[0,1],"2":[1],"3":[0],"4":[0],"5":[7],"6":[0],"7":[4,1],"8":[5,0],"9":[5,5]}}
,"C:\\Users\\gokha\\Desktop\\Desktop\\Projeler\\cases\\patrion_backend_case\\src\\utils\\swagger.ts": {"path":"C:\\Users\\gokha\\Desktop\\Desktop\\Projeler\\cases\\patrion_backend_case\\src\\utils\\swagger.ts","statementMap":{"0":{"start":{"line":1,"column":0},"end":{"line":1,"column":41}},"1":{"start":{"line":2,"column":0},"end":{"line":2,"column":45}},"2":{"start":{"line":4,"column":38},"end":{"line":43,"column":2}},"3":{"start":{"line":45,"column":20},"end":{"line":45,"column":41}},"4":{"start":{"line":47,"column":0},"end":{"line":47,"column":27}}},"fnMap":{},"branchMap":{},"s":{"0":1,"1":1,"2":1,"3":1,"4":1},"f":{},"b":{}}
,"C:\\Users\\gokha\\Desktop\\Desktop\\Projeler\\cases\\patrion_backend_case\\src\\utils\\validation.rules.ts": {"path":"C:\\Users\\gokha\\Desktop\\Desktop\\Projeler\\cases\\patrion_backend_case\\src\\utils\\validation.rules.ts","statementMap":{"0":{"start":{"line":1,"column":0},"end":{"line":1,"column":55}},"1":{"start":{"line":2,"column":0},"end":{"line":2,"column":41}},"2":{"start":{"line":7,"column":13},"end":{"line":36,"column":2}},"3":{"start":{"line":41,"column":13},"end":{"line":64,"column":2}},"4":{"start":{"line":69,"column":13},"end":{"line":104,"column":2}},"5":{"start":{"line":109,"column":13},"end":{"line":165,"column":2}}},"fnMap":{},"branchMap":{},"s":{"0":2,"1":2,"2":2,"3":2,"4":2,"5":2},"f":{},"b":{}}
}
