{"C:\\Users\\gokha\\Desktop\\Desktop\\Projeler\\cases\\patrion_backend_case\\src\\index.ts": {"path":"C:\\Users\\gokha\\Desktop\\Desktop\\Projeler\\cases\\patrion_backend_case\\src\\index.ts","statementMap":{"0":{"start":{"line":1,"column":0},"end":{"line":1,"column":66}},"1":{"start":{"line":2,"column":0},"end":{"line":2,"column":24}},"2":{"start":{"line":3,"column":0},"end":{"line":3,"column":28}},"3":{"start":{"line":4,"column":0},"end":{"line":4,"column":24}},"4":{"start":{"line":5,"column":0},"end":{"line":5,"column":37}},"5":{"start":{"line":6,"column":0},"end":{"line":6,"column":30}},"6":{"start":{"line":7,"column":0},"end":{"line":7,"column":57}},"7":{"start":{"line":8,"column":0},"end":{"line":8,"column":40}},"8":{"start":{"line":9,"column":0},"end":{"line":9,"column":55}},"9":{"start":{"line":10,"column":0},"end":{"line":10,"column":62}},"10":{"start":{"line":11,"column":0},"end":{"line":11,"column":82}},"11":{"start":{"line":12,"column":0},"end":{"line":12,"column":57}},"12":{"start":{"line":13,"column":0},"end":{"line":13,"column":61}},"13":{"start":{"line":14,"column":0},"end":{"line":14,"column":37}},"14":{"start":{"line":15,"column":0},"end":{"line":15,"column":43}},"15":{"start":{"line":16,"column":0},"end":{"line":16,"column":42}},"16":{"start":{"line":17,"column":0},"end":{"line":17,"column":40}},"17":{"start":{"line":19,"column":0},"end":{"line":19,"column":16}},"18":{"start":{"line":22,"column":25},"end":{"line":22,"column":34}},"19":{"start":{"line":23,"column":13},"end":{"line":23,"column":24}},"20":{"start":{"line":26,"column":0},"end":{"line":26,"column":16}},"21":{"start":{"line":27,"column":0},"end":{"line":27,"column":24}},"22":{"start":{"line":28,"column":0},"end":{"line":28,"column":48}},"23":{"start":{"line":31,"column":0},"end":{"line":31,"column":20}},"24":{"start":{"line":34,"column":21},"end":{"line":72,"column":2}},"25":{"start":{"line":34,"column":32},"end":{"line":72,"column":2}},"26":{"start":{"line":35,"column":2},"end":{"line":62,"column":3}},"27":{"start":{"line":37,"column":4},"end":{"line":37,"column":33}},"28":{"start":{"line":38,"column":4},"end":{"line":38,"column":53}},"29":{"start":{"line":41,"column":4},"end":{"line":41,"column":29}},"30":{"start":{"line":42,"column":4},"end":{"line":42,"column":56}},"31":{"start":{"line":45,"column":4},"end":{"line":45,"column":31}},"32":{"start":{"line":46,"column":4},"end":{"line":46,"column":53}},"33":{"start":{"line":48,"column":4},"end":{"line":48,"column":34}},"34":{"start":{"line":49,"column":4},"end":{"line":49,"column":58}},"35":{"start":{"line":52,"column":4},"end":{"line":52,"column":32}},"36":{"start":{"line":53,"column":4},"end":{"line":53,"column":60}},"37":{"start":{"line":57,"column":4},"end":{"line":57,"column":59}},"38":{"start":{"line":59,"column":25},"end":{"line":59,"column":79}},"39":{"start":{"line":60,"column":4},"end":{"line":60,"column":83}},"40":{"start":{"line":61,"column":4},"end":{"line":61,"column":52}},"41":{"start":{"line":63,"column":2},"end":{"line":71,"column":3}},"42":{"start":{"line":65,"column":4},"end":{"line":65,"column":25}},"43":{"start":{"line":66,"column":4},"end":{"line":66,"column":48}},"44":{"start":{"line":68,"column":25},"end":{"line":68,"column":79}},"45":{"start":{"line":69,"column":4},"end":{"line":69,"column":70}},"46":{"start":{"line":70,"column":4},"end":{"line":70,"column":64}},"47":{"start":{"line":75,"column":0},"end":{"line":75,"column":24}},"48":{"start":{"line":78,"column":0},"end":{"line":78,"column":68}},"49":{"start":{"line":79,"column":0},"end":{"line":82,"column":3}},"50":{"start":{"line":80,"column":2},"end":{"line":80,"column":52}},"51":{"start":{"line":81,"column":2},"end":{"line":81,"column":24}},"52":{"start":{"line":85,"column":0},"end":{"line":87,"column":3}},"53":{"start":{"line":86,"column":2},"end":{"line":86,"column":28}},"54":{"start":{"line":90,"column":0},"end":{"line":95,"column":3}},"55":{"start":{"line":91,"column":2},"end":{"line":94,"column":5}},"56":{"start":{"line":98,"column":0},"end":{"line":113,"column":3}},"57":{"start":{"line":99,"column":2},"end":{"line":104,"column":5}},"58":{"start":{"line":106,"column":21},"end":{"line":106,"column":42}},"59":{"start":{"line":107,"column":23},"end":{"line":107,"column":53}},"60":{"start":{"line":109,"column":2},"end":{"line":112,"column":5}},"61":{"start":{"line":116,"column":15},"end":{"line":116,"column":37}},"62":{"start":{"line":119,"column":0},"end":{"line":119,"column":21}},"63":{"start":{"line":122,"column":27},"end":{"line":126,"column":1}},"64":{"start":{"line":123,"column":2},"end":{"line":125,"column":3}},"65":{"start":{"line":124,"column":4},"end":{"line":124,"column":19}},"66":{"start":{"line":122,"column":13},"end":{"line":122,"column":27}},"67":{"start":{"line":129,"column":27},"end":{"line":143,"column":2}},"68":{"start":{"line":129,"column":38},"end":{"line":143,"column":2}},"69":{"start":{"line":130,"column":2},"end":{"line":142,"column":5}},"70":{"start":{"line":131,"column":4},"end":{"line":141,"column":7}},"71":{"start":{"line":131,"column":35},"end":{"line":141,"column":6}},"72":{"start":{"line":132,"column":6},"end":{"line":132,"column":70}},"73":{"start":{"line":135,"column":6},"end":{"line":135,"column":27}},"74":{"start":{"line":138,"column":6},"end":{"line":138,"column":23}},"75":{"start":{"line":140,"column":6},"end":{"line":140,"column":16}},"76":{"start":{"line":129,"column":13},"end":{"line":129,"column":27}},"77":{"start":{"line":146,"column":0},"end":{"line":148,"column":1}},"78":{"start":{"line":147,"column":2},"end":{"line":147,"column":16}},"79":{"start":{"line":151,"column":0},"end":{"line":157,"column":3}},"80":{"start":{"line":152,"column":2},"end":{"line":152,"column":58}},"81":{"start":{"line":153,"column":2},"end":{"line":156,"column":5}},"82":{"start":{"line":154,"column":4},"end":{"line":154,"column":41}},"83":{"start":{"line":155,"column":4},"end":{"line":155,"column":20}},"84":{"start":{"line":159,"column":0},"end":{"line":159,"column":22}}},"fnMap":{"0":{"name":"(anonymous_8)","decl":{"start":{"line":34,"column":21},"end":{"line":34,"column":30}},"loc":{"start":{"line":34,"column":32},"end":{"line":72,"column":2}}},"1":{"name":"(anonymous_9)","decl":{"start":{"line":34,"column":32},"end":{"line":34,"column":null}},"loc":{"start":{"line":34,"column":32},"end":{"line":72,"column":1}}},"2":{"name":"(anonymous_10)","decl":{"start":{"line":79,"column":26},"end":{"line":79,"column":27}},"loc":{"start":{"line":79,"column":58},"end":{"line":82,"column":1}}},"3":{"name":"(anonymous_11)","decl":{"start":{"line":85,"column":13},"end":{"line":85,"column":14}},"loc":{"start":{"line":85,"column":45},"end":{"line":87,"column":1}}},"4":{"name":"(anonymous_12)","decl":{"start":{"line":90,"column":8},"end":{"line":90,"column":9}},"loc":{"start":{"line":90,"column":40},"end":{"line":95,"column":1}}},"5":{"name":"(anonymous_13)","decl":{"start":{"line":98,"column":8},"end":{"line":98,"column":9}},"loc":{"start":{"line":98,"column":61},"end":{"line":113,"column":1}}},"6":{"name":"(anonymous_14)","decl":{"start":{"line":122,"column":27},"end":{"line":122,"column":30}},"loc":{"start":{"line":122,"column":32},"end":{"line":126,"column":1}}},"7":{"name":"(anonymous_15)","decl":{"start":{"line":129,"column":27},"end":{"line":129,"column":36}},"loc":{"start":{"line":129,"column":38},"end":{"line":143,"column":2}}},"8":{"name":"(anonymous_16)","decl":{"start":{"line":129,"column":38},"end":{"line":129,"column":null}},"loc":{"start":{"line":129,"column":38},"end":{"line":143,"column":1}}},"9":{"name":"(anonymous_17)","decl":{"start":{"line":130,"column":27},"end":{"line":130,"column":28}},"loc":{"start":{"line":130,"column":39},"end":{"line":142,"column":3}}},"10":{"name":"(anonymous_18)","decl":{"start":{"line":131,"column":24},"end":{"line":131,"column":33}},"loc":{"start":{"line":131,"column":35},"end":{"line":141,"column":6}}},"11":{"name":"(anonymous_19)","decl":{"start":{"line":131,"column":35},"end":{"line":131,"column":null}},"loc":{"start":{"line":131,"column":35},"end":{"line":141,"column":5}}},"12":{"name":"(anonymous_20)","decl":{"start":{"line":151,"column":22},"end":{"line":151,"column":25}},"loc":{"start":{"line":151,"column":27},"end":{"line":157,"column":1}}},"13":{"name":"(anonymous_21)","decl":{"start":{"line":153,"column":15},"end":{"line":153,"column":18}},"loc":{"start":{"line":153,"column":20},"end":{"line":156,"column":3}}}},"branchMap":{"0":{"loc":{"start":{"line":59,"column":25},"end":{"line":59,"column":79}},"type":"cond-expr","locations":[{"start":{"line":59,"column":50},"end":{"line":59,"column":63}},{"start":{"line":59,"column":66},"end":{"line":59,"column":79}}]},"1":{"loc":{"start":{"line":68,"column":25},"end":{"line":68,"column":79}},"type":"cond-expr","locations":[{"start":{"line":68,"column":50},"end":{"line":68,"column":63}},{"start":{"line":68,"column":66},"end":{"line":68,"column":79}}]},"2":{"loc":{"start":{"line":100,"column":11},"end":{"line":100,"column":43}},"type":"binary-expr","locations":[{"start":{"line":100,"column":11},"end":{"line":100,"column":22}},{"start":{"line":100,"column":26},"end":{"line":100,"column":43}}]},"3":{"loc":{"start":{"line":106,"column":21},"end":{"line":106,"column":42}},"type":"binary-expr","locations":[{"start":{"line":106,"column":21},"end":{"line":106,"column":35}},{"start":{"line":106,"column":39},"end":{"line":106,"column":42}}]},"4":{"loc":{"start":{"line":107,"column":23},"end":{"line":107,"column":53}},"type":"binary-expr","locations":[{"start":{"line":107,"column":23},"end":{"line":107,"column":34}},{"start":{"line":107,"column":38},"end":{"line":107,"column":53}}]},"5":{"loc":{"start":{"line":123,"column":2},"end":{"line":125,"column":3}},"type":"if","locations":[{"start":{"line":123,"column":2},"end":{"line":125,"column":3}}]},"6":{"loc":{"start":{"line":146,"column":0},"end":{"line":148,"column":1}},"type":"if","locations":[{"start":{"line":146,"column":0},"end":{"line":148,"column":1}}]}},"s":{"0":2,"1":2,"2":2,"3":2,"4":2,"5":2,"6":2,"7":2,"8":2,"9":2,"10":2,"11":2,"12":2,"13":2,"14":2,"15":2,"16":2,"17":2,"18":2,"19":2,"20":2,"21":2,"22":2,"23":2,"24":2,"25":0,"26":0,"27":0,"28":0,"29":0,"30":0,"31":0,"32":0,"33":0,"34":0,"35":0,"36":0,"37":0,"38":0,"39":0,"40":0,"41":0,"42":0,"43":0,"44":0,"45":0,"46":0,"47":2,"48":2,"49":2,"50":0,"51":0,"52":2,"53":0,"54":2,"55":0,"56":2,"57":0,"58":0,"59":0,"60":0,"61":2,"62":2,"63":2,"64":1,"65":1,"66":2,"67":2,"68":0,"69":0,"70":0,"71":0,"72":0,"73":0,"74":0,"75":0,"76":2,"77":2,"78":0,"79":2,"80":0,"81":0,"82":0,"83":0,"84":2},"f":{"0":0,"1":0,"2":0,"3":0,"4":0,"5":0,"6":1,"7":0,"8":0,"9":0,"10":0,"11":0,"12":0,"13":0},"b":{"0":[0,0],"1":[0,0],"2":[0,0],"3":[0,0],"4":[0,0],"5":[1],"6":[0]}}
,"C:\\Users\\gokha\\Desktop\\Desktop\\Projeler\\cases\\patrion_backend_case\\src\\socket.ts": {"path":"C:\\Users\\gokha\\Desktop\\Desktop\\Projeler\\cases\\patrion_backend_case\\src\\socket.ts","statementMap":{"0":{"start":{"line":2,"column":0},"end":{"line":2,"column":35}},"1":{"start":{"line":3,"column":0},"end":{"line":3,"column":67}},"2":{"start":{"line":4,"column":0},"end":{"line":4,"column":51}},"3":{"start":{"line":5,"column":0},"end":{"line":5,"column":40}},"4":{"start":{"line":7,"column":24},"end":{"line":7,"column":28}},"5":{"start":{"line":63,"column":9},"end":{"line":63,"column":11}},"6":{"start":{"line":9,"column":28},"end":{"line":61,"column":1}},"7":{"start":{"line":10,"column":2},"end":{"line":15,"column":5}},"8":{"start":{"line":18,"column":2},"end":{"line":18,"column":29}},"9":{"start":{"line":20,"column":2},"end":{"line":58,"column":5}},"10":{"start":{"line":20,"column":39},"end":{"line":58,"column":4}},"11":{"start":{"line":21,"column":4},"end":{"line":57,"column":5}},"12":{"start":{"line":22,"column":21},"end":{"line":22,"column":41}},"13":{"start":{"line":23,"column":23},"end":{"line":23,"column":49}},"14":{"start":{"line":25,"column":6},"end":{"line":25,"column":65}},"15":{"start":{"line":28,"column":6},"end":{"line":38,"column":7}},"16":{"start":{"line":29,"column":8},"end":{"line":37,"column":11}},"17":{"start":{"line":41,"column":6},"end":{"line":44,"column":9}},"18":{"start":{"line":42,"column":8},"end":{"line":42,"column":44}},"19":{"start":{"line":43,"column":8},"end":{"line":43,"column":84}},"20":{"start":{"line":46,"column":6},"end":{"line":49,"column":9}},"21":{"start":{"line":47,"column":8},"end":{"line":47,"column":42}},"22":{"start":{"line":48,"column":8},"end":{"line":48,"column":82}},"23":{"start":{"line":52,"column":6},"end":{"line":54,"column":9}},"24":{"start":{"line":53,"column":8},"end":{"line":53,"column":66}},"25":{"start":{"line":56,"column":6},"end":{"line":56,"column":110}},"26":{"start":{"line":60,"column":2},"end":{"line":60,"column":12}},"27":{"start":{"line":9,"column":13},"end":{"line":9,"column":28}}},"fnMap":{"0":{"name":"(anonymous_7)","decl":{"start":{"line":9,"column":28},"end":{"line":9,"column":29}},"loc":{"start":{"line":9,"column":60},"end":{"line":61,"column":1}}},"1":{"name":"(anonymous_8)","decl":{"start":{"line":20,"column":22},"end":{"line":20,"column":29}},"loc":{"start":{"line":20,"column":39},"end":{"line":58,"column":4}}},"2":{"name":"(anonymous_9)","decl":{"start":{"line":20,"column":39},"end":{"line":20,"column":null}},"loc":{"start":{"line":20,"column":39},"end":{"line":58,"column":3}}},"3":{"name":"(anonymous_10)","decl":{"start":{"line":41,"column":32},"end":{"line":41,"column":33}},"loc":{"start":{"line":41,"column":46},"end":{"line":44,"column":7}}},"4":{"name":"(anonymous_11)","decl":{"start":{"line":46,"column":31},"end":{"line":46,"column":32}},"loc":{"start":{"line":46,"column":44},"end":{"line":49,"column":7}}},"5":{"name":"(anonymous_12)","decl":{"start":{"line":52,"column":30},"end":{"line":52,"column":33}},"loc":{"start":{"line":52,"column":35},"end":{"line":54,"column":7}}}},"branchMap":{"0":{"loc":{"start":{"line":22,"column":21},"end":{"line":22,"column":41}},"type":"cond-expr","locations":[{"start":{"line":22,"column":37},"end":{"line":22,"column":39}},{"start":{"line":22,"column":37},"end":{"line":22,"column":41}}]},"1":{"loc":{"start":{"line":22,"column":21},"end":{"line":22,"column":39}},"type":"binary-expr","locations":[{"start":{"line":22,"column":21},"end":{"line":22,"column":39}},{"start":{"line":22,"column":37},"end":{"line":22,"column":39}}]},"2":{"loc":{"start":{"line":23,"column":23},"end":{"line":23,"column":49}},"type":"cond-expr","locations":[{"start":{"line":23,"column":39},"end":{"line":23,"column":41}},{"start":{"line":23,"column":39},"end":{"line":23,"column":49}}]},"3":{"loc":{"start":{"line":23,"column":23},"end":{"line":23,"column":41}},"type":"binary-expr","locations":[{"start":{"line":23,"column":23},"end":{"line":23,"column":41}},{"start":{"line":23,"column":39},"end":{"line":23,"column":41}}]},"4":{"loc":{"start":{"line":28,"column":6},"end":{"line":38,"column":7}},"type":"if","locations":[{"start":{"line":28,"column":6},"end":{"line":38,"column":7}}]},"5":{"loc":{"start":{"line":56,"column":50},"end":{"line":56,"column":108}},"type":"cond-expr","locations":[{"start":{"line":56,"column":75},"end":{"line":56,"column":88}},{"start":{"line":56,"column":91},"end":{"line":56,"column":108}}]}},"s":{"0":2,"1":2,"2":2,"3":2,"4":2,"5":2,"6":2,"7":2,"8":2,"9":2,"10":0,"11":0,"12":0,"13":0,"14":0,"15":0,"16":0,"17":0,"18":0,"19":0,"20":0,"21":0,"22":0,"23":0,"24":0,"25":0,"26":2,"27":2},"f":{"0":2,"1":0,"2":0,"3":0,"4":0,"5":0},"b":{"0":[0,0],"1":[0,0],"2":[0,0],"3":[0,0],"4":[0],"5":[0,0]}}
,"C:\\Users\\gokha\\Desktop\\Desktop\\Projeler\\cases\\patrion_backend_case\\src\\config\\config.ts": {"path":"C:\\Users\\gokha\\Desktop\\Desktop\\Projeler\\cases\\patrion_backend_case\\src\\config\\config.ts","statementMap":{"0":{"start":{"line":1,"column":0},"end":{"line":1,"column":28}},"1":{"start":{"line":4,"column":0},"end":{"line":4,"column":16}},"2":{"start":{"line":6,"column":15},"end":{"line":36,"column":2}},"3":{"start":{"line":38,"column":0},"end":{"line":38,"column":22}}},"fnMap":{},"branchMap":{"0":{"loc":{"start":{"line":7,"column":8},"end":{"line":7,"column":32}},"type":"binary-expr","locations":[{"start":{"line":7,"column":8},"end":{"line":7,"column":24}},{"start":{"line":7,"column":28},"end":{"line":7,"column":32}}]},"1":{"loc":{"start":{"line":8,"column":11},"end":{"line":8,"column":48}},"type":"binary-expr","locations":[{"start":{"line":8,"column":11},"end":{"line":8,"column":31}},{"start":{"line":8,"column":35},"end":{"line":8,"column":48}}]},"2":{"loc":{"start":{"line":11,"column":10},"end":{"line":11,"column":44}},"type":"binary-expr","locations":[{"start":{"line":11,"column":10},"end":{"line":11,"column":29}},{"start":{"line":11,"column":33},"end":{"line":11,"column":44}}]},"3":{"loc":{"start":{"line":12,"column":19},"end":{"line":12,"column":48}},"type":"binary-expr","locations":[{"start":{"line":12,"column":19},"end":{"line":12,"column":38}},{"start":{"line":12,"column":42},"end":{"line":12,"column":48}}]},"4":{"loc":{"start":{"line":13,"column":10},"end":{"line":13,"column":43}},"type":"binary-expr","locations":[{"start":{"line":13,"column":10},"end":{"line":13,"column":29}},{"start":{"line":13,"column":33},"end":{"line":13,"column":43}}]},"5":{"loc":{"start":{"line":14,"column":14},"end":{"line":14,"column":47}},"type":"binary-expr","locations":[{"start":{"line":14,"column":14},"end":{"line":14,"column":37}},{"start":{"line":14,"column":41},"end":{"line":14,"column":47}}]},"6":{"loc":{"start":{"line":15,"column":14},"end":{"line":15,"column":51}},"type":"binary-expr","locations":[{"start":{"line":15,"column":14},"end":{"line":15,"column":33}},{"start":{"line":15,"column":37},"end":{"line":15,"column":51}}]},"7":{"loc":{"start":{"line":19,"column":12},"end":{"line":19,"column":62}},"type":"binary-expr","locations":[{"start":{"line":19,"column":12},"end":{"line":19,"column":34}},{"start":{"line":19,"column":38},"end":{"line":19,"column":62}}]},"8":{"loc":{"start":{"line":20,"column":15},"end":{"line":20,"column":49}},"type":"binary-expr","locations":[{"start":{"line":20,"column":15},"end":{"line":20,"column":41}},{"start":{"line":20,"column":45},"end":{"line":20,"column":49}}]},"9":{"loc":{"start":{"line":24,"column":12},"end":{"line":24,"column":62}},"type":"binary-expr","locations":[{"start":{"line":24,"column":12},"end":{"line":24,"column":35}},{"start":{"line":24,"column":39},"end":{"line":24,"column":62}}]},"10":{"loc":{"start":{"line":25,"column":14},"end":{"line":25,"column":45}},"type":"binary-expr","locations":[{"start":{"line":25,"column":14},"end":{"line":25,"column":39}},{"start":{"line":25,"column":43},"end":{"line":25,"column":45}}]},"11":{"loc":{"start":{"line":26,"column":14},"end":{"line":26,"column":45}},"type":"binary-expr","locations":[{"start":{"line":26,"column":14},"end":{"line":26,"column":39}},{"start":{"line":26,"column":43},"end":{"line":26,"column":45}}]},"12":{"loc":{"start":{"line":27,"column":14},"end":{"line":27,"column":68}},"type":"binary-expr","locations":[{"start":{"line":27,"column":14},"end":{"line":27,"column":40}},{"start":{"line":27,"column":44},"end":{"line":27,"column":68}}]},"13":{"loc":{"start":{"line":31,"column":9},"end":{"line":31,"column":58}},"type":"binary-expr","locations":[{"start":{"line":31,"column":9},"end":{"line":31,"column":31}},{"start":{"line":31,"column":35},"end":{"line":31,"column":58}}]},"14":{"loc":{"start":{"line":32,"column":11},"end":{"line":32,"column":49}},"type":"binary-expr","locations":[{"start":{"line":32,"column":11},"end":{"line":32,"column":35}},{"start":{"line":32,"column":39},"end":{"line":32,"column":49}}]},"15":{"loc":{"start":{"line":33,"column":9},"end":{"line":33,"column":43}},"type":"binary-expr","locations":[{"start":{"line":33,"column":9},"end":{"line":33,"column":31}},{"start":{"line":33,"column":35},"end":{"line":33,"column":43}}]},"16":{"loc":{"start":{"line":34,"column":12},"end":{"line":34,"column":54}},"type":"binary-expr","locations":[{"start":{"line":34,"column":12},"end":{"line":34,"column":37}},{"start":{"line":34,"column":41},"end":{"line":34,"column":54}}]}},"s":{"0":2,"1":2,"2":2,"3":2},"f":{},"b":{"0":[2,0],"1":[2,0],"2":[2,0],"3":[2,0],"4":[2,0],"5":[2,0],"6":[2,0],"7":[2,0],"8":[2,0],"9":[2,0],"10":[2,2],"11":[2,2],"12":[2,0],"13":[2,0],"14":[2,0],"15":[2,0],"16":[2,0]}}
,"C:\\Users\\gokha\\Desktop\\Desktop\\Projeler\\cases\\patrion_backend_case\\src\\config\\database.ts": {"path":"C:\\Users\\gokha\\Desktop\\Desktop\\Projeler\\cases\\patrion_backend_case\\src\\config\\database.ts","statementMap":{"0":{"start":{"line":1,"column":0},"end":{"line":1,"column":51}},"1":{"start":{"line":2,"column":0},"end":{"line":2,"column":30}},"2":{"start":{"line":3,"column":0},"end":{"line":3,"column":38}},"3":{"start":{"line":5,"column":13},"end":{"line":12,"column":2}},"4":{"start":{"line":15,"column":0},"end":{"line":17,"column":3}},"5":{"start":{"line":16,"column":2},"end":{"line":16,"column":69}},"6":{"start":{"line":20,"column":23},"end":{"line":35,"column":2}},"7":{"start":{"line":20,"column":34},"end":{"line":35,"column":2}},"8":{"start":{"line":22,"column":2},"end":{"line":34,"column":3}},"9":{"start":{"line":23,"column":4},"end":{"line":23,"column":34}},"10":{"start":{"line":24,"column":19},"end":{"line":24,"column":53}},"11":{"start":{"line":25,"column":4},"end":{"line":25,"column":78}},"12":{"start":{"line":26,"column":4},"end":{"line":26,"column":16}},"13":{"start":{"line":28,"column":4},"end":{"line":30,"column":7}},"14":{"start":{"line":31,"column":4},"end":{"line":31,"column":17}},"15":{"start":{"line":33,"column":4},"end":{"line":33,"column":33}},"16":{"start":{"line":33,"column":16},"end":{"line":33,"column":33}},"17":{"start":{"line":38,"column":0},"end":{"line":38,"column":17}},"18":{"start":{"line":40,"column":0},"end":{"line":40,"column":20}}},"fnMap":{"0":{"name":"(anonymous_8)","decl":{"start":{"line":15,"column":17},"end":{"line":15,"column":18}},"loc":{"start":{"line":15,"column":25},"end":{"line":17,"column":1}}},"1":{"name":"(anonymous_9)","decl":{"start":{"line":20,"column":23},"end":{"line":20,"column":32}},"loc":{"start":{"line":20,"column":34},"end":{"line":35,"column":2}}},"2":{"name":"(anonymous_10)","decl":{"start":{"line":20,"column":34},"end":{"line":20,"column":null}},"loc":{"start":{"line":20,"column":34},"end":{"line":35,"column":1}}}},"branchMap":{"0":{"loc":{"start":{"line":29,"column":13},"end":{"line":29,"column":67}},"type":"cond-expr","locations":[{"start":{"line":29,"column":36},"end":{"line":29,"column":47}},{"start":{"line":29,"column":50},"end":{"line":29,"column":67}}]},"1":{"loc":{"start":{"line":33,"column":4},"end":{"line":33,"column":33}},"type":"if","locations":[{"start":{"line":33,"column":4},"end":{"line":33,"column":33}}]}},"s":{"0":1,"1":1,"2":1,"3":1,"4":1,"5":0,"6":1,"7":1,"8":1,"9":1,"10":0,"11":0,"12":0,"13":0,"14":0,"15":0,"16":0,"17":1,"18":1},"f":{"0":0,"1":1,"2":1},"b":{"0":[0,0],"1":[0]}}
,"C:\\Users\\gokha\\Desktop\\Desktop\\Projeler\\cases\\patrion_backend_case\\src\\config\\influxdb.ts": {"path":"C:\\Users\\gokha\\Desktop\\Desktop\\Projeler\\cases\\patrion_backend_case\\src\\config\\influxdb.ts","statementMap":{"0":{"start":{"line":1,"column":0},"end":{"line":1,"column":19}},"1":{"start":{"line":20,"column":45},"end":{"line":1,"column":62}},"2":{"start":{"line":2,"column":0},"end":{"line":2,"column":30}},"3":{"start":{"line":5,"column":17},"end":{"line":8,"column":2}},"4":{"start":{"line":20,"column":9},"end":{"line":20,"column":17}},"5":{"start":{"line":11,"column":20},"end":{"line":14,"column":null}},"6":{"start":{"line":20,"column":19},"end":{"line":20,"column":30}},"7":{"start":{"line":18,"column":20},"end":{"line":18,"column":61}},"8":{"start":{"line":20,"column":32},"end":{"line":20,"column":43}}},"fnMap":{"0":{"name":"(anonymous_1)","decl":{"start":{"line":20,"column":45},"end":{"line":20,"column":50}},"loc":{"start":{"line":20,"column":45},"end":{"line":1,"column":62}}}},"branchMap":{},"s":{"0":1,"1":1,"2":1,"3":1,"4":1,"5":1,"6":1,"7":1,"8":1},"f":{"0":0},"b":{}}
,"C:\\Users\\gokha\\Desktop\\Desktop\\Projeler\\cases\\patrion_backend_case\\src\\controllers\\auth.controller.ts": {"path":"C:\\Users\\gokha\\Desktop\\Desktop\\Projeler\\cases\\patrion_backend_case\\src\\controllers\\auth.controller.ts","statementMap":{"0":{"start":{"line":2,"column":0},"end":{"line":2,"column":56}},"1":{"start":{"line":67,"column":24},"end":{"line":94,"column":2}},"2":{"start":{"line":67,"column":81},"end":{"line":94,"column":2}},"3":{"start":{"line":68,"column":2},"end":{"line":93,"column":3}},"4":{"start":{"line":69,"column":21},"end":{"line":69,"column":29}},"5":{"start":{"line":70,"column":20},"end":{"line":70,"column":56}},"6":{"start":{"line":72,"column":4},"end":{"line":76,"column":7}},"7":{"start":{"line":78,"column":25},"end":{"line":78,"column":106}},"8":{"start":{"line":81,"column":4},"end":{"line":87,"column":5}},"9":{"start":{"line":82,"column":6},"end":{"line":85,"column":9}},"10":{"start":{"line":86,"column":6},"end":{"line":86,"column":13}},"11":{"start":{"line":89,"column":4},"end":{"line":92,"column":7}},"12":{"start":{"line":67,"column":13},"end":{"line":67,"column":24}},"13":{"start":{"line":146,"column":21},"end":{"line":163,"column":2}},"14":{"start":{"line":146,"column":78},"end":{"line":163,"column":2}},"15":{"start":{"line":147,"column":2},"end":{"line":162,"column":3}},"16":{"start":{"line":148,"column":24},"end":{"line":148,"column":32}},"17":{"start":{"line":149,"column":17},"end":{"line":149,"column":53}},"18":{"start":{"line":151,"column":4},"end":{"line":155,"column":7}},"19":{"start":{"line":157,"column":25},"end":{"line":157,"column":84}},"20":{"start":{"line":158,"column":4},"end":{"line":161,"column":7}},"21":{"start":{"line":146,"column":13},"end":{"line":146,"column":21}}},"fnMap":{"0":{"name":"(anonymous_16)","decl":{"start":{"line":67,"column":24},"end":{"line":67,"column":31}},"loc":{"start":{"line":67,"column":81},"end":{"line":94,"column":2}}},"1":{"name":"(anonymous_17)","decl":{"start":{"line":67,"column":81},"end":{"line":67,"column":null}},"loc":{"start":{"line":67,"column":81},"end":{"line":94,"column":1}}},"2":{"name":"(anonymous_18)","decl":{"start":{"line":146,"column":21},"end":{"line":146,"column":28}},"loc":{"start":{"line":146,"column":78},"end":{"line":163,"column":2}}},"3":{"name":"(anonymous_19)","decl":{"start":{"line":146,"column":78},"end":{"line":146,"column":null}},"loc":{"start":{"line":146,"column":78},"end":{"line":163,"column":1}}}},"branchMap":{"0":{"loc":{"start":{"line":78,"column":25},"end":{"line":78,"column":106}},"type":"cond-expr","locations":[{"start":{"line":78,"column":50},"end":{"line":78,"column":63}},{"start":{"line":78,"column":66},"end":{"line":78,"column":106}}]},"1":{"loc":{"start":{"line":81,"column":4},"end":{"line":87,"column":5}},"type":"if","locations":[{"start":{"line":81,"column":4},"end":{"line":87,"column":5}}]},"2":{"loc":{"start":{"line":157,"column":25},"end":{"line":157,"column":84}},"type":"cond-expr","locations":[{"start":{"line":157,"column":50},"end":{"line":157,"column":63}},{"start":{"line":157,"column":66},"end":{"line":157,"column":84}}]}},"s":{"0":2,"1":2,"2":1,"3":1,"4":1,"5":1,"6":0,"7":1,"8":1,"9":1,"10":1,"11":0,"12":2,"13":2,"14":2,"15":2,"16":2,"17":2,"18":1,"19":1,"20":1,"21":2},"f":{"0":1,"1":1,"2":2,"3":2},"b":{"0":[1,0],"1":[1],"2":[1,0]}}
,"C:\\Users\\gokha\\Desktop\\Desktop\\Projeler\\cases\\patrion_backend_case\\src\\controllers\\company.controller.ts": {"path":"C:\\Users\\gokha\\Desktop\\Desktop\\Projeler\\cases\\patrion_backend_case\\src\\controllers\\company.controller.ts","statementMap":{"0":{"start":{"line":2,"column":0},"end":{"line":2,"column":56}},"1":{"start":{"line":3,"column":0},"end":{"line":3,"column":38}},"2":{"start":{"line":31,"column":31},"end":{"line":49,"column":2}},"3":{"start":{"line":31,"column":88},"end":{"line":49,"column":2}},"4":{"start":{"line":32,"column":2},"end":{"line":48,"column":3}},"5":{"start":{"line":33,"column":22},"end":{"line":33,"column":58}},"6":{"start":{"line":35,"column":4},"end":{"line":38,"column":7}},"7":{"start":{"line":40,"column":4},"end":{"line":42,"column":7}},"8":{"start":{"line":44,"column":4},"end":{"line":47,"column":7}},"9":{"start":{"line":31,"column":13},"end":{"line":31,"column":31}},"10":{"start":{"line":72,"column":30},"end":{"line":109,"column":2}},"11":{"start":{"line":72,"column":87},"end":{"line":109,"column":2}},"12":{"start":{"line":73,"column":2},"end":{"line":108,"column":3}},"13":{"start":{"line":74,"column":15},"end":{"line":74,"column":38}},"14":{"start":{"line":76,"column":4},"end":{"line":82,"column":5}},"15":{"start":{"line":77,"column":6},"end":{"line":80,"column":9}},"16":{"start":{"line":81,"column":6},"end":{"line":81,"column":13}},"17":{"start":{"line":84,"column":20},"end":{"line":84,"column":57}},"18":{"start":{"line":86,"column":4},"end":{"line":92,"column":5}},"19":{"start":{"line":87,"column":6},"end":{"line":90,"column":9}},"20":{"start":{"line":91,"column":6},"end":{"line":91,"column":13}},"21":{"start":{"line":94,"column":4},"end":{"line":97,"column":7}},"22":{"start":{"line":99,"column":4},"end":{"line":102,"column":7}},"23":{"start":{"line":104,"column":4},"end":{"line":107,"column":7}},"24":{"start":{"line":72,"column":13},"end":{"line":72,"column":30}},"25":{"start":{"line":144,"column":29},"end":{"line":174,"column":2}},"26":{"start":{"line":144,"column":86},"end":{"line":174,"column":2}},"27":{"start":{"line":145,"column":2},"end":{"line":173,"column":3}},"28":{"start":{"line":146,"column":24},"end":{"line":146,"column":32}},"29":{"start":{"line":149,"column":4},"end":{"line":155,"column":5}},"30":{"start":{"line":150,"column":6},"end":{"line":153,"column":9}},"31":{"start":{"line":154,"column":6},"end":{"line":154,"column":13}},"32":{"start":{"line":157,"column":23},"end":{"line":157,"column":68}},"33":{"start":{"line":159,"column":4},"end":{"line":163,"column":7}},"34":{"start":{"line":165,"column":4},"end":{"line":167,"column":7}},"35":{"start":{"line":169,"column":4},"end":{"line":172,"column":7}},"36":{"start":{"line":144,"column":13},"end":{"line":144,"column":29}},"37":{"start":{"line":214,"column":29},"end":{"line":262,"column":2}},"38":{"start":{"line":214,"column":86},"end":{"line":262,"column":2}},"39":{"start":{"line":215,"column":2},"end":{"line":261,"column":3}},"40":{"start":{"line":216,"column":15},"end":{"line":216,"column":38}},"41":{"start":{"line":217,"column":23},"end":{"line":217,"column":31}},"42":{"start":{"line":220,"column":4},"end":{"line":226,"column":5}},"43":{"start":{"line":221,"column":6},"end":{"line":224,"column":9}},"44":{"start":{"line":225,"column":6},"end":{"line":225,"column":13}},"45":{"start":{"line":228,"column":4},"end":{"line":234,"column":5}},"46":{"start":{"line":229,"column":6},"end":{"line":232,"column":9}},"47":{"start":{"line":233,"column":6},"end":{"line":233,"column":13}},"48":{"start":{"line":236,"column":27},"end":{"line":236,"column":75}},"49":{"start":{"line":238,"column":4},"end":{"line":244,"column":5}},"50":{"start":{"line":239,"column":6},"end":{"line":242,"column":9}},"51":{"start":{"line":243,"column":6},"end":{"line":243,"column":13}},"52":{"start":{"line":246,"column":4},"end":{"line":250,"column":7}},"53":{"start":{"line":252,"column":4},"end":{"line":255,"column":7}},"54":{"start":{"line":257,"column":4},"end":{"line":260,"column":7}},"55":{"start":{"line":214,"column":13},"end":{"line":214,"column":29}}},"fnMap":{"0":{"name":"(anonymous_16)","decl":{"start":{"line":31,"column":31},"end":{"line":31,"column":38}},"loc":{"start":{"line":31,"column":88},"end":{"line":49,"column":2}}},"1":{"name":"(anonymous_17)","decl":{"start":{"line":31,"column":88},"end":{"line":31,"column":null}},"loc":{"start":{"line":31,"column":88},"end":{"line":49,"column":1}}},"2":{"name":"(anonymous_18)","decl":{"start":{"line":72,"column":30},"end":{"line":72,"column":37}},"loc":{"start":{"line":72,"column":87},"end":{"line":109,"column":2}}},"3":{"name":"(anonymous_19)","decl":{"start":{"line":72,"column":87},"end":{"line":72,"column":null}},"loc":{"start":{"line":72,"column":87},"end":{"line":109,"column":1}}},"4":{"name":"(anonymous_20)","decl":{"start":{"line":144,"column":29},"end":{"line":144,"column":36}},"loc":{"start":{"line":144,"column":86},"end":{"line":174,"column":2}}},"5":{"name":"(anonymous_21)","decl":{"start":{"line":144,"column":86},"end":{"line":144,"column":null}},"loc":{"start":{"line":144,"column":86},"end":{"line":174,"column":1}}},"6":{"name":"(anonymous_22)","decl":{"start":{"line":214,"column":29},"end":{"line":214,"column":36}},"loc":{"start":{"line":214,"column":86},"end":{"line":262,"column":2}}},"7":{"name":"(anonymous_23)","decl":{"start":{"line":214,"column":86},"end":{"line":214,"column":null}},"loc":{"start":{"line":214,"column":86},"end":{"line":262,"column":1}}}},"branchMap":{"0":{"loc":{"start":{"line":41,"column":13},"end":{"line":41,"column":67}},"type":"cond-expr","locations":[{"start":{"line":41,"column":38},"end":{"line":41,"column":51}},{"start":{"line":41,"column":54},"end":{"line":41,"column":67}}]},"1":{"loc":{"start":{"line":76,"column":4},"end":{"line":82,"column":5}},"type":"if","locations":[{"start":{"line":76,"column":4},"end":{"line":82,"column":5}}]},"2":{"loc":{"start":{"line":86,"column":4},"end":{"line":92,"column":5}},"type":"if","locations":[{"start":{"line":86,"column":4},"end":{"line":92,"column":5}}]},"3":{"loc":{"start":{"line":100,"column":13},"end":{"line":100,"column":67}},"type":"cond-expr","locations":[{"start":{"line":100,"column":38},"end":{"line":100,"column":51}},{"start":{"line":100,"column":54},"end":{"line":100,"column":67}}]},"4":{"loc":{"start":{"line":149,"column":4},"end":{"line":155,"column":5}},"type":"if","locations":[{"start":{"line":149,"column":4},"end":{"line":155,"column":5}}]},"5":{"loc":{"start":{"line":149,"column":8},"end":{"line":149,"column":22}},"type":"cond-expr","locations":[{"start":{"line":149,"column":16},"end":{"line":149,"column":18}},{"start":{"line":149,"column":16},"end":{"line":149,"column":22}}]},"6":{"loc":{"start":{"line":149,"column":8},"end":{"line":149,"column":18}},"type":"binary-expr","locations":[{"start":{"line":149,"column":8},"end":{"line":149,"column":18}},{"start":{"line":149,"column":16},"end":{"line":149,"column":18}}]},"7":{"loc":{"start":{"line":166,"column":13},"end":{"line":166,"column":67}},"type":"cond-expr","locations":[{"start":{"line":166,"column":38},"end":{"line":166,"column":51}},{"start":{"line":166,"column":54},"end":{"line":166,"column":67}}]},"8":{"loc":{"start":{"line":220,"column":4},"end":{"line":226,"column":5}},"type":"if","locations":[{"start":{"line":220,"column":4},"end":{"line":226,"column":5}}]},"9":{"loc":{"start":{"line":220,"column":8},"end":{"line":220,"column":22}},"type":"cond-expr","locations":[{"start":{"line":220,"column":16},"end":{"line":220,"column":18}},{"start":{"line":220,"column":16},"end":{"line":220,"column":22}}]},"10":{"loc":{"start":{"line":220,"column":8},"end":{"line":220,"column":18}},"type":"binary-expr","locations":[{"start":{"line":220,"column":8},"end":{"line":220,"column":18}},{"start":{"line":220,"column":16},"end":{"line":220,"column":18}}]},"11":{"loc":{"start":{"line":228,"column":4},"end":{"line":234,"column":5}},"type":"if","locations":[{"start":{"line":228,"column":4},"end":{"line":234,"column":5}}]},"12":{"loc":{"start":{"line":238,"column":4},"end":{"line":244,"column":5}},"type":"if","locations":[{"start":{"line":238,"column":4},"end":{"line":244,"column":5}}]},"13":{"loc":{"start":{"line":253,"column":13},"end":{"line":253,"column":67}},"type":"cond-expr","locations":[{"start":{"line":253,"column":38},"end":{"line":253,"column":51}},{"start":{"line":253,"column":54},"end":{"line":253,"column":67}}]}},"s":{"0":2,"1":2,"2":2,"3":0,"4":0,"5":0,"6":0,"7":0,"8":0,"9":2,"10":2,"11":0,"12":0,"13":0,"14":0,"15":0,"16":0,"17":0,"18":0,"19":0,"20":0,"21":0,"22":0,"23":0,"24":2,"25":2,"26":0,"27":0,"28":0,"29":0,"30":0,"31":0,"32":0,"33":0,"34":0,"35":0,"36":2,"37":2,"38":0,"39":0,"40":0,"41":0,"42":0,"43":0,"44":0,"45":0,"46":0,"47":0,"48":0,"49":0,"50":0,"51":0,"52":0,"53":0,"54":0,"55":2},"f":{"0":0,"1":0,"2":0,"3":0,"4":0,"5":0,"6":0,"7":0},"b":{"0":[0,0],"1":[0],"2":[0],"3":[0,0],"4":[0],"5":[0,0],"6":[0,0],"7":[0,0],"8":[0],"9":[0,0],"10":[0,0],"11":[0],"12":[0],"13":[0,0]}}
,"C:\\Users\\gokha\\Desktop\\Desktop\\Projeler\\cases\\patrion_backend_case\\src\\controllers\\log.controller.ts": {"path":"C:\\Users\\gokha\\Desktop\\Desktop\\Projeler\\cases\\patrion_backend_case\\src\\controllers\\log.controller.ts","statementMap":{"0":{"start":{"line":2,"column":0},"end":{"line":2,"column":111}},"1":{"start":{"line":3,"column":0},"end":{"line":3,"column":41}},"2":{"start":{"line":4,"column":0},"end":{"line":4,"column":41}},"3":{"start":{"line":5,"column":0},"end":{"line":5,"column":38}},"4":{"start":{"line":14,"column":27},"end":{"line":56,"column":2}},"5":{"start":{"line":14,"column":84},"end":{"line":56,"column":2}},"6":{"start":{"line":15,"column":2},"end":{"line":55,"column":3}},"7":{"start":{"line":17,"column":19},"end":{"line":17,"column":71}},"8":{"start":{"line":18,"column":21},"end":{"line":18,"column":35}},"9":{"start":{"line":21,"column":4},"end":{"line":33,"column":5}},"10":{"start":{"line":23,"column":6},"end":{"line":32,"column":7}},"11":{"start":{"line":27,"column":8},"end":{"line":30,"column":11}},"12":{"start":{"line":31,"column":8},"end":{"line":31,"column":15}},"13":{"start":{"line":36,"column":4},"end":{"line":41,"column":7}},"14":{"start":{"line":43,"column":17},"end":{"line":43,"column":50}},"15":{"start":{"line":45,"column":4},"end":{"line":49,"column":7}},"16":{"start":{"line":51,"column":4},"end":{"line":54,"column":7}},"17":{"start":{"line":14,"column":13},"end":{"line":14,"column":27}},"18":{"start":{"line":61,"column":31},"end":{"line":86,"column":2}},"19":{"start":{"line":61,"column":88},"end":{"line":86,"column":2}},"20":{"start":{"line":62,"column":2},"end":{"line":85,"column":3}},"21":{"start":{"line":63,"column":23},"end":{"line":63,"column":33}},"22":{"start":{"line":66,"column":4},"end":{"line":71,"column":7}},"23":{"start":{"line":73,"column":17},"end":{"line":73,"column":50}},"24":{"start":{"line":75,"column":4},"end":{"line":79,"column":7}},"25":{"start":{"line":81,"column":4},"end":{"line":84,"column":7}},"26":{"start":{"line":61,"column":13},"end":{"line":61,"column":31}},"27":{"start":{"line":91,"column":32},"end":{"line":115,"column":2}},"28":{"start":{"line":91,"column":89},"end":{"line":115,"column":2}},"29":{"start":{"line":92,"column":2},"end":{"line":114,"column":3}},"30":{"start":{"line":93,"column":17},"end":{"line":93,"column":76}},"31":{"start":{"line":96,"column":4},"end":{"line":101,"column":7}},"32":{"start":{"line":103,"column":22},"end":{"line":103,"column":49}},"33":{"start":{"line":105,"column":4},"end":{"line":108,"column":7}},"34":{"start":{"line":110,"column":4},"end":{"line":113,"column":7}},"35":{"start":{"line":91,"column":13},"end":{"line":91,"column":32}},"36":{"start":{"line":120,"column":36},"end":{"line":160,"column":2}},"37":{"start":{"line":120,"column":93},"end":{"line":160,"column":2}},"38":{"start":{"line":121,"column":2},"end":{"line":159,"column":3}},"39":{"start":{"line":122,"column":19},"end":{"line":122,"column":71}},"40":{"start":{"line":127,"column":18},"end":{"line":138,"column":6}},"41":{"start":{"line":140,"column":21},"end":{"line":140,"column":54}},"42":{"start":{"line":143,"column":4},"end":{"line":148,"column":7}},"43":{"start":{"line":150,"column":4},"end":{"line":153,"column":7}},"44":{"start":{"line":155,"column":4},"end":{"line":158,"column":7}},"45":{"start":{"line":120,"column":13},"end":{"line":120,"column":36}}},"fnMap":{"0":{"name":"(anonymous_8)","decl":{"start":{"line":14,"column":27},"end":{"line":14,"column":34}},"loc":{"start":{"line":14,"column":84},"end":{"line":56,"column":2}}},"1":{"name":"(anonymous_9)","decl":{"start":{"line":14,"column":84},"end":{"line":14,"column":null}},"loc":{"start":{"line":14,"column":84},"end":{"line":56,"column":1}}},"2":{"name":"(anonymous_10)","decl":{"start":{"line":61,"column":31},"end":{"line":61,"column":38}},"loc":{"start":{"line":61,"column":88},"end":{"line":86,"column":2}}},"3":{"name":"(anonymous_11)","decl":{"start":{"line":61,"column":88},"end":{"line":61,"column":null}},"loc":{"start":{"line":61,"column":88},"end":{"line":86,"column":1}}},"4":{"name":"(anonymous_12)","decl":{"start":{"line":91,"column":32},"end":{"line":91,"column":39}},"loc":{"start":{"line":91,"column":89},"end":{"line":115,"column":2}}},"5":{"name":"(anonymous_13)","decl":{"start":{"line":91,"column":89},"end":{"line":91,"column":null}},"loc":{"start":{"line":91,"column":89},"end":{"line":115,"column":1}}},"6":{"name":"(anonymous_14)","decl":{"start":{"line":120,"column":36},"end":{"line":120,"column":43}},"loc":{"start":{"line":120,"column":93},"end":{"line":160,"column":2}}},"7":{"name":"(anonymous_15)","decl":{"start":{"line":120,"column":93},"end":{"line":120,"column":null}},"loc":{"start":{"line":120,"column":93},"end":{"line":160,"column":1}}}},"branchMap":{"0":{"loc":{"start":{"line":17,"column":19},"end":{"line":17,"column":71}},"type":"binary-expr","locations":[{"start":{"line":17,"column":19},"end":{"line":17,"column":50}},{"start":{"line":17,"column":54},"end":{"line":17,"column":66}},{"start":{"line":17,"column":70},"end":{"line":17,"column":71}}]},"1":{"loc":{"start":{"line":17,"column":54},"end":{"line":17,"column":66}},"type":"cond-expr","locations":[{"start":{"line":17,"column":62},"end":{"line":17,"column":64}},{"start":{"line":17,"column":62},"end":{"line":17,"column":66}}]},"2":{"loc":{"start":{"line":17,"column":54},"end":{"line":17,"column":64}},"type":"binary-expr","locations":[{"start":{"line":17,"column":54},"end":{"line":17,"column":64}},{"start":{"line":17,"column":62},"end":{"line":17,"column":64}}]},"3":{"loc":{"start":{"line":18,"column":21},"end":{"line":18,"column":35}},"type":"cond-expr","locations":[{"start":{"line":18,"column":29},"end":{"line":18,"column":31}},{"start":{"line":18,"column":29},"end":{"line":18,"column":35}}]},"4":{"loc":{"start":{"line":18,"column":21},"end":{"line":18,"column":31}},"type":"binary-expr","locations":[{"start":{"line":18,"column":21},"end":{"line":18,"column":31}},{"start":{"line":18,"column":29},"end":{"line":18,"column":31}}]},"5":{"loc":{"start":{"line":21,"column":4},"end":{"line":33,"column":5}},"type":"if","locations":[{"start":{"line":21,"column":4},"end":{"line":33,"column":5}}]},"6":{"loc":{"start":{"line":21,"column":8},"end":{"line":21,"column":69}},"type":"binary-expr","locations":[{"start":{"line":21,"column":8},"end":{"line":21,"column":42}},{"start":{"line":21,"column":46},"end":{"line":21,"column":69}}]},"7":{"loc":{"start":{"line":21,"column":46},"end":{"line":21,"column":58}},"type":"cond-expr","locations":[{"start":{"line":21,"column":54},"end":{"line":21,"column":56}},{"start":{"line":21,"column":54},"end":{"line":21,"column":58}}]},"8":{"loc":{"start":{"line":21,"column":46},"end":{"line":21,"column":56}},"type":"binary-expr","locations":[{"start":{"line":21,"column":46},"end":{"line":21,"column":56}},{"start":{"line":21,"column":54},"end":{"line":21,"column":56}}]},"9":{"loc":{"start":{"line":23,"column":6},"end":{"line":32,"column":7}},"type":"if","locations":[{"start":{"line":23,"column":6},"end":{"line":32,"column":7}},{"start":{"line":26,"column":13},"end":{"line":32,"column":7}}]},"10":{"loc":{"start":{"line":37,"column":15},"end":{"line":37,"column":32}},"type":"binary-expr","locations":[{"start":{"line":37,"column":15},"end":{"line":37,"column":27}},{"start":{"line":37,"column":31},"end":{"line":37,"column":32}}]},"11":{"loc":{"start":{"line":37,"column":15},"end":{"line":37,"column":27}},"type":"cond-expr","locations":[{"start":{"line":37,"column":23},"end":{"line":37,"column":25}},{"start":{"line":37,"column":23},"end":{"line":37,"column":27}}]},"12":{"loc":{"start":{"line":37,"column":15},"end":{"line":37,"column":25}},"type":"binary-expr","locations":[{"start":{"line":37,"column":15},"end":{"line":37,"column":25}},{"start":{"line":37,"column":23},"end":{"line":37,"column":25}}]},"13":{"loc":{"start":{"line":53,"column":15},"end":{"line":53,"column":93}},"type":"cond-expr","locations":[{"start":{"line":53,"column":40},"end":{"line":53,"column":53}},{"start":{"line":53,"column":56},"end":{"line":53,"column":93}}]},"14":{"loc":{"start":{"line":67,"column":15},"end":{"line":67,"column":32}},"type":"binary-expr","locations":[{"start":{"line":67,"column":15},"end":{"line":67,"column":27}},{"start":{"line":67,"column":31},"end":{"line":67,"column":32}}]},"15":{"loc":{"start":{"line":67,"column":15},"end":{"line":67,"column":27}},"type":"cond-expr","locations":[{"start":{"line":67,"column":23},"end":{"line":67,"column":25}},{"start":{"line":67,"column":23},"end":{"line":67,"column":27}}]},"16":{"loc":{"start":{"line":67,"column":15},"end":{"line":67,"column":25}},"type":"binary-expr","locations":[{"start":{"line":67,"column":15},"end":{"line":67,"column":25}},{"start":{"line":67,"column":23},"end":{"line":67,"column":25}}]},"17":{"loc":{"start":{"line":83,"column":15},"end":{"line":83,"column":93}},"type":"cond-expr","locations":[{"start":{"line":83,"column":40},"end":{"line":83,"column":53}},{"start":{"line":83,"column":56},"end":{"line":83,"column":93}}]},"18":{"loc":{"start":{"line":93,"column":17},"end":{"line":93,"column":76}},"type":"cond-expr","locations":[{"start":{"line":93,"column":34},"end":{"line":93,"column":72}},{"start":{"line":93,"column":75},"end":{"line":93,"column":76}}]},"19":{"loc":{"start":{"line":97,"column":15},"end":{"line":97,"column":32}},"type":"binary-expr","locations":[{"start":{"line":97,"column":15},"end":{"line":97,"column":27}},{"start":{"line":97,"column":31},"end":{"line":97,"column":32}}]},"20":{"loc":{"start":{"line":97,"column":15},"end":{"line":97,"column":27}},"type":"cond-expr","locations":[{"start":{"line":97,"column":23},"end":{"line":97,"column":25}},{"start":{"line":97,"column":23},"end":{"line":97,"column":27}}]},"21":{"loc":{"start":{"line":97,"column":15},"end":{"line":97,"column":25}},"type":"binary-expr","locations":[{"start":{"line":97,"column":15},"end":{"line":97,"column":25}},{"start":{"line":97,"column":23},"end":{"line":97,"column":25}}]},"22":{"loc":{"start":{"line":112,"column":15},"end":{"line":112,"column":91}},"type":"cond-expr","locations":[{"start":{"line":112,"column":40},"end":{"line":112,"column":53}},{"start":{"line":112,"column":56},"end":{"line":112,"column":91}}]},"23":{"loc":{"start":{"line":122,"column":19},"end":{"line":122,"column":71}},"type":"binary-expr","locations":[{"start":{"line":122,"column":19},"end":{"line":122,"column":50}},{"start":{"line":122,"column":54},"end":{"line":122,"column":66}},{"start":{"line":122,"column":70},"end":{"line":122,"column":71}}]},"24":{"loc":{"start":{"line":122,"column":54},"end":{"line":122,"column":66}},"type":"cond-expr","locations":[{"start":{"line":122,"column":62},"end":{"line":122,"column":64}},{"start":{"line":122,"column":62},"end":{"line":122,"column":66}}]},"25":{"loc":{"start":{"line":122,"column":54},"end":{"line":122,"column":64}},"type":"binary-expr","locations":[{"start":{"line":122,"column":54},"end":{"line":122,"column":64}},{"start":{"line":122,"column":62},"end":{"line":122,"column":64}}]},"26":{"loc":{"start":{"line":144,"column":15},"end":{"line":144,"column":32}},"type":"binary-expr","locations":[{"start":{"line":144,"column":15},"end":{"line":144,"column":27}},{"start":{"line":144,"column":31},"end":{"line":144,"column":32}}]},"27":{"loc":{"start":{"line":144,"column":15},"end":{"line":144,"column":27}},"type":"cond-expr","locations":[{"start":{"line":144,"column":23},"end":{"line":144,"column":25}},{"start":{"line":144,"column":23},"end":{"line":144,"column":27}}]},"28":{"loc":{"start":{"line":144,"column":15},"end":{"line":144,"column":25}},"type":"binary-expr","locations":[{"start":{"line":144,"column":15},"end":{"line":144,"column":25}},{"start":{"line":144,"column":23},"end":{"line":144,"column":25}}]},"29":{"loc":{"start":{"line":157,"column":15},"end":{"line":157,"column":113}},"type":"cond-expr","locations":[{"start":{"line":157,"column":40},"end":{"line":157,"column":53}},{"start":{"line":157,"column":56},"end":{"line":157,"column":113}}]}},"s":{"0":2,"1":2,"2":2,"3":2,"4":2,"5":0,"6":0,"7":0,"8":0,"9":0,"10":0,"11":0,"12":0,"13":0,"14":0,"15":0,"16":0,"17":2,"18":2,"19":0,"20":0,"21":0,"22":0,"23":0,"24":0,"25":0,"26":2,"27":2,"28":0,"29":0,"30":0,"31":0,"32":0,"33":0,"34":0,"35":2,"36":2,"37":0,"38":0,"39":0,"40":0,"41":0,"42":0,"43":0,"44":0,"45":2},"f":{"0":0,"1":0,"2":0,"3":0,"4":0,"5":0,"6":0,"7":0},"b":{"0":[0,0,0],"1":[0,0],"2":[0,0],"3":[0,0],"4":[0,0],"5":[0],"6":[0,0],"7":[0,0],"8":[0,0],"9":[0,0],"10":[0,0],"11":[0,0],"12":[0,0],"13":[0,0],"14":[0,0],"15":[0,0],"16":[0,0],"17":[0,0],"18":[0,0],"19":[0,0],"20":[0,0],"21":[0,0],"22":[0,0],"23":[0,0,0],"24":[0,0],"25":[0,0],"26":[0,0],"27":[0,0],"28":[0,0],"29":[0,0]}}
,"C:\\Users\\gokha\\Desktop\\Desktop\\Projeler\\cases\\patrion_backend_case\\src\\controllers\\user.controller.ts": {"path":"C:\\Users\\gokha\\Desktop\\Desktop\\Projeler\\cases\\patrion_backend_case\\src\\controllers\\user.controller.ts","statementMap":{"0":{"start":{"line":2,"column":0},"end":{"line":2,"column":50}},"1":{"start":{"line":4,"column":0},"end":{"line":4,"column":52}},"2":{"start":{"line":5,"column":0},"end":{"line":5,"column":41}},"3":{"start":{"line":10,"column":26},"end":{"line":53,"column":2}},"4":{"start":{"line":10,"column":83},"end":{"line":53,"column":2}},"5":{"start":{"line":11,"column":2},"end":{"line":52,"column":3}},"6":{"start":{"line":12,"column":19},"end":{"line":12,"column":31}},"7":{"start":{"line":14,"column":4},"end":{"line":20,"column":5}},"8":{"start":{"line":15,"column":6},"end":{"line":18,"column":9}},"9":{"start":{"line":19,"column":6},"end":{"line":19,"column":13}},"10":{"start":{"line":22,"column":17},"end":{"line":22,"column":53}},"11":{"start":{"line":24,"column":4},"end":{"line":30,"column":5}},"12":{"start":{"line":25,"column":6},"end":{"line":28,"column":9}},"13":{"start":{"line":29,"column":6},"end":{"line":29,"column":13}},"14":{"start":{"line":33,"column":4},"end":{"line":38,"column":7}},"15":{"start":{"line":41,"column":49},"end":{"line":41,"column":53}},"16":{"start":{"line":41,"column":44},"end":{"line":41,"column":49}},"17":{"start":{"line":43,"column":4},"end":{"line":46,"column":7}},"18":{"start":{"line":48,"column":4},"end":{"line":51,"column":7}},"19":{"start":{"line":10,"column":13},"end":{"line":10,"column":26}},"20":{"start":{"line":89,"column":27},"end":{"line":114,"column":2}},"21":{"start":{"line":89,"column":84},"end":{"line":114,"column":2}},"22":{"start":{"line":90,"column":2},"end":{"line":113,"column":3}},"23":{"start":{"line":91,"column":18},"end":{"line":91,"column":47}},"24":{"start":{"line":94,"column":4},"end":{"line":101,"column":5}},"25":{"start":{"line":95,"column":6},"end":{"line":100,"column":9}},"26":{"start":{"line":103,"column":4},"end":{"line":107,"column":7}},"27":{"start":{"line":109,"column":4},"end":{"line":112,"column":7}},"28":{"start":{"line":89,"column":13},"end":{"line":89,"column":27}},"29":{"start":{"line":119,"column":27},"end":{"line":169,"column":2}},"30":{"start":{"line":119,"column":84},"end":{"line":169,"column":2}},"31":{"start":{"line":120,"column":2},"end":{"line":168,"column":3}},"32":{"start":{"line":121,"column":19},"end":{"line":121,"column":46}},"33":{"start":{"line":124,"column":4},"end":{"line":134,"column":5}},"34":{"start":{"line":125,"column":28},"end":{"line":125,"column":64}},"35":{"start":{"line":127,"column":6},"end":{"line":133,"column":7}},"36":{"start":{"line":128,"column":8},"end":{"line":131,"column":11}},"37":{"start":{"line":132,"column":8},"end":{"line":132,"column":15}},"38":{"start":{"line":136,"column":17},"end":{"line":136,"column":53}},"39":{"start":{"line":138,"column":4},"end":{"line":144,"column":5}},"40":{"start":{"line":139,"column":6},"end":{"line":142,"column":9}},"41":{"start":{"line":143,"column":6},"end":{"line":143,"column":13}},"42":{"start":{"line":147,"column":4},"end":{"line":154,"column":5}},"43":{"start":{"line":148,"column":6},"end":{"line":153,"column":9}},"44":{"start":{"line":157,"column":49},"end":{"line":157,"column":53}},"45":{"start":{"line":157,"column":44},"end":{"line":157,"column":49}},"46":{"start":{"line":159,"column":4},"end":{"line":162,"column":7}},"47":{"start":{"line":164,"column":4},"end":{"line":167,"column":7}},"48":{"start":{"line":119,"column":13},"end":{"line":119,"column":27}},"49":{"start":{"line":174,"column":26},"end":{"line":236,"column":2}},"50":{"start":{"line":174,"column":83},"end":{"line":236,"column":2}},"51":{"start":{"line":175,"column":2},"end":{"line":235,"column":3}},"52":{"start":{"line":176,"column":19},"end":{"line":176,"column":46}},"53":{"start":{"line":179,"column":4},"end":{"line":198,"column":5}},"54":{"start":{"line":180,"column":28},"end":{"line":180,"column":64}},"55":{"start":{"line":182,"column":6},"end":{"line":188,"column":7}},"56":{"start":{"line":183,"column":8},"end":{"line":186,"column":11}},"57":{"start":{"line":187,"column":8},"end":{"line":187,"column":15}},"58":{"start":{"line":191,"column":6},"end":{"line":197,"column":7}},"59":{"start":{"line":192,"column":8},"end":{"line":195,"column":11}},"60":{"start":{"line":196,"column":8},"end":{"line":196,"column":15}},"61":{"start":{"line":200,"column":23},"end":{"line":200,"column":59}},"62":{"start":{"line":202,"column":4},"end":{"line":208,"column":5}},"63":{"start":{"line":203,"column":6},"end":{"line":206,"column":9}},"64":{"start":{"line":207,"column":6},"end":{"line":207,"column":13}},"65":{"start":{"line":211,"column":24},"end":{"line":211,"column":68}},"66":{"start":{"line":214,"column":4},"end":{"line":221,"column":5}},"67":{"start":{"line":215,"column":6},"end":{"line":220,"column":9}},"68":{"start":{"line":224,"column":49},"end":{"line":224,"column":60}},"69":{"start":{"line":224,"column":44},"end":{"line":224,"column":49}},"70":{"start":{"line":226,"column":4},"end":{"line":229,"column":7}},"71":{"start":{"line":231,"column":4},"end":{"line":234,"column":7}},"72":{"start":{"line":174,"column":13},"end":{"line":174,"column":26}},"73":{"start":{"line":274,"column":33},"end":{"line":333,"column":2}},"74":{"start":{"line":274,"column":90},"end":{"line":333,"column":2}},"75":{"start":{"line":275,"column":2},"end":{"line":332,"column":3}},"76":{"start":{"line":276,"column":21},"end":{"line":276,"column":40}},"77":{"start":{"line":279,"column":4},"end":{"line":285,"column":5}},"78":{"start":{"line":280,"column":6},"end":{"line":283,"column":9}},"79":{"start":{"line":284,"column":6},"end":{"line":284,"column":13}},"80":{"start":{"line":288,"column":4},"end":{"line":298,"column":5}},"81":{"start":{"line":289,"column":28},"end":{"line":289,"column":72}},"82":{"start":{"line":291,"column":6},"end":{"line":297,"column":7}},"83":{"start":{"line":292,"column":8},"end":{"line":295,"column":11}},"84":{"start":{"line":296,"column":8},"end":{"line":296,"column":15}},"85":{"start":{"line":300,"column":17},"end":{"line":300,"column":61}},"86":{"start":{"line":302,"column":4},"end":{"line":308,"column":5}},"87":{"start":{"line":303,"column":6},"end":{"line":306,"column":9}},"88":{"start":{"line":307,"column":6},"end":{"line":307,"column":13}},"89":{"start":{"line":311,"column":4},"end":{"line":318,"column":5}},"90":{"start":{"line":312,"column":6},"end":{"line":317,"column":9}},"91":{"start":{"line":321,"column":49},"end":{"line":321,"column":53}},"92":{"start":{"line":321,"column":44},"end":{"line":321,"column":49}},"93":{"start":{"line":323,"column":4},"end":{"line":326,"column":7}},"94":{"start":{"line":328,"column":4},"end":{"line":331,"column":7}},"95":{"start":{"line":274,"column":13},"end":{"line":274,"column":33}}},"fnMap":{"0":{"name":"(anonymous_17)","decl":{"start":{"line":10,"column":26},"end":{"line":10,"column":33}},"loc":{"start":{"line":10,"column":83},"end":{"line":53,"column":2}}},"1":{"name":"(anonymous_18)","decl":{"start":{"line":10,"column":83},"end":{"line":10,"column":null}},"loc":{"start":{"line":10,"column":83},"end":{"line":53,"column":1}}},"2":{"name":"(anonymous_19)","decl":{"start":{"line":89,"column":27},"end":{"line":89,"column":34}},"loc":{"start":{"line":89,"column":84},"end":{"line":114,"column":2}}},"3":{"name":"(anonymous_20)","decl":{"start":{"line":89,"column":84},"end":{"line":89,"column":null}},"loc":{"start":{"line":89,"column":84},"end":{"line":114,"column":1}}},"4":{"name":"(anonymous_21)","decl":{"start":{"line":119,"column":27},"end":{"line":119,"column":34}},"loc":{"start":{"line":119,"column":84},"end":{"line":169,"column":2}}},"5":{"name":"(anonymous_22)","decl":{"start":{"line":119,"column":84},"end":{"line":119,"column":null}},"loc":{"start":{"line":119,"column":84},"end":{"line":169,"column":1}}},"6":{"name":"(anonymous_23)","decl":{"start":{"line":174,"column":26},"end":{"line":174,"column":33}},"loc":{"start":{"line":174,"column":83},"end":{"line":236,"column":2}}},"7":{"name":"(anonymous_24)","decl":{"start":{"line":174,"column":83},"end":{"line":174,"column":null}},"loc":{"start":{"line":174,"column":83},"end":{"line":236,"column":1}}},"8":{"name":"(anonymous_25)","decl":{"start":{"line":274,"column":33},"end":{"line":274,"column":40}},"loc":{"start":{"line":274,"column":90},"end":{"line":333,"column":2}}},"9":{"name":"(anonymous_26)","decl":{"start":{"line":274,"column":90},"end":{"line":274,"column":null}},"loc":{"start":{"line":274,"column":90},"end":{"line":333,"column":1}}}},"branchMap":{"0":{"loc":{"start":{"line":12,"column":19},"end":{"line":12,"column":31}},"type":"cond-expr","locations":[{"start":{"line":12,"column":27},"end":{"line":12,"column":29}},{"start":{"line":12,"column":27},"end":{"line":12,"column":31}}]},"1":{"loc":{"start":{"line":12,"column":19},"end":{"line":12,"column":29}},"type":"binary-expr","locations":[{"start":{"line":12,"column":19},"end":{"line":12,"column":29}},{"start":{"line":12,"column":27},"end":{"line":12,"column":29}}]},"2":{"loc":{"start":{"line":14,"column":4},"end":{"line":20,"column":5}},"type":"if","locations":[{"start":{"line":14,"column":4},"end":{"line":20,"column":5}}]},"3":{"loc":{"start":{"line":24,"column":4},"end":{"line":30,"column":5}},"type":"if","locations":[{"start":{"line":24,"column":4},"end":{"line":30,"column":5}}]},"4":{"loc":{"start":{"line":50,"column":15},"end":{"line":50,"column":100}},"type":"cond-expr","locations":[{"start":{"line":50,"column":40},"end":{"line":50,"column":53}},{"start":{"line":50,"column":56},"end":{"line":50,"column":100}}]},"5":{"loc":{"start":{"line":94,"column":4},"end":{"line":101,"column":5}},"type":"if","locations":[{"start":{"line":94,"column":4},"end":{"line":101,"column":5}}]},"6":{"loc":{"start":{"line":111,"column":15},"end":{"line":111,"column":100}},"type":"cond-expr","locations":[{"start":{"line":111,"column":40},"end":{"line":111,"column":53}},{"start":{"line":111,"column":56},"end":{"line":111,"column":100}}]},"7":{"loc":{"start":{"line":124,"column":4},"end":{"line":134,"column":5}},"type":"if","locations":[{"start":{"line":124,"column":4},"end":{"line":134,"column":5}}]},"8":{"loc":{"start":{"line":124,"column":8},"end":{"line":124,"column":22}},"type":"cond-expr","locations":[{"start":{"line":124,"column":16},"end":{"line":124,"column":18}},{"start":{"line":124,"column":16},"end":{"line":124,"column":22}}]},"9":{"loc":{"start":{"line":124,"column":8},"end":{"line":124,"column":18}},"type":"binary-expr","locations":[{"start":{"line":124,"column":8},"end":{"line":124,"column":18}},{"start":{"line":124,"column":16},"end":{"line":124,"column":18}}]},"10":{"loc":{"start":{"line":127,"column":6},"end":{"line":133,"column":7}},"type":"if","locations":[{"start":{"line":127,"column":6},"end":{"line":133,"column":7}}]},"11":{"loc":{"start":{"line":127,"column":10},"end":{"line":127,"column":76}},"type":"binary-expr","locations":[{"start":{"line":127,"column":10},"end":{"line":127,"column":24}},{"start":{"line":127,"column":28},"end":{"line":127,"column":76}}]},"12":{"loc":{"start":{"line":138,"column":4},"end":{"line":144,"column":5}},"type":"if","locations":[{"start":{"line":138,"column":4},"end":{"line":144,"column":5}}]},"13":{"loc":{"start":{"line":147,"column":4},"end":{"line":154,"column":5}},"type":"if","locations":[{"start":{"line":147,"column":4},"end":{"line":154,"column":5}}]},"14":{"loc":{"start":{"line":166,"column":15},"end":{"line":166,"column":103}},"type":"cond-expr","locations":[{"start":{"line":166,"column":40},"end":{"line":166,"column":53}},{"start":{"line":166,"column":56},"end":{"line":166,"column":103}}]},"15":{"loc":{"start":{"line":179,"column":4},"end":{"line":198,"column":5}},"type":"if","locations":[{"start":{"line":179,"column":4},"end":{"line":198,"column":5}}]},"16":{"loc":{"start":{"line":179,"column":8},"end":{"line":179,"column":22}},"type":"cond-expr","locations":[{"start":{"line":179,"column":16},"end":{"line":179,"column":18}},{"start":{"line":179,"column":16},"end":{"line":179,"column":22}}]},"17":{"loc":{"start":{"line":179,"column":8},"end":{"line":179,"column":18}},"type":"binary-expr","locations":[{"start":{"line":179,"column":8},"end":{"line":179,"column":18}},{"start":{"line":179,"column":16},"end":{"line":179,"column":18}}]},"18":{"loc":{"start":{"line":182,"column":6},"end":{"line":188,"column":7}},"type":"if","locations":[{"start":{"line":182,"column":6},"end":{"line":188,"column":7}}]},"19":{"loc":{"start":{"line":182,"column":10},"end":{"line":182,"column":76}},"type":"binary-expr","locations":[{"start":{"line":182,"column":10},"end":{"line":182,"column":24}},{"start":{"line":182,"column":28},"end":{"line":182,"column":76}}]},"20":{"loc":{"start":{"line":191,"column":6},"end":{"line":197,"column":7}},"type":"if","locations":[{"start":{"line":191,"column":6},"end":{"line":197,"column":7}}]},"21":{"loc":{"start":{"line":191,"column":10},"end":{"line":191,"column":63}},"type":"binary-expr","locations":[{"start":{"line":191,"column":10},"end":{"line":191,"column":23}},{"start":{"line":191,"column":27},"end":{"line":191,"column":63}}]},"22":{"loc":{"start":{"line":202,"column":4},"end":{"line":208,"column":5}},"type":"if","locations":[{"start":{"line":202,"column":4},"end":{"line":208,"column":5}}]},"23":{"loc":{"start":{"line":214,"column":4},"end":{"line":221,"column":5}},"type":"if","locations":[{"start":{"line":214,"column":4},"end":{"line":221,"column":5}}]},"24":{"loc":{"start":{"line":233,"column":15},"end":{"line":233,"column":98}},"type":"cond-expr","locations":[{"start":{"line":233,"column":40},"end":{"line":233,"column":53}},{"start":{"line":233,"column":56},"end":{"line":233,"column":98}}]},"25":{"loc":{"start":{"line":279,"column":4},"end":{"line":285,"column":5}},"type":"if","locations":[{"start":{"line":279,"column":4},"end":{"line":285,"column":5}}]},"26":{"loc":{"start":{"line":279,"column":8},"end":{"line":279,"column":79}},"type":"binary-expr","locations":[{"start":{"line":279,"column":8},"end":{"line":279,"column":41}},{"start":{"line":279,"column":45},"end":{"line":279,"column":79}}]},"27":{"loc":{"start":{"line":279,"column":8},"end":{"line":279,"column":22}},"type":"cond-expr","locations":[{"start":{"line":279,"column":16},"end":{"line":279,"column":18}},{"start":{"line":279,"column":16},"end":{"line":279,"column":22}}]},"28":{"loc":{"start":{"line":279,"column":8},"end":{"line":279,"column":18}},"type":"binary-expr","locations":[{"start":{"line":279,"column":8},"end":{"line":279,"column":18}},{"start":{"line":279,"column":16},"end":{"line":279,"column":18}}]},"29":{"loc":{"start":{"line":279,"column":45},"end":{"line":279,"column":59}},"type":"cond-expr","locations":[{"start":{"line":279,"column":53},"end":{"line":279,"column":55}},{"start":{"line":279,"column":53},"end":{"line":279,"column":59}}]},"30":{"loc":{"start":{"line":279,"column":45},"end":{"line":279,"column":55}},"type":"binary-expr","locations":[{"start":{"line":279,"column":45},"end":{"line":279,"column":55}},{"start":{"line":279,"column":53},"end":{"line":279,"column":55}}]},"31":{"loc":{"start":{"line":288,"column":4},"end":{"line":298,"column":5}},"type":"if","locations":[{"start":{"line":288,"column":4},"end":{"line":298,"column":5}}]},"32":{"loc":{"start":{"line":288,"column":8},"end":{"line":288,"column":22}},"type":"cond-expr","locations":[{"start":{"line":288,"column":16},"end":{"line":288,"column":18}},{"start":{"line":288,"column":16},"end":{"line":288,"column":22}}]},"33":{"loc":{"start":{"line":288,"column":8},"end":{"line":288,"column":18}},"type":"binary-expr","locations":[{"start":{"line":288,"column":8},"end":{"line":288,"column":18}},{"start":{"line":288,"column":16},"end":{"line":288,"column":18}}]},"34":{"loc":{"start":{"line":291,"column":6},"end":{"line":297,"column":7}},"type":"if","locations":[{"start":{"line":291,"column":6},"end":{"line":297,"column":7}}]},"35":{"loc":{"start":{"line":291,"column":10},"end":{"line":291,"column":76}},"type":"binary-expr","locations":[{"start":{"line":291,"column":10},"end":{"line":291,"column":24}},{"start":{"line":291,"column":28},"end":{"line":291,"column":76}}]},"36":{"loc":{"start":{"line":302,"column":4},"end":{"line":308,"column":5}},"type":"if","locations":[{"start":{"line":302,"column":4},"end":{"line":308,"column":5}}]},"37":{"loc":{"start":{"line":311,"column":4},"end":{"line":318,"column":5}},"type":"if","locations":[{"start":{"line":311,"column":4},"end":{"line":318,"column":5}}]},"38":{"loc":{"start":{"line":330,"column":15},"end":{"line":330,"column":103}},"type":"cond-expr","locations":[{"start":{"line":330,"column":40},"end":{"line":330,"column":53}},{"start":{"line":330,"column":56},"end":{"line":330,"column":103}}]}},"s":{"0":2,"1":2,"2":2,"3":2,"4":0,"5":0,"6":0,"7":0,"8":0,"9":0,"10":0,"11":0,"12":0,"13":0,"14":0,"15":0,"16":0,"17":0,"18":0,"19":2,"20":2,"21":0,"22":0,"23":0,"24":0,"25":0,"26":0,"27":0,"28":2,"29":2,"30":0,"31":0,"32":0,"33":0,"34":0,"35":0,"36":0,"37":0,"38":0,"39":0,"40":0,"41":0,"42":0,"43":0,"44":0,"45":0,"46":0,"47":0,"48":2,"49":2,"50":0,"51":0,"52":0,"53":0,"54":0,"55":0,"56":0,"57":0,"58":0,"59":0,"60":0,"61":0,"62":0,"63":0,"64":0,"65":0,"66":0,"67":0,"68":0,"69":0,"70":0,"71":0,"72":2,"73":2,"74":0,"75":0,"76":0,"77":0,"78":0,"79":0,"80":0,"81":0,"82":0,"83":0,"84":0,"85":0,"86":0,"87":0,"88":0,"89":0,"90":0,"91":0,"92":0,"93":0,"94":0,"95":2},"f":{"0":0,"1":0,"2":0,"3":0,"4":0,"5":0,"6":0,"7":0,"8":0,"9":0},"b":{"0":[0,0],"1":[0,0],"2":[0],"3":[0],"4":[0,0],"5":[0],"6":[0,0],"7":[0],"8":[0,0],"9":[0,0],"10":[0],"11":[0,0],"12":[0],"13":[0],"14":[0,0],"15":[0],"16":[0,0],"17":[0,0],"18":[0],"19":[0,0],"20":[0],"21":[0,0],"22":[0],"23":[0],"24":[0,0],"25":[0],"26":[0,0],"27":[0,0],"28":[0,0],"29":[0,0],"30":[0,0],"31":[0],"32":[0,0],"33":[0,0],"34":[0],"35":[0,0],"36":[0],"37":[0],"38":[0,0]}}
,"C:\\Users\\gokha\\Desktop\\Desktop\\Projeler\\cases\\patrion_backend_case\\src\\middlewares\\auth.middleware.ts": {"path":"C:\\Users\\gokha\\Desktop\\Desktop\\Projeler\\cases\\patrion_backend_case\\src\\middlewares\\auth.middleware.ts","statementMap":{"0":{"start":{"line":2,"column":0},"end":{"line":2,"column":49}},"1":{"start":{"line":4,"column":0},"end":{"line":4,"column":86}},"2":{"start":{"line":5,"column":0},"end":{"line":5,"column":41}},"3":{"start":{"line":6,"column":0},"end":{"line":6,"column":52}},"4":{"start":{"line":12,"column":28},"end":{"line":42,"column":1}},"5":{"start":{"line":13,"column":2},"end":{"line":41,"column":3}},"6":{"start":{"line":15,"column":23},"end":{"line":15,"column":48}},"7":{"start":{"line":17,"column":4},"end":{"line":23,"column":5}},"8":{"start":{"line":18,"column":6},"end":{"line":21,"column":9}},"9":{"start":{"line":22,"column":6},"end":{"line":22,"column":13}},"10":{"start":{"line":26,"column":18},"end":{"line":26,"column":42}},"11":{"start":{"line":29,"column":20},"end":{"line":29,"column":38}},"12":{"start":{"line":32,"column":4},"end":{"line":32,"column":23}},"13":{"start":{"line":35,"column":4},"end":{"line":35,"column":11}},"14":{"start":{"line":37,"column":4},"end":{"line":40,"column":7}},"15":{"start":{"line":12,"column":13},"end":{"line":12,"column":28}},"16":{"start":{"line":47,"column":25},"end":{"line":66,"column":1}},"17":{"start":{"line":48,"column":2},"end":{"line":65,"column":4}},"18":{"start":{"line":49,"column":4},"end":{"line":55,"column":5}},"19":{"start":{"line":50,"column":6},"end":{"line":53,"column":9}},"20":{"start":{"line":54,"column":6},"end":{"line":54,"column":13}},"21":{"start":{"line":57,"column":4},"end":{"line":64,"column":5}},"22":{"start":{"line":58,"column":6},"end":{"line":58,"column":13}},"23":{"start":{"line":60,"column":6},"end":{"line":63,"column":9}},"24":{"start":{"line":47,"column":13},"end":{"line":47,"column":25}},"25":{"start":{"line":71,"column":33},"end":{"line":92,"column":1}},"26":{"start":{"line":72,"column":2},"end":{"line":91,"column":4}},"27":{"start":{"line":73,"column":4},"end":{"line":79,"column":5}},"28":{"start":{"line":74,"column":6},"end":{"line":77,"column":9}},"29":{"start":{"line":78,"column":6},"end":{"line":78,"column":13}},"30":{"start":{"line":81,"column":21},"end":{"line":81,"column":46}},"31":{"start":{"line":83,"column":4},"end":{"line":90,"column":5}},"32":{"start":{"line":84,"column":6},"end":{"line":84,"column":13}},"33":{"start":{"line":86,"column":6},"end":{"line":89,"column":9}},"34":{"start":{"line":71,"column":13},"end":{"line":71,"column":33}},"35":{"start":{"line":98,"column":34},"end":{"line":149,"column":1}},"36":{"start":{"line":99,"column":2},"end":{"line":148,"column":4}},"37":{"start":{"line":99,"column":86},"end":{"line":148,"column":4}},"38":{"start":{"line":100,"column":4},"end":{"line":147,"column":5}},"39":{"start":{"line":101,"column":6},"end":{"line":107,"column":7}},"40":{"start":{"line":102,"column":8},"end":{"line":105,"column":11}},"41":{"start":{"line":106,"column":8},"end":{"line":106,"column":15}},"42":{"start":{"line":109,"column":23},"end":{"line":109,"column":48}},"43":{"start":{"line":110,"column":21},"end":{"line":110,"column":32}},"44":{"start":{"line":113,"column":6},"end":{"line":116,"column":7}},"45":{"start":{"line":114,"column":8},"end":{"line":114,"column":15}},"46":{"start":{"line":115,"column":8},"end":{"line":115,"column":15}},"47":{"start":{"line":119,"column":19},"end":{"line":119,"column":45}},"48":{"start":{"line":120,"column":6},"end":{"line":126,"column":7}},"49":{"start":{"line":121,"column":8},"end":{"line":124,"column":11}},"50":{"start":{"line":125,"column":8},"end":{"line":125,"column":15}},"51":{"start":{"line":130,"column":30},"end":{"line":132,"column":36}},"52":{"start":{"line":134,"column":6},"end":{"line":141,"column":7}},"53":{"start":{"line":135,"column":8},"end":{"line":135,"column":15}},"54":{"start":{"line":137,"column":8},"end":{"line":140,"column":11}},"55":{"start":{"line":143,"column":6},"end":{"line":146,"column":9}},"56":{"start":{"line":98,"column":13},"end":{"line":98,"column":34}},"57":{"start":{"line":154,"column":34},"end":{"line":172,"column":1}},"58":{"start":{"line":155,"column":2},"end":{"line":171,"column":3}},"59":{"start":{"line":156,"column":18},"end":{"line":156,"column":103}},"60":{"start":{"line":158,"column":4},"end":{"line":160,"column":5}},"61":{"start":{"line":159,"column":6},"end":{"line":159,"column":66}},"62":{"start":{"line":163,"column":20},"end":{"line":163,"column":38}},"63":{"start":{"line":166,"column":4},"end":{"line":166,"column":31}},"64":{"start":{"line":168,"column":4},"end":{"line":168,"column":11}},"65":{"start":{"line":170,"column":4},"end":{"line":170,"column":95}},"66":{"start":{"line":154,"column":13},"end":{"line":154,"column":34}}},"fnMap":{"0":{"name":"(anonymous_7)","decl":{"start":{"line":12,"column":28},"end":{"line":12,"column":29}},"loc":{"start":{"line":12,"column":90},"end":{"line":42,"column":1}}},"1":{"name":"(anonymous_8)","decl":{"start":{"line":47,"column":25},"end":{"line":47,"column":26}},"loc":{"start":{"line":47,"column":54},"end":{"line":66,"column":1}}},"2":{"name":"(anonymous_9)","decl":{"start":{"line":48,"column":9},"end":{"line":48,"column":10}},"loc":{"start":{"line":48,"column":71},"end":{"line":65,"column":3}}},"3":{"name":"(anonymous_10)","decl":{"start":{"line":71,"column":33},"end":{"line":71,"column":34}},"loc":{"start":{"line":71,"column":68},"end":{"line":92,"column":1}}},"4":{"name":"(anonymous_11)","decl":{"start":{"line":72,"column":9},"end":{"line":72,"column":10}},"loc":{"start":{"line":72,"column":71},"end":{"line":91,"column":3}}},"5":{"name":"(anonymous_12)","decl":{"start":{"line":98,"column":34},"end":{"line":98,"column":35}},"loc":{"start":{"line":98,"column":80},"end":{"line":149,"column":1}}},"6":{"name":"(anonymous_13)","decl":{"start":{"line":99,"column":9},"end":{"line":99,"column":16}},"loc":{"start":{"line":99,"column":86},"end":{"line":148,"column":4}}},"7":{"name":"(anonymous_14)","decl":{"start":{"line":99,"column":86},"end":{"line":99,"column":null}},"loc":{"start":{"line":99,"column":86},"end":{"line":148,"column":3}}},"8":{"name":"(anonymous_15)","decl":{"start":{"line":154,"column":34},"end":{"line":154,"column":35}},"loc":{"start":{"line":154,"column":88},"end":{"line":172,"column":1}}}},"branchMap":{"0":{"loc":{"start":{"line":17,"column":4},"end":{"line":23,"column":5}},"type":"if","locations":[{"start":{"line":17,"column":4},"end":{"line":23,"column":5}}]},"1":{"loc":{"start":{"line":17,"column":8},"end":{"line":17,"column":56}},"type":"binary-expr","locations":[{"start":{"line":17,"column":8},"end":{"line":17,"column":19}},{"start":{"line":17,"column":23},"end":{"line":17,"column":56}}]},"2":{"loc":{"start":{"line":39,"column":15},"end":{"line":39,"column":81}},"type":"cond-expr","locations":[{"start":{"line":39,"column":40},"end":{"line":39,"column":53}},{"start":{"line":39,"column":56},"end":{"line":39,"column":81}}]},"3":{"loc":{"start":{"line":49,"column":4},"end":{"line":55,"column":5}},"type":"if","locations":[{"start":{"line":49,"column":4},"end":{"line":55,"column":5}}]},"4":{"loc":{"start":{"line":57,"column":4},"end":{"line":64,"column":5}},"type":"if","locations":[{"start":{"line":57,"column":4},"end":{"line":64,"column":5}},{"start":{"line":59,"column":11},"end":{"line":64,"column":5}}]},"5":{"loc":{"start":{"line":73,"column":4},"end":{"line":79,"column":5}},"type":"if","locations":[{"start":{"line":73,"column":4},"end":{"line":79,"column":5}}]},"6":{"loc":{"start":{"line":83,"column":4},"end":{"line":90,"column":5}},"type":"if","locations":[{"start":{"line":83,"column":4},"end":{"line":90,"column":5}},{"start":{"line":85,"column":11},"end":{"line":90,"column":5}}]},"7":{"loc":{"start":{"line":98,"column":35},"end":{"line":98,"column":76}},"type":"default-arg","locations":[{"start":{"line":98,"column":64},"end":{"line":98,"column":76}}]},"8":{"loc":{"start":{"line":101,"column":6},"end":{"line":107,"column":7}},"type":"if","locations":[{"start":{"line":101,"column":6},"end":{"line":107,"column":7}}]},"9":{"loc":{"start":{"line":113,"column":6},"end":{"line":116,"column":7}},"type":"if","locations":[{"start":{"line":113,"column":6},"end":{"line":116,"column":7}}]},"10":{"loc":{"start":{"line":120,"column":6},"end":{"line":126,"column":7}},"type":"if","locations":[{"start":{"line":120,"column":6},"end":{"line":126,"column":7}}]},"11":{"loc":{"start":{"line":130,"column":30},"end":{"line":132,"column":36}},"type":"cond-expr","locations":[{"start":{"line":131,"column":8},"end":{"line":131,"column":52}},{"start":{"line":132,"column":8},"end":{"line":132,"column":36}}]},"12":{"loc":{"start":{"line":134,"column":6},"end":{"line":141,"column":7}},"type":"if","locations":[{"start":{"line":134,"column":6},"end":{"line":141,"column":7}},{"start":{"line":136,"column":13},"end":{"line":141,"column":7}}]},"13":{"loc":{"start":{"line":145,"column":17},"end":{"line":145,"column":80}},"type":"cond-expr","locations":[{"start":{"line":145,"column":42},"end":{"line":145,"column":55}},{"start":{"line":145,"column":58},"end":{"line":145,"column":80}}]},"14":{"loc":{"start":{"line":156,"column":18},"end":{"line":156,"column":103}},"type":"binary-expr","locations":[{"start":{"line":156,"column":18},"end":{"line":156,"column":45}},{"start":{"line":156,"column":49},"end":{"line":156,"column":102}}]},"15":{"loc":{"start":{"line":156,"column":49},"end":{"line":156,"column":102}},"type":"cond-expr","locations":[{"start":{"line":156,"column":87},"end":{"line":156,"column":89}},{"start":{"line":156,"column":87},"end":{"line":156,"column":102}}]},"16":{"loc":{"start":{"line":156,"column":49},"end":{"line":156,"column":89}},"type":"binary-expr","locations":[{"start":{"line":156,"column":49},"end":{"line":156,"column":89}},{"start":{"line":156,"column":87},"end":{"line":156,"column":89}}]},"17":{"loc":{"start":{"line":158,"column":4},"end":{"line":160,"column":5}},"type":"if","locations":[{"start":{"line":158,"column":4},"end":{"line":160,"column":5}}]},"18":{"loc":{"start":{"line":170,"column":26},"end":{"line":170,"column":92}},"type":"cond-expr","locations":[{"start":{"line":170,"column":51},"end":{"line":170,"column":64}},{"start":{"line":170,"column":67},"end":{"line":170,"column":92}}]}},"s":{"0":2,"1":2,"2":2,"3":2,"4":2,"5":0,"6":0,"7":0,"8":0,"9":0,"10":0,"11":0,"12":0,"13":0,"14":0,"15":2,"16":2,"17":8,"18":0,"19":0,"20":0,"21":0,"22":0,"23":0,"24":2,"25":2,"26":8,"27":0,"28":0,"29":0,"30":0,"31":0,"32":0,"33":0,"34":2,"35":2,"36":0,"37":0,"38":0,"39":0,"40":0,"41":0,"42":0,"43":0,"44":0,"45":0,"46":0,"47":0,"48":0,"49":0,"50":0,"51":0,"52":0,"53":0,"54":0,"55":0,"56":2,"57":2,"58":0,"59":0,"60":0,"61":0,"62":0,"63":0,"64":0,"65":0,"66":2},"f":{"0":0,"1":8,"2":0,"3":8,"4":0,"5":0,"6":0,"7":0,"8":0},"b":{"0":[0],"1":[0,0],"2":[0,0],"3":[0],"4":[0,0],"5":[0],"6":[0,0],"7":[0],"8":[0],"9":[0],"10":[0],"11":[0,0],"12":[0,0],"13":[0,0],"14":[0,0],"15":[0,0],"16":[0,0],"17":[0],"18":[0,0]}}
,"C:\\Users\\gokha\\Desktop\\Desktop\\Projeler\\cases\\patrion_backend_case\\src\\middlewares\\logger.middleware.ts": {"path":"C:\\Users\\gokha\\Desktop\\Desktop\\Projeler\\cases\\patrion_backend_case\\src\\middlewares\\logger.middleware.ts","statementMap":{"0":{"start":{"line":2,"column":0},"end":{"line":2,"column":38}},"1":{"start":{"line":7,"column":26},"end":{"line":18,"column":1}},"2":{"start":{"line":9,"column":20},"end":{"line":9,"column":30}},"3":{"start":{"line":12,"column":2},"end":{"line":15,"column":5}},"4":{"start":{"line":13,"column":25},"end":{"line":13,"column":47}},"5":{"start":{"line":14,"column":4},"end":{"line":14,"column":37}},"6":{"start":{"line":17,"column":2},"end":{"line":17,"column":9}},"7":{"start":{"line":7,"column":13},"end":{"line":7,"column":26}}},"fnMap":{"0":{"name":"(anonymous_0)","decl":{"start":{"line":7,"column":26},"end":{"line":7,"column":27}},"loc":{"start":{"line":7,"column":78},"end":{"line":18,"column":1}}},"1":{"name":"(anonymous_1)","decl":{"start":{"line":12,"column":19},"end":{"line":12,"column":22}},"loc":{"start":{"line":12,"column":24},"end":{"line":15,"column":3}}}},"branchMap":{},"s":{"0":2,"1":2,"2":5,"3":5,"4":5,"5":5,"6":5,"7":2},"f":{"0":5,"1":5},"b":{}}
[...]
,"C:\\Users\\gokha\\Desktop\\Desktop\\Projeler\\cases\\patrion_backend_case\\src\\types\\permission.ts": {"path":"C:\\Users\\gokha\\Desktop\\Desktop\\Projeler\\cases\\patrion_backend_case\\src\\types\\permission.ts","statementMap":{"0":{"start":{"line":1,"column":0},"end":{"line":1,"column":34}},"1":{"start":{"line":6,"column":0},"end":{"line":6,"column":null}},"2":{"start":{"line":8,"column":2},"end":{"line":8,"column":null}},"3":{"start":{"line":9,"column":2},"end":{"line":9,"column":null}},"4":{"start":{"line":10,"column":2},"end":{"line":10,"column":null}},"5":{"start":{"line":11,"column":2},"end":{"line":11,"column":null}},"6":{"start":{"line":14,"column":2},"end":{"line":14,"column":null}},"7":{"start":{"line":15,"column":2},"end":{"line":15,"column":null}},"8":{"start":{"line":16,"column":2},"end":{"line":16,"column":null}},"9":{"start":{"line":17,"column":2},"end":{"line":17,"column":null}},"10":{"start":{"line":20,"column":2},"end":{"line":20,"column":null}},"11":{"start":{"line":21,"column":2},"end":{"line":21,"column":null}},"12":{"start":{"line":22,"column":2},"end":{"line":22,"column":null}},"13":{"start":{"line":23,"column":2},"end":{"line":23,"column":null}},"14":{"start":{"line":26,"column":2},"end":{"line":26,"column":null}},"15":{"start":{"line":27,"column":2},"end":{"line":27,"column":null}},"16":{"start":{"line":30,"column":2},"end":{"line":30,"column":null}},"17":{"start":{"line":31,"column":2},"end":{"line":31,"column":null}},"18":{"start":{"line":37,"column":13},"end":{"line":70,"column":2}},"19":{"start":{"line":75,"column":29},"end":{"line":77,"column":1}},"20":{"start":{"line":76,"column":2},"end":{"line":76,"column":63}},"21":{"start":{"line":75,"column":13},"end":{"line":75,"column":29}},"22":{"start":{"line":83,"column":36},"end":{"line":99,"column":1}},"23":{"start":{"line":89,"column":2},"end":{"line":91,"column":3}},"24":{"start":{"line":90,"column":4},"end":{"line":90,"column":16}},"25":{"start":{"line":94,"column":2},"end":{"line":98,"column":4}},"26":{"start":{"line":83,"column":13},"end":{"line":83,"column":36}}},"fnMap":{"0":{"name":"(anonymous_0)","decl":{"start":{"line":6,"column":0},"end":{"line":6,"column":12}},"loc":{"start":{"line":6,"column":22},"end":{"line":32,"column":1}}},"1":{"name":"(anonymous_1)","decl":{"start":{"line":75,"column":29},"end":{"line":75,"column":30}},"loc":{"start":{"line":75,"column":81},"end":{"line":77,"column":1}}},"2":{"name":"(anonymous_2)","decl":{"start":{"line":83,"column":36},"end":{"line":83,"column":null}},"loc":{"start":{"line":87,"column":13},"end":{"line":99,"column":1}}}},"branchMap":{"0":{"loc":{"start":{"line":6,"column":12},"end":{"line":6,"column":null}},"type":"binary-expr","locations":[{"start":{"line":6,"column":12},"end":{"line":6,"column":22}},{"start":{"line":6,"column":22},"end":{"line":6,"column":null}}]},"1":{"loc":{"start":{"line":76,"column":9},"end":{"line":76,"column":62}},"type":"binary-expr","locations":[{"start":{"line":76,"column":9},"end":{"line":76,"column":53}},{"start":{"line":76,"column":57},"end":{"line":76,"column":62}}]},"2":{"loc":{"start":{"line":76,"column":9},"end":{"line":76,"column":53}},"type":"cond-expr","locations":[{"start":{"line":76,"column":31},"end":{"line":76,"column":33}},{"start":{"line":76,"column":31},"end":{"line":76,"column":53}}]},"3":{"loc":{"start":{"line":76,"column":9},"end":{"line":76,"column":33}},"type":"binary-expr","locations":[{"start":{"line":76,"column":9},"end":{"line":76,"column":33}},{"start":{"line":76,"column":31},"end":{"line":76,"column":33}}]},"4":{"loc":{"start":{"line":89,"column":2},"end":{"line":91,"column":3}},"type":"if","locations":[{"start":{"line":89,"column":2},"end":{"line":91,"column":3}}]},"5":{"loc":{"start":{"line":95,"column":4},"end":{"line":97,"column":37}},"type":"binary-expr","locations":[{"start":{"line":95,"column":4},"end":{"line":95,"column":31}},{"start":{"line":96,"column":4},"end":{"line":96,"column":33}},{"start":{"line":97,"column":4},"end":{"line":97,"column":37}}]}},"s":{"0":2,"1":2,"2":2,"3":2,"4":2,"5":2,"6":2,"7":2,"8":2,"9":2,"10":2,"11":2,"12":2,"13":2,"14":2,"15":2,"16":2,"17":2,"18":2,"19":2,"20":0,"21":2,"22":2,"23":0,"24":0,"25":0,"26":2},"f":{"0":2,"1":0,"2":0},"b":{"0":[2,2],"1":[0,0],"2":[0,0],"3":[0,0],"4":[0],"5":[0,0,0]}}
,"C:\\Users\\gokha\\Desktop\\Desktop\\Projeler\\cases\\patrion_backend_case\\src\\types\\user.ts": {"path":"C:\\Users\\gokha\\Desktop\\Desktop\\Projeler\\cases\\patrion_backend_case\\src\\types\\user.ts","statementMap":{"0":{"start":{"line":1,"column":0},"end":{"line":1,"column":null}},"1":{"start":{"line":2,"column":2},"end":{"line":2,"column":null}},"2":{"start":{"line":3,"column":2},"end":{"line":3,"column":null}},"3":{"start":{"line":4,"column":2},"end":{"line":4,"column":null}}},"fnMap":{"0":{"name":"(anonymous_0)","decl":{"start":{"line":1,"column":0},"end":{"line":1,"column":12}},"loc":{"start":{"line":1,"column":20},"end":{"line":5,"column":1}}}},"branchMap":{"0":{"loc":{"start":{"line":1,"column":12},"end":{"line":1,"column":null}},"type":"binary-expr","locations":[{"start":{"line":1,"column":12},"end":{"line":1,"column":20}},{"start":{"line":1,"column":20},"end":{"line":1,"column":null}}]}},"s":{"0":4,"1":4,"2":4,"3":4},"f":{"0":4},"b":{"0":[4,4]}}
,"C:\\Users\\gokha\\Desktop\\Desktop\\Projeler\\cases\\patrion_backend_case\\src\\utils\\createAdmin.ts": {"path":"C:\\Users\\gokha\\Desktop\\Desktop\\Projeler\\cases\\patrion_backend_case\\src\\utils\\createAdmin.ts","statementMap":{"0":{"start":{"line":1,"column":0},"end":{"line":1,"column":50}},"1":{"start":{"line":3,"column":0},"end":{"line":3,"column":28}},"2":{"start":{"line":4,"column":0},"end":{"line":4,"column":41}},"3":{"start":{"line":5,"column":0},"end":{"line":5,"column":31}},"4":{"start":{"line":6,"column":0},"end":{"line":6,"column":28}},"5":{"start":{"line":8,"column":0},"end":{"line":8,"column":63}},"6":{"start":{"line":9,"column":0},"end":{"line":9,"column":56}},"7":{"start":{"line":12,"column":0},"end":{"line":12,"column":16}},"8":{"start":{"line":18,"column":2},"end":{"line":59,"column":3}},"9":{"start":{"line":20,"column":4},"end":{"line":20,"column":33}},"10":{"start":{"line":21,"column":4},"end":{"line":21,"column":53}},"11":{"start":{"line":23,"column":4},"end":{"line":23,"column":29}},"12":{"start":{"line":24,"column":4},"end":{"line":24,"column":56}},"13":{"start":{"line":27,"column":26},"end":{"line":27,"column":77}},"14":{"start":{"line":29,"column":4},"end":{"line":32,"column":5}},"15":{"start":{"line":30,"column":6},"end":{"line":30,"column":56}},"16":{"start":{"line":31,"column":6},"end":{"line":31,"column":22}},"17":{"start":{"line":35,"column":23},"end":{"line":35,"column":25}},"18":{"start":{"line":36,"column":27},"end":{"line":36,"column":68}},"19":{"start":{"line":39,"column":18},"end":{"line":45,"column":6}},"20":{"start":{"line":47,"column":4},"end":{"line":47,"column":85}},"21":{"start":{"line":48,"column":4},"end":{"line":48,"column":57}},"22":{"start":{"line":49,"column":4},"end":{"line":49,"column":43}},"23":{"start":{"line":50,"column":4},"end":{"line":50,"column":35}},"24":{"start":{"line":52,"column":4},"end":{"line":52,"column":20}},"25":{"start":{"line":54,"column":4},"end":{"line":56,"column":7}},"26":{"start":{"line":57,"column":4},"end":{"line":57,"column":83}},"27":{"start":{"line":58,"column":4},"end":{"line":58,"column":20}},"28":{"start":{"line":63,"column":0},"end":{"line":63,"column":20}}},"fnMap":{"0":{"name":"createSystemAdmin","decl":{"start":{"line":17,"column":15},"end":{"line":17,"column":32}},"loc":{"start":{"line":17,"column":32},"end":{"line":60,"column":null}}}},"branchMap":{"0":{"loc":{"start":{"line":29,"column":4},"end":{"line":32,"column":5}},"type":"if","locations":[{"start":{"line":29,"column":4},"end":{"line":32,"column":5}}]},"1":{"loc":{"start":{"line":55,"column":13},"end":{"line":55,"column":67}},"type":"cond-expr","locations":[{"start":{"line":55,"column":38},"end":{"line":55,"column":51}},{"start":{"line":55,"column":54},"end":{"line":55,"column":67}}]},"2":{"loc":{"start":{"line":57,"column":27},"end":{"line":57,"column":81}},"type":"cond-expr","locations":[{"start":{"line":57,"column":52},"end":{"line":57,"column":65}},{"start":{"line":57,"column":68},"end":{"line":57,"column":81}}]}},"s":{"0":0,"1":0,"2":0,"3":0,"4":0,"5":0,"6":0,"7":0,"8":0,"9":0,"10":0,"11":0,"12":0,"13":0,"14":0,"15":0,"16":0,"17":0,"18":0,"19":0,"20":0,"21":0,"22":0,"23":0,"24":0,"25":0,"26":0,"27":0,"28":0},"f":{"0":0},"b":{"0":[0],"1":[0,0],"2":[0,0]}}
,"C:\\Users\\gokha\\Desktop\\Desktop\\Projeler\\cases\\patrion_backend_case\\src\\utils\\jwt.utils.ts": {"path":"C:\\Users\\gokha\\Desktop\\Desktop\\Projeler\\cases\\patrion_backend_case\\src\\utils\\jwt.utils.ts","statementMap":{"0":{"start":{"line":1,"column":0},"end":{"line":1,"column":48}},"1":{"start":{"line":2,"column":0},"end":{"line":2,"column":38}},"2":{"start":{"line":11,"column":29},"end":{"line":22,"column":1}},"3":{"start":{"line":12,"column":18},"end":{"line":16,"column":4}},"4":{"start":{"line":19,"column":2},"end":{"line":21,"column":5}},"5":{"start":{"line":11,"column":13},"end":{"line":11,"column":29}},"6":{"start":{"line":27,"column":27},"end":{"line":34,"column":1}},"7":{"start":{"line":28,"column":2},"end":{"line":33,"column":3}},"8":{"start":{"line":30,"column":4},"end":{"line":30,"column":48}},"9":{"start":{"line":32,"column":4},"end":{"line":32,"column":57}},"10":{"start":{"line":27,"column":13},"end":{"line":27,"column":27}}},"fnMap":{"0":{"name":"(anonymous_1)","decl":{"start":{"line":11,"column":29},"end":{"line":11,"column":30}},"loc":{"start":{"line":11,"column":70},"end":{"line":22,"column":1}}},"1":{"name":"(anonymous_2)","decl":{"start":{"line":27,"column":27},"end":{"line":27,"column":28}},"loc":{"start":{"line":27,"column":50},"end":{"line":34,"column":1}}}},"branchMap":{},"s":{"0":2,"1":2,"2":2,"3":1,"4":1,"5":2,"6":2,"7":0,"8":0,"9":0,"10":2},"f":{"0":1,"1":0},"b":{}}
,"C:\\Users\\gokha\\Desktop\\Desktop\\Projeler\\cases\\patrion_backend_case\\src\\utils\\logger.ts": {"path":"C:\\Users\\gokha\\Desktop\\Desktop\\Projeler\\cases\\patrion_backend_case\\src\\utils\\logger.ts","statementMap":{"0":{"start":{"line":1,"column":0},"end":{"line":1,"column":30}},"1":{"start":{"line":2,"column":0},"end":{"line":2,"column":24}},"2":{"start":{"line":3,"column":0},"end":{"line":3,"column":20}},"3":{"start":{"line":6,"column":15},"end":{"line":6,"column":21}},"4":{"start":{"line":7,"column":0},"end":{"line":9,"column":1}},"5":{"start":{"line":8,"column":2},"end":{"line":8,"column":23}},"6":{"start":{"line":12,"column":18},"end":{"line":16,"column":null}},"7":{"start":{"line":20,"column":15},"end":{"line":39,"column":2}},"8":{"start":{"line":42,"column":0},"end":{"line":48,"column":2}},"9":{"start":{"line":50,"column":0},"end":{"line":56,"column":2}},"10":{"start":{"line":59,"column":0},"end":{"line":66,"column":1}},"11":{"start":{"line":60,"column":2},"end":{"line":65,"column":6}},"12":{"start":{"line":71,"column":13},"end":{"line":124,"column":2}},"13":{"start":{"line":73,"column":4},"end":{"line":73,"column":46}},"14":{"start":{"line":77,"column":4},"end":{"line":77,"column":45}},"15":{"start":{"line":81,"column":4},"end":{"line":81,"column":45}},"16":{"start":{"line":85,"column":4},"end":{"line":85,"column":46}},"17":{"start":{"line":90,"column":21},"end":{"line":90,"column":61}},"18":{"start":{"line":91,"column":4},"end":{"line":101,"column":7}},"19":{"start":{"line":106,"column":4},"end":{"line":112,"column":7}},"20":{"start":{"line":117,"column":4},"end":{"line":122,"column":7}},"21":{"start":{"line":127,"column":0},"end":{"line":127,"column":22}}},"fnMap":{"0":{"name":"(anonymous_1)","decl":{"start":{"line":72,"column":9},"end":{"line":72,"column":10}},"loc":{"start":{"line":72,"column":61},"end":{"line":74,"column":3}}},"1":{"name":"(anonymous_2)","decl":{"start":{"line":76,"column":8},"end":{"line":76,"column":9}},"loc":{"start":{"line":76,"column":60},"end":{"line":78,"column":3}}},"2":{"name":"(anonymous_3)","decl":{"start":{"line":80,"column":8},"end":{"line":80,"column":9}},"loc":{"start":{"line":80,"column":60},"end":{"line":82,"column":3}}},"3":{"name":"(anonymous_4)","decl":{"start":{"line":84,"column":9},"end":{"line":84,"column":10}},"loc":{"start":{"line":84,"column":61},"end":{"line":86,"column":3}}},"4":{"name":"(anonymous_5)","decl":{"start":{"line":89,"column":8},"end":{"line":89,"column":9}},"loc":{"start":{"line":89,"column":53},"end":{"line":102,"column":3}}},"5":{"name":"(anonymous_6)","decl":{"start":{"line":105,"column":6},"end":{"line":105,"column":7}},"loc":{"start":{"line":105,"column":57},"end":{"line":113,"column":3}}},"6":{"name":"(anonymous_7)","decl":{"start":{"line":116,"column":10},"end":{"line":116,"column":11}},"loc":{"start":{"line":116,"column":42},"end":{"line":123,"column":3}}}},"branchMap":{"0":{"loc":{"start":{"line":7,"column":0},"end":{"line":9,"column":1}},"type":"if","locations":[{"start":{"line":7,"column":0},"end":{"line":9,"column":1}}]},"1":{"loc":{"start":{"line":21,"column":9},"end":{"line":21,"column":65}},"type":"cond-expr","locations":[{"start":{"line":21,"column":49},"end":{"line":21,"column":55}},{"start":{"line":21,"column":58},"end":{"line":21,"column":65}}]},"2":{"loc":{"start":{"line":59,"column":0},"end":{"line":66,"column":1}},"type":"if","locations":[{"start":{"line":59,"column":0},"end":{"line":66,"column":1}}]},"3":{"loc":{"start":{"line":72,"column":27},"end":{"line":72,"column":57}},"type":"default-arg","locations":[{"start":{"line":72,"column":55},"end":{"line":72,"column":57}}]},"4":{"loc":{"start":{"line":76,"column":26},"end":{"line":76,"column":56}},"type":"default-arg","locations":[{"start":{"line":76,"column":54},"end":{"line":76,"column":56}}]},"5":{"loc":{"start":{"line":80,"column":26},"end":{"line":80,"column":56}},"type":"default-arg","locations":[{"start":{"line":80,"column":54},"end":{"line":80,"column":56}}]},"6":{"loc":{"start":{"line":84,"column":27},"end":{"line":84,"column":57}},"type":"default-arg","locations":[{"start":{"line":84,"column":55},"end":{"line":84,"column":57}}]},"7":{"loc":{"start":{"line":90,"column":21},"end":{"line":90,"column":61}},"type":"cond-expr","locations":[{"start":{"line":90,"column":45},"end":{"line":90,"column":52}},{"start":{"line":90,"column":55},"end":{"line":90,"column":61}}]},"8":{"loc":{"start":{"line":99,"column":16},"end":{"line":99,"column":28}},"type":"cond-expr","locations":[{"start":{"line":99,"column":24},"end":{"line":99,"column":26}},{"start":{"line":99,"column":24},"end":{"line":99,"column":28}}]},"9":{"loc":{"start":{"line":99,"column":16},"end":{"line":99,"column":26}},"type":"binary-expr","locations":[{"start":{"line":99,"column":16},"end":{"line":99,"column":26}},{"start":{"line":99,"column":24},"end":{"line":99,"column":26}}]}},"s":{"0":2,"1":2,"2":2,"3":2,"4":2,"5":0,"6":2,"7":2,"8":2,"9":2,"10":2,"11":2,"12":2,"13":0,"14":0,"15":0,"16":0,"17":5,"18":5,"19":0,"20":0,"21":2},"f":{"0":0,"1":0,"2":0,"3":0,"4":5,"5":0,"6":0},"b":{"0":[0],"1":[0,2],"2":[2],"3":[0],"4":[0],"5":[0],"6":[0],"7":[4,1],"8":[5,0],"9":[5,5]}}
,"C:\\Users\\gokha\\Desktop\\Desktop\\Projeler\\cases\\patrion_backend_case\\src\\utils\\resetDatabase.ts": {"path":"C:\\Users\\gokha\\Desktop\\Desktop\\Projeler\\cases\\patrion_backend_case\\src\\utils\\resetDatabase.ts","statementMap":{"0":{"start":{"line":1,"column":0},"end":{"line":1,"column":38}},"1":{"start":{"line":2,"column":0},"end":{"line":2,"column":31}},"2":{"start":{"line":3,"column":0},"end":{"line":3,"column":28}},"3":{"start":{"line":6,"column":0},"end":{"line":6,"column":16}},"4":{"start":{"line":12,"column":2},"end":{"line":35,"column":3}},"5":{"start":{"line":14,"column":4},"end":{"line":14,"column":64}},"6":{"start":{"line":16,"column":4},"end":{"line":22,"column":7}},"7":{"start":{"line":24,"column":4},"end":{"line":24,"column":54}},"8":{"start":{"line":25,"column":4},"end":{"line":25,"column":127}},"9":{"start":{"line":26,"column":4},"end":{"line":26,"column":70}},"10":{"start":{"line":28,"column":4},"end":{"line":28,"column":20}},"11":{"start":{"line":30,"column":4},"end":{"line":32,"column":7}},"12":{"start":{"line":33,"column":4},"end":{"line":33,"column":83}},"13":{"start":{"line":34,"column":4},"end":{"line":34,"column":20}},"14":{"start":{"line":39,"column":0},"end":{"line":39,"column":16}}},"fnMap":{"0":{"name":"resetDatabase","decl":{"start":{"line":11,"column":15},"end":{"line":11,"column":28}},"loc":{"start":{"line":11,"column":28},"end":{"line":36,"column":null}}}},"branchMap":{"0":{"loc":{"start":{"line":31,"column":13},"end":{"line":31,"column":67}},"type":"cond-expr","locations":[{"start":{"line":31,"column":38},"end":{"line":31,"column":51}},{"start":{"line":31,"column":54},"end":{"line":31,"column":67}}]},"1":{"loc":{"start":{"line":33,"column":27},"end":{"line":33,"column":81}},"type":"cond-expr","locations":[{"start":{"line":33,"column":52},"end":{"line":33,"column":65}},{"start":{"line":33,"column":68},"end":{"line":33,"column":81}}]}},"s":{"0":0,"1":0,"2":0,"3":0,"4":0,"5":0,"6":0,"7":0,"8":0,"9":0,"10":0,"11":0,"12":0,"13":0,"14":0},"f":{"0":0},"b":{"0":[0,0],"1":[0,0]}}
,"C:\\Users\\gokha\\Desktop\\Desktop\\Projeler\\cases\\patrion_backend_case\\src\\utils\\swagger.ts": {"path":"C:\\Users\\gokha\\Desktop\\Desktop\\Projeler\\cases\\patrion_backend_case\\src\\utils\\swagger.ts","statementMap":{"0":{"start":{"line":1,"column":0},"end":{"line":1,"column":41}},"1":{"start":{"line":2,"column":0},"end":{"line":2,"column":45}},"2":{"start":{"line":4,"column":38},"end":{"line":43,"column":2}},"3":{"start":{"line":45,"column":20},"end":{"line":45,"column":41}},"4":{"start":{"line":47,"column":0},"end":{"line":47,"column":27}}},"fnMap":{},"branchMap":{},"s":{"0":2,"1":2,"2":2,"3":2,"4":2},"f":{},"b":{}}
,"C:\\Users\\gokha\\Desktop\\Desktop\\Projeler\\cases\\patrion_backend_case\\src\\utils\\validation.rules.ts": {"path":"C:\\Users\\gokha\\Desktop\\Desktop\\Projeler\\cases\\patrion_backend_case\\src\\utils\\validation.rules.ts","statementMap":{"0":{"start":{"line":1,"column":0},"end":{"line":1,"column":55}},"1":{"start":{"line":2,"column":0},"end":{"line":2,"column":41}},"2":{"start":{"line":7,"column":13},"end":{"line":36,"column":2}},"3":{"start":{"line":41,"column":13},"end":{"line":69,"column":2}},"4":{"start":{"line":74,"column":13},"end":{"line":109,"column":2}},"5":{"start":{"line":114,"column":13},"end":{"line":170,"column":2}}},"fnMap":{},"branchMap":{},"s":{"0":3,"1":3,"2":3,"3":3,"4":3,"5":3},"f":{},"b":{}}
}
