TN:
SF:src\index.ts
FN:34,(anonymous_8)
FN:34,(anonymous_9)
FN:79,(anonymous_10)
FN:85,(anonymous_11)
FN:90,(anonymous_12)
FN:98,(anonymous_13)
FN:122,(anonymous_14)
FN:129,(anonymous_15)
FN:129,(anonymous_16)
FN:130,(anonymous_17)
FN:131,(anonymous_18)
FN:131,(anonymous_19)
FN:151,(anonymous_20)
FN:153,(anonymous_21)
FNF:14
FNH:1
FNDA:0,(anonymous_8)
FNDA:0,(anonymous_9)
FNDA:0,(anonymous_10)
FNDA:0,(anonymous_11)
FNDA:0,(anonymous_12)
FNDA:0,(anonymous_13)
FNDA:1,(anonymous_14)
FNDA:0,(anonymous_15)
FNDA:0,(anonymous_16)
FNDA:0,(anonymous_17)
FNDA:0,(anonymous_18)
FNDA:0,(anonymous_19)
FNDA:0,(anonymous_20)
FNDA:0,(anonymous_21)
DA:1,2
DA:2,2
DA:3,2
DA:4,2
DA:5,2
DA:6,2
DA:7,2
DA:8,2
DA:9,2
DA:10,2
DA:11,2
DA:12,2
DA:13,2
DA:14,2
DA:15,2
DA:16,2
DA:17,2
DA:19,2
DA:22,2
DA:23,2
DA:26,2
DA:27,2
DA:28,2
DA:31,2
DA:34,2
DA:35,0
DA:37,0
DA:38,0
DA:41,0
DA:42,0
DA:45,0
DA:46,0
DA:48,0
DA:49,0
DA:52,0
DA:53,0
DA:57,0
DA:59,0
DA:60,0
DA:61,0
DA:63,0
DA:65,0
DA:66,0
DA:68,0
DA:69,0
DA:70,0
DA:75,2
DA:78,2
DA:79,2
DA:80,0
DA:81,0
DA:85,2
DA:86,0
DA:90,2
DA:91,0
DA:98,2
DA:99,0
DA:106,0
DA:107,0
DA:109,0
DA:116,2
DA:119,2
DA:122,2
DA:123,1
DA:124,1
DA:129,2
DA:130,0
DA:131,0
DA:132,0
DA:135,0
DA:138,0
DA:140,0
DA:146,2
DA:147,0
DA:151,2
DA:152,0
DA:153,0
DA:154,0
DA:155,0
DA:159,2
LF:80
LH:40
BRDA:59,0,0,0
BRDA:59,0,1,0
BRDA:68,1,0,0
BRDA:68,1,1,0
BRDA:100,2,0,0
BRDA:100,2,1,0
BRDA:106,3,0,0
BRDA:106,3,1,0
BRDA:107,4,0,0
BRDA:107,4,1,0
BRDA:123,5,0,1
BRDA:146,6,0,0
BRF:12
BRH:1
end_of_record
TN:
SF:src\socket.ts
FN:9,(anonymous_7)
FN:20,(anonymous_8)
FN:20,(anonymous_9)
FN:41,(anonymous_10)
FN:46,(anonymous_11)
FN:52,(anonymous_12)
FNF:6
FNH:1
FNDA:2,(anonymous_7)
FNDA:0,(anonymous_8)
FNDA:0,(anonymous_9)
FNDA:0,(anonymous_10)
FNDA:0,(anonymous_11)
FNDA:0,(anonymous_12)
DA:2,2
DA:3,2
DA:4,2
DA:5,2
DA:7,2
DA:9,2
DA:10,2
DA:18,2
DA:20,2
DA:21,0
DA:22,0
DA:23,0
DA:25,0
DA:28,0
DA:29,0
DA:41,0
DA:42,0
DA:43,0
DA:46,0
DA:47,0
DA:48,0
DA:52,0
DA:53,0
DA:56,0
DA:60,2
DA:63,2
LF:26
LH:11
BRDA:22,0,0,0
BRDA:22,0,1,0
BRDA:22,1,0,0
BRDA:22,1,1,0
BRDA:23,2,0,0
BRDA:23,2,1,0
BRDA:23,3,0,0
BRDA:23,3,1,0
BRDA:28,4,0,0
BRDA:56,5,0,0
BRDA:56,5,1,0
BRF:11
BRH:0
end_of_record
TN:
SF:src\config\config.ts
FNF:0
FNH:0
DA:1,2
DA:4,2
DA:6,2
DA:38,2
LF:4
LH:4
BRDA:7,0,0,2
BRDA:7,0,1,0
BRDA:8,1,0,2
BRDA:8,1,1,0
BRDA:11,2,0,2
BRDA:11,2,1,0
BRDA:12,3,0,2
BRDA:12,3,1,0
BRDA:13,4,0,2
BRDA:13,4,1,0
BRDA:14,5,0,2
BRDA:14,5,1,0
BRDA:15,6,0,2
BRDA:15,6,1,0
BRDA:19,7,0,2
BRDA:19,7,1,0
BRDA:20,8,0,2
BRDA:20,8,1,0
BRDA:24,9,0,2
BRDA:24,9,1,0
BRDA:25,10,0,2
BRDA:25,10,1,2
BRDA:26,11,0,2
BRDA:26,11,1,2
BRDA:27,12,0,2
BRDA:27,12,1,0
BRDA:31,13,0,2
BRDA:31,13,1,0
BRDA:32,14,0,2
BRDA:32,14,1,0
BRDA:33,15,0,2
BRDA:33,15,1,0
BRDA:34,16,0,2
BRDA:34,16,1,0
BRF:34
BRH:19
end_of_record
TN:
SF:src\config\database.ts
FN:15,(anonymous_8)
FN:20,(anonymous_9)
FN:20,(anonymous_10)
FNF:3
FNH:2
FNDA:0,(anonymous_8)
FNDA:1,(anonymous_9)
FNDA:1,(anonymous_10)
DA:1,1
DA:2,1
DA:3,1
DA:5,1
DA:15,1
DA:16,0
DA:20,1
DA:22,1
DA:23,1
DA:24,0
DA:25,0
DA:26,0
DA:28,0
DA:31,0
DA:33,0
DA:38,1
DA:40,1
LF:17
LH:10
BRDA:29,0,0,0
BRDA:29,0,1,0
BRDA:33,1,0,0
BRF:3
BRH:0
end_of_record
TN:
SF:src\config\influxdb.ts
FN:20,(anonymous_1)
FNF:1
FNH:0
FNDA:0,(anonymous_1)
DA:1,1
DA:2,1
DA:5,1
DA:11,1
DA:18,1
DA:20,1
LF:6
LH:6
BRF:0
BRH:0
end_of_record
TN:
SF:src\controllers\auth.controller.ts
FN:67,(anonymous_16)
FN:67,(anonymous_17)
FN:146,(anonymous_18)
FN:146,(anonymous_19)
FNF:4
FNH:4
FNDA:1,(anonymous_16)
FNDA:1,(anonymous_17)
FNDA:2,(anonymous_18)
FNDA:2,(anonymous_19)
DA:2,2
DA:67,2
DA:68,1
DA:69,1
DA:70,1
DA:72,0
DA:78,1
DA:81,1
DA:82,1
DA:86,1
DA:89,0
DA:146,2
DA:147,2
DA:148,2
DA:149,2
DA:151,1
DA:157,1
DA:158,1
LF:18
LH:16
BRDA:78,0,0,1
BRDA:78,0,1,0
BRDA:81,1,0,1
BRDA:157,2,0,1
BRDA:157,2,1,0
BRF:5
BRH:3
end_of_record
TN:
SF:src\controllers\company.controller.ts
FN:31,(anonymous_16)
FN:31,(anonymous_17)
FN:72,(anonymous_18)
FN:72,(anonymous_19)
FN:144,(anonymous_20)
FN:144,(anonymous_21)
FN:214,(anonymous_22)
FN:214,(anonymous_23)
FNF:8
FNH:0
FNDA:0,(anonymous_16)
FNDA:0,(anonymous_17)
FNDA:0,(anonymous_18)
FNDA:0,(anonymous_19)
FNDA:0,(anonymous_20)
FNDA:0,(anonymous_21)
FNDA:0,(anonymous_22)
FNDA:0,(anonymous_23)
DA:2,2
DA:3,2
DA:31,2
DA:32,0
DA:33,0
DA:35,0
DA:40,0
DA:44,0
DA:72,2
DA:73,0
DA:74,0
DA:76,0
DA:77,0
DA:81,0
DA:84,0
DA:86,0
DA:87,0
DA:91,0
DA:94,0
DA:99,0
DA:104,0
DA:144,2
DA:145,0
DA:146,0
DA:149,0
DA:150,0
DA:154,0
DA:157,0
DA:159,0
DA:165,0
DA:169,0
DA:214,2
DA:215,0
DA:216,0
DA:217,0
DA:220,0
DA:221,0
DA:225,0
DA:228,0
DA:229,0
DA:233,0
DA:236,0
DA:238,0
DA:239,0
DA:243,0
DA:246,0
DA:252,0
DA:257,0
LF:48
LH:6
BRDA:41,0,0,0
BRDA:41,0,1,0
BRDA:76,1,0,0
BRDA:86,2,0,0
BRDA:100,3,0,0
BRDA:100,3,1,0
BRDA:149,4,0,0
BRDA:149,5,0,0
BRDA:149,5,1,0
BRDA:149,6,0,0
BRDA:149,6,1,0
BRDA:166,7,0,0
BRDA:166,7,1,0
BRDA:220,8,0,0
BRDA:220,9,0,0
BRDA:220,9,1,0
BRDA:220,10,0,0
BRDA:220,10,1,0
BRDA:228,11,0,0
BRDA:238,12,0,0
BRDA:253,13,0,0
BRDA:253,13,1,0
BRF:22
BRH:0
end_of_record
TN:
SF:src\controllers\log.controller.ts
FN:14,(anonymous_8)
FN:14,(anonymous_9)
FN:61,(anonymous_10)
FN:61,(anonymous_11)
FN:91,(anonymous_12)
FN:91,(anonymous_13)
FN:120,(anonymous_14)
FN:120,(anonymous_15)
FNF:8
FNH:0
FNDA:0,(anonymous_8)
FNDA:0,(anonymous_9)
FNDA:0,(anonymous_10)
FNDA:0,(anonymous_11)
FNDA:0,(anonymous_12)
FNDA:0,(anonymous_13)
FNDA:0,(anonymous_14)
FNDA:0,(anonymous_15)
DA:2,2
DA:3,2
DA:4,2
DA:5,2
DA:14,2
DA:15,0
DA:17,0
DA:18,0
DA:21,0
DA:23,0
DA:27,0
DA:31,0
DA:36,0
DA:43,0
DA:45,0
DA:51,0
DA:61,2
DA:62,0
DA:63,0
DA:66,0
DA:73,0
DA:75,0
DA:81,0
DA:91,2
DA:92,0
DA:93,0
DA:96,0
DA:103,0
DA:105,0
DA:110,0
DA:120,2
DA:121,0
DA:122,0
DA:127,0
DA:140,0
DA:143,0
DA:150,0
DA:155,0
LF:38
LH:8
BRDA:17,0,0,0
BRDA:17,0,1,0
BRDA:17,0,2,0
BRDA:17,1,0,0
BRDA:17,1,1,0
BRDA:17,2,0,0
BRDA:17,2,1,0
BRDA:18,3,0,0
BRDA:18,3,1,0
BRDA:18,4,0,0
BRDA:18,4,1,0
BRDA:21,5,0,0
BRDA:21,6,0,0
BRDA:21,6,1,0
BRDA:21,7,0,0
BRDA:21,7,1,0
BRDA:21,8,0,0
BRDA:21,8,1,0
BRDA:23,9,0,0
BRDA:23,9,1,0
BRDA:37,10,0,0
BRDA:37,10,1,0
BRDA:37,11,0,0
BRDA:37,11,1,0
BRDA:37,12,0,0
BRDA:37,12,1,0
BRDA:53,13,0,0
BRDA:53,13,1,0
BRDA:67,14,0,0
BRDA:67,14,1,0
BRDA:67,15,0,0
BRDA:67,15,1,0
BRDA:67,16,0,0
BRDA:67,16,1,0
BRDA:83,17,0,0
BRDA:83,17,1,0
BRDA:93,18,0,0
BRDA:93,18,1,0
BRDA:97,19,0,0
BRDA:97,19,1,0
BRDA:97,20,0,0
BRDA:97,20,1,0
BRDA:97,21,0,0
BRDA:97,21,1,0
BRDA:112,22,0,0
BRDA:112,22,1,0
BRDA:122,23,0,0
BRDA:122,23,1,0
BRDA:122,23,2,0
BRDA:122,24,0,0
BRDA:122,24,1,0
BRDA:122,25,0,0
BRDA:122,25,1,0
BRDA:144,26,0,0
BRDA:144,26,1,0
BRDA:144,27,0,0
BRDA:144,27,1,0
BRDA:144,28,0,0
BRDA:144,28,1,0
BRDA:157,29,0,0
BRDA:157,29,1,0
BRF:61
BRH:0
end_of_record
TN:
SF:src\controllers\user.controller.ts
FN:10,(anonymous_17)
FN:10,(anonymous_18)
FN:89,(anonymous_19)
FN:89,(anonymous_20)
FN:119,(anonymous_21)
FN:119,(anonymous_22)
FN:174,(anonymous_23)
FN:174,(anonymous_24)
FN:274,(anonymous_25)
FN:274,(anonymous_26)
FNF:10
FNH:0
FNDA:0,(anonymous_17)
FNDA:0,(anonymous_18)
FNDA:0,(anonymous_19)
FNDA:0,(anonymous_20)
FNDA:0,(anonymous_21)
FNDA:0,(anonymous_22)
FNDA:0,(anonymous_23)
FNDA:0,(anonymous_24)
FNDA:0,(anonymous_25)
FNDA:0,(anonymous_26)
DA:2,2
DA:4,2
DA:5,2
DA:10,2
DA:11,0
DA:12,0
DA:14,0
DA:15,0
DA:19,0
DA:22,0
DA:24,0
DA:25,0
DA:29,0
DA:33,0
DA:41,0
DA:43,0
DA:48,0
DA:89,2
DA:90,0
DA:91,0
DA:94,0
DA:95,0
DA:103,0
DA:109,0
DA:119,2
DA:120,0
DA:121,0
DA:124,0
DA:125,0
DA:127,0
DA:128,0
DA:132,0
DA:136,0
DA:138,0
DA:139,0
DA:143,0
DA:147,0
DA:148,0
DA:157,0
DA:159,0
DA:164,0
DA:174,2
DA:175,0
DA:176,0
DA:179,0
DA:180,0
DA:182,0
DA:183,0
DA:187,0
DA:191,0
DA:192,0
DA:196,0
DA:200,0
DA:202,0
DA:203,0
DA:207,0
DA:211,0
DA:214,0
DA:215,0
DA:224,0
DA:226,0
DA:231,0
DA:274,2
DA:275,0
DA:276,0
DA:279,0
DA:280,0
DA:284,0
DA:288,0
DA:289,0
DA:291,0
DA:292,0
DA:296,0
DA:300,0
DA:302,0
DA:303,0
DA:307,0
DA:311,0
DA:312,0
DA:321,0
DA:323,0
DA:328,0
LF:82
LH:8
BRDA:12,0,0,0
BRDA:12,0,1,0
BRDA:12,1,0,0
BRDA:12,1,1,0
BRDA:14,2,0,0
BRDA:24,3,0,0
BRDA:50,4,0,0
BRDA:50,4,1,0
BRDA:94,5,0,0
BRDA:111,6,0,0
BRDA:111,6,1,0
BRDA:124,7,0,0
BRDA:124,8,0,0
BRDA:124,8,1,0
BRDA:124,9,0,0
BRDA:124,9,1,0
BRDA:127,10,0,0
BRDA:127,11,0,0
BRDA:127,11,1,0
BRDA:138,12,0,0
BRDA:147,13,0,0
BRDA:166,14,0,0
BRDA:166,14,1,0
BRDA:179,15,0,0
BRDA:179,16,0,0
BRDA:179,16,1,0
BRDA:179,17,0,0
BRDA:179,17,1,0
BRDA:182,18,0,0
BRDA:182,19,0,0
BRDA:182,19,1,0
BRDA:191,20,0,0
BRDA:191,21,0,0
BRDA:191,21,1,0
BRDA:202,22,0,0
BRDA:214,23,0,0
BRDA:233,24,0,0
BRDA:233,24,1,0
BRDA:279,25,0,0
BRDA:279,26,0,0
BRDA:279,26,1,0
BRDA:279,27,0,0
BRDA:279,27,1,0
BRDA:279,28,0,0
BRDA:279,28,1,0
BRDA:279,29,0,0
BRDA:279,29,1,0
BRDA:279,30,0,0
BRDA:279,30,1,0
BRDA:288,31,0,0
BRDA:288,32,0,0
BRDA:288,32,1,0
BRDA:288,33,0,0
BRDA:288,33,1,0
BRDA:291,34,0,0
BRDA:291,35,0,0
BRDA:291,35,1,0
BRDA:302,36,0,0
BRDA:311,37,0,0
BRDA:330,38,0,0
BRDA:330,38,1,0
BRF:61
BRH:0
end_of_record
TN:
SF:src\middlewares\auth.middleware.ts
FN:12,(anonymous_7)
FN:47,(anonymous_8)
FN:48,(anonymous_9)
FN:71,(anonymous_10)
FN:72,(anonymous_11)
FN:98,(anonymous_12)
FN:99,(anonymous_13)
FN:99,(anonymous_14)
FN:154,(anonymous_15)
FNF:9
FNH:2
FNDA:0,(anonymous_7)
FNDA:8,(anonymous_8)
FNDA:0,(anonymous_9)
FNDA:8,(anonymous_10)
FNDA:0,(anonymous_11)
FNDA:0,(anonymous_12)
FNDA:0,(anonymous_13)
FNDA:0,(anonymous_14)
FNDA:0,(anonymous_15)
DA:2,2
DA:4,2
DA:5,2
DA:6,2
DA:12,2
DA:13,0
DA:15,0
DA:17,0
DA:18,0
DA:22,0
DA:26,0
DA:29,0
DA:32,0
DA:35,0
DA:37,0
DA:47,2
DA:48,8
DA:49,0
DA:50,0
DA:54,0
DA:57,0
DA:58,0
DA:60,0
DA:71,2
DA:72,8
DA:73,0
DA:74,0
DA:78,0
DA:81,0
DA:83,0
DA:84,0
DA:86,0
DA:98,2
DA:99,0
DA:100,0
DA:101,0
DA:102,0
DA:106,0
DA:109,0
DA:110,0
DA:113,0
DA:114,0
DA:115,0
DA:119,0
DA:120,0
DA:121,0
DA:125,0
DA:130,0
DA:134,0
DA:135,0
DA:137,0
DA:143,0
DA:154,2
DA:155,0
DA:156,0
DA:158,0
DA:159,0
DA:163,0
DA:166,0
DA:168,0
DA:170,0
LF:61
LH:11
BRDA:17,0,0,0
BRDA:17,1,0,0
BRDA:17,1,1,0
BRDA:39,2,0,0
BRDA:39,2,1,0
BRDA:49,3,0,0
BRDA:57,4,0,0
BRDA:57,4,1,0
BRDA:73,5,0,0
BRDA:83,6,0,0
BRDA:83,6,1,0
BRDA:98,7,0,0
BRDA:101,8,0,0
BRDA:113,9,0,0
BRDA:120,10,0,0
BRDA:130,11,0,0
BRDA:130,11,1,0
BRDA:134,12,0,0
BRDA:134,12,1,0
BRDA:145,13,0,0
BRDA:145,13,1,0
BRDA:156,14,0,0
BRDA:156,14,1,0
BRDA:156,15,0,0
BRDA:156,15,1,0
BRDA:156,16,0,0
BRDA:156,16,1,0
BRDA:158,17,0,0
BRDA:170,18,0,0
BRDA:170,18,1,0
BRF:30
BRH:0
end_of_record
TN:
SF:src\middlewares\logger.middleware.ts
FN:7,(anonymous_0)
FN:12,(anonymous_1)
FNF:2
FNH:2
FNDA:5,(anonymous_0)
FNDA:5,(anonymous_1)
DA:2,2
DA:7,2
DA:9,5
DA:12,5
DA:13,5
DA:14,5
DA:17,5
LF:7
LH:7
BRF:0
BRH:0
end_of_record
TN:
SF:src\middlewares\validator.middleware.ts
FN:8,(anonymous_7)
FN:9,(anonymous_8)
FN:9,(anonymous_9)
FN:11,(anonymous_10)
FNF:4
FNH:4
FNDA:26,(anonymous_7)
FNDA:14,(anonymous_8)
FNDA:14,(anonymous_9)
FNDA:48,(anonymous_10)
DA:2,3
DA:8,3
DA:9,26
DA:11,48
DA:14,14
DA:17,14
DA:18,7
DA:19,7
DA:23,7
LF:9
LH:9
BRDA:17,0,0,7
BRF:1
BRH:1
end_of_record
TN:
SF:src\models\company.model.ts
FN:5,(anonymous_8)
FN:5,(anonymous_9)
FN:26,(anonymous_10)
FN:26,(anonymous_11)
FN:43,(anonymous_12)
FN:43,(anonymous_13)
FN:63,(anonymous_14)
FN:63,(anonymous_15)
FN:79,(anonymous_16)
FN:79,(anonymous_17)
FN:93,(anonymous_18)
FN:95,(anonymous_19)
FNF:12
FNH:0
FNDA:0,(anonymous_8)
FNDA:0,(anonymous_9)
FNDA:0,(anonymous_10)
FNDA:0,(anonymous_11)
FNDA:0,(anonymous_12)
FNDA:0,(anonymous_13)
FNDA:0,(anonymous_14)
FNDA:0,(anonymous_15)
FNDA:0,(anonymous_16)
FNDA:0,(anonymous_17)
FNDA:0,(anonymous_18)
FNDA:0,(anonymous_19)
DA:2,2
DA:5,2
DA:6,0
DA:17,0
DA:18,0
DA:19,0
DA:21,0
DA:22,0
DA:26,2
DA:27,0
DA:28,0
DA:34,0
DA:35,0
DA:36,0
DA:38,0
DA:39,0
DA:43,2
DA:44,0
DA:50,0
DA:51,0
DA:52,0
DA:53,0
DA:54,0
DA:56,0
DA:58,0
DA:59,0
DA:63,2
DA:64,0
DA:70,0
DA:71,0
DA:72,0
DA:74,0
DA:75,0
DA:79,2
DA:81,0
DA:84,0
DA:85,0
DA:88,0
DA:89,0
DA:93,0
DA:95,0
DA:96,0
DA:99,0
DA:106,0
DA:107,0
DA:108,0
DA:110,0
DA:111,0
LF:48
LH:6
BRDA:21,0,0,0
BRDA:21,0,1,0
BRDA:27,1,0,0
BRDA:27,2,0,0
BRDA:38,3,0,0
BRDA:38,3,1,0
BRDA:52,4,0,0
BRDA:52,5,0,0
BRDA:52,5,1,0
BRDA:56,6,0,0
BRDA:56,6,1,0
BRDA:58,7,0,0
BRDA:58,7,1,0
BRDA:74,8,0,0
BRDA:74,8,1,0
BRDA:88,9,0,0
BRDA:108,10,0,0
BRDA:108,10,1,0
BRDA:110,11,0,0
BRDA:110,11,1,0
BRF:20
BRH:0
end_of_record
TN:
SF:src\models\log.model.ts
FN:5,(anonymous_8)
FN:5,(anonymous_9)
FN:28,(anonymous_10)
FN:28,(anonymous_11)
FN:51,(anonymous_12)
FN:51,(anonymous_13)
FN:68,(anonymous_14)
FN:68,(anonymous_15)
FN:85,(anonymous_16)
FN:85,(anonymous_17)
FNF:10
FNH:0
FNDA:0,(anonymous_8)
FNDA:0,(anonymous_9)
FNDA:0,(anonymous_10)
FNDA:0,(anonymous_11)
FNDA:0,(anonymous_12)
FNDA:0,(anonymous_13)
FNDA:0,(anonymous_14)
FNDA:0,(anonymous_15)
FNDA:0,(anonymous_16)
FNDA:0,(anonymous_17)
DA:2,2
DA:5,2
DA:6,0
DA:19,0
DA:20,0
DA:21,0
DA:23,0
DA:24,0
DA:28,2
DA:29,0
DA:30,0
DA:36,0
DA:37,0
DA:44,0
DA:46,0
DA:47,0
DA:51,2
DA:52,0
DA:59,0
DA:60,0
DA:61,0
DA:63,0
DA:64,0
DA:68,2
DA:69,0
DA:76,0
DA:77,0
DA:78,0
DA:80,0
DA:81,0
DA:85,2
DA:87,0
DA:100,0
DA:101,0
DA:102,0
DA:104,0
DA:105,0
LF:37
LH:6
BRDA:23,0,0,0
BRDA:23,0,1,0
BRDA:29,1,0,0
BRDA:29,2,0,0
BRDA:29,3,0,0
BRDA:40,4,0,0
BRDA:40,4,1,0
BRDA:46,5,0,0
BRDA:46,5,1,0
BRDA:63,6,0,0
BRDA:63,6,1,0
BRDA:80,7,0,0
BRDA:80,7,1,0
BRDA:85,8,0,0
BRDA:104,9,0,0
BRDA:104,9,1,0
BRF:16
BRH:0
end_of_record
TN:
SF:src\models\sensor.model.ts
FN:5,(anonymous_8)
FN:5,(anonymous_9)
FN:29,(anonymous_10)
FN:29,(anonymous_11)
FN:55,(anonymous_12)
FN:55,(anonymous_13)
FN:72,(anonymous_14)
FN:72,(anonymous_15)
FN:88,(anonymous_16)
FN:88,(anonymous_17)
FN:104,(anonymous_18)
FN:104,(anonymous_19)
FN:121,(anonymous_20)
FN:121,(anonymous_21)
FNF:14
FNH:0
FNDA:0,(anonymous_8)
FNDA:0,(anonymous_9)
FNDA:0,(anonymous_10)
FNDA:0,(anonymous_11)
FNDA:0,(anonymous_12)
FNDA:0,(anonymous_13)
FNDA:0,(anonymous_14)
FNDA:0,(anonymous_15)
FNDA:0,(anonymous_16)
FNDA:0,(anonymous_17)
FNDA:0,(anonymous_18)
FNDA:0,(anonymous_19)
FNDA:0,(anonymous_20)
FNDA:0,(anonymous_21)
DA:2,2
DA:5,2
DA:6,0
DA:20,0
DA:21,0
DA:22,0
DA:24,0
DA:25,0
DA:29,2
DA:32,0
DA:46,0
DA:47,0
DA:48,0
DA:50,0
DA:51,0
DA:55,2
DA:56,0
DA:57,0
DA:63,0
DA:64,0
DA:65,0
DA:67,0
DA:68,0
DA:72,2
DA:73,0
DA:79,0
DA:80,0
DA:81,0
DA:83,0
DA:84,0
DA:88,2
DA:89,0
DA:95,0
DA:96,0
DA:97,0
DA:99,0
DA:100,0
DA:104,2
DA:105,0
DA:112,0
DA:113,0
DA:114,0
DA:116,0
DA:117,0
DA:121,2
DA:122,0
DA:129,0
DA:130,0
DA:131,0
DA:133,0
DA:134,0
LF:51
LH:8
BRDA:24,0,0,0
BRDA:24,0,1,0
BRDA:50,1,0,0
BRDA:50,1,1,0
BRDA:56,2,0,0
BRDA:56,3,0,0
BRDA:67,4,0,0
BRDA:67,4,1,0
BRDA:81,5,0,0
BRDA:81,5,1,0
BRDA:83,6,0,0
BRDA:83,6,1,0
BRDA:97,7,0,0
BRDA:97,7,1,0
BRDA:99,8,0,0
BRDA:99,8,1,0
BRDA:116,9,0,0
BRDA:116,9,1,0
BRDA:131,10,0,0
BRDA:131,10,1,0
BRDA:133,11,0,0
BRDA:133,11,1,0
BRF:22
BRH:0
end_of_record
TN:
SF:src\models\user.model.ts
FN:5,(anonymous_8)
FN:5,(anonymous_9)
FN:30,(anonymous_10)
FN:30,(anonymous_11)
FN:47,(anonymous_12)
FN:47,(anonymous_13)
FN:63,(anonymous_14)
FN:63,(anonymous_15)
FN:79,(anonymous_16)
FN:79,(anonymous_17)
FN:95,(anonymous_18)
FN:95,(anonymous_19)
FN:111,(anonymous_20)
FN:111,(anonymous_21)
FN:181,(anonymous_22)
FN:181,(anonymous_23)
FNF:16
FNH:8
FNDA:0,(anonymous_8)
FNDA:0,(anonymous_9)
FNDA:0,(anonymous_10)
FNDA:0,(anonymous_11)
FNDA:6,(anonymous_12)
FNDA:6,(anonymous_13)
FNDA:2,(anonymous_14)
FNDA:2,(anonymous_15)
FNDA:0,(anonymous_16)
FNDA:0,(anonymous_17)
FNDA:2,(anonymous_18)
FNDA:2,(anonymous_19)
FNDA:3,(anonymous_20)
FNDA:3,(anonymous_21)
FNDA:0,(anonymous_22)
FNDA:0,(anonymous_23)
DA:2,3
DA:3,3
DA:5,3
DA:6,0
DA:21,0
DA:22,0
DA:23,0
DA:25,0
DA:26,0
DA:30,3
DA:31,0
DA:32,0
DA:38,0
DA:39,0
DA:40,0
DA:42,0
DA:43,0
DA:47,6
DA:48,6
DA:54,6
DA:55,6
DA:56,5
DA:58,1
DA:59,1
DA:63,3
DA:64,2
DA:70,2
DA:71,2
DA:72,2
DA:74,0
DA:75,0
DA:79,3
DA:80,0
DA:86,0
DA:87,0
DA:88,0
DA:90,0
DA:91,0
DA:95,3
DA:96,2
DA:102,2
DA:103,2
DA:104,2
DA:106,0
DA:107,0
DA:111,3
DA:113,3
DA:114,3
DA:115,3
DA:118,3
DA:119,2
DA:120,2
DA:121,2
DA:124,3
DA:125,1
DA:126,1
DA:127,1
DA:130,3
DA:131,1
DA:132,1
DA:133,1
DA:136,3
DA:137,0
DA:138,0
DA:139,0
DA:143,3
DA:144,0
DA:145,0
DA:146,0
DA:150,3
DA:153,3
DA:154,1
DA:158,2
DA:165,2
DA:167,2
DA:168,2
DA:170,2
DA:171,1
DA:174,1
DA:176,1
DA:177,1
DA:181,3
DA:182,0
DA:188,0
DA:189,0
DA:190,0
DA:192,0
DA:193,0
LF:88
LH:53
BRDA:25,0,0,0
BRDA:25,0,1,0
BRDA:31,1,0,0
BRDA:31,2,0,0
BRDA:31,3,0,0
BRDA:42,4,0,0
BRDA:42,4,1,0
BRDA:56,5,0,5
BRDA:56,5,1,2
BRDA:58,6,0,1
BRDA:58,6,1,0
BRDA:72,7,0,2
BRDA:72,7,1,1
BRDA:74,8,0,0
BRDA:74,8,1,0
BRDA:90,9,0,0
BRDA:90,9,1,0
BRDA:106,10,0,0
BRDA:106,10,1,0
BRDA:118,11,0,2
BRDA:124,12,0,1
BRDA:130,13,0,1
BRDA:136,14,0,0
BRDA:143,15,0,0
BRDA:153,16,0,1
BRDA:170,17,0,1
BRDA:176,18,0,1
BRDA:176,18,1,0
BRDA:190,19,0,0
BRDA:190,19,1,0
BRDA:192,20,0,0
BRDA:192,20,1,0
BRF:32
BRH:11
end_of_record
TN:
SF:src\routes\auth.routes.ts
FNF:0
FNH:0
DA:1,2
DA:2,2
DA:3,2
DA:4,2
DA:6,2
DA:9,2
DA:12,2
DA:14,2
LF:8
LH:8
BRF:0
BRH:0
end_of_record
TN:
SF:src\routes\company.routes.ts
FNF:0
FNH:0
DA:1,2
DA:2,2
DA:3,2
DA:5,2
DA:8,2
DA:11,2
DA:14,2
DA:17,2
DA:19,2
LF:9
LH:9
BRF:0
BRH:0
end_of_record
TN:
SF:src\routes\index.ts
FNF:0
FNH:0
DA:1,2
DA:2,2
DA:3,2
DA:4,2
DA:5,2
DA:7,2
DA:9,2
DA:10,2
DA:11,2
DA:12,2
DA:14,2
LF:11
LH:11
BRF:0
BRH:0
end_of_record
TN:
SF:src\routes\logs.routes.ts
FNF:0
FNH:0
DA:1,2
DA:2,2
DA:3,2
DA:4,2
DA:5,2
DA:6,2
DA:8,2
DA:11,2
DA:14,2
DA:21,2
DA:27,2
DA:34,2
DA:41,2
DA:48,2
DA:53,2
LF:15
LH:15
BRF:0
BRH:0
end_of_record
TN:
SF:src\routes\user.routes.ts
FNF:0
FNH:0
DA:1,2
DA:2,2
DA:3,2
DA:4,2
DA:6,2
DA:7,2
DA:9,2
DA:12,2
DA:15,2
DA:18,2
DA:26,2
DA:34,2
DA:44,2
LF:13
LH:13
BRF:0
BRH:0
end_of_record
TN:
SF:src\seeds\seed.ts
FN:8,(anonymous_17)
FN:8,(anonymous_18)
FNF:2
FNH:0
FNDA:0,(anonymous_17)
FNDA:0,(anonymous_18)
DA:1,2
DA:2,2
DA:4,2
DA:5,2
DA:6,2
DA:8,2
DA:9,0
DA:11,0
DA:19,0
DA:29,0
DA:30,0
DA:31,0
DA:32,0
DA:33,0
DA:35,0
DA:38,0
DA:42,0
DA:43,0
DA:44,0
DA:46,0
DA:47,0
DA:50,0
DA:55,0
DA:57,0
DA:60,0
DA:64,0
DA:68,2
LF:27
LH:7
BRDA:31,0,0,0
BRDA:31,0,1,0
BRDA:38,1,0,0
BRDA:38,1,1,0
BRDA:44,2,0,0
BRDA:44,2,1,0
BRDA:60,3,0,0
BRDA:60,3,1,0
BRDA:64,4,0,0
BRDA:64,4,1,0
BRF:10
BRH:0
end_of_record
TN:
SF:src\services\auth.service.ts
FN:9,(anonymous_18)
FN:9,(anonymous_19)
FN:41,(anonymous_20)
FN:41,(anonymous_21)
FNF:4
FNH:4
FNDA:1,(anonymous_18)
FNDA:1,(anonymous_19)
FNDA:2,(anonymous_20)
FNDA:2,(anonymous_21)
DA:2,2
DA:3,2
DA:4,2
DA:9,2
DA:10,1
DA:12,1
DA:13,1
DA:14,1
DA:18,0
DA:19,0
DA:22,0
DA:28,0
DA:29,0
DA:33,1
DA:34,1
DA:41,2
DA:42,2
DA:44,2
DA:46,2
DA:47,1
DA:51,1
DA:53,1
DA:54,0
DA:58,1
DA:61,1
DA:62,1
DA:67,1
DA:68,1
LF:28
LH:22
BRDA:13,0,0,1
BRDA:33,1,0,1
BRDA:33,1,1,0
BRDA:46,2,0,1
BRDA:53,3,0,0
BRDA:67,4,0,1
BRDA:67,4,1,0
BRF:7
BRH:4
end_of_record
TN:
SF:src\services\influxdb.service.ts
FN:22,(anonymous_15)
FN:29,(anonymous_16)
FN:29,(anonymous_17)
FN:43,(anonymous_18)
FN:73,(anonymous_19)
FN:73,(anonymous_20)
FN:104,(anonymous_21)
FN:104,(anonymous_22)
FNF:8
FNH:0
FNDA:0,(anonymous_15)
FNDA:0,(anonymous_16)
FNDA:0,(anonymous_17)
FNDA:0,(anonymous_18)
FNDA:0,(anonymous_19)
FNDA:0,(anonymous_20)
FNDA:0,(anonymous_21)
FNDA:0,(anonymous_22)
DA:1,1
DA:2,1
DA:9,1
DA:10,1
DA:11,1
DA:12,1
DA:13,1
DA:15,0
DA:22,1
DA:23,0
DA:29,1
DA:31,0
DA:32,0
DA:33,0
DA:36,0
DA:38,0
DA:43,0
DA:44,0
DA:45,0
DA:46,0
DA:47,0
DA:48,0
DA:49,0
DA:50,0
DA:51,0
DA:52,0
DA:58,0
DA:59,0
DA:61,0
DA:62,0
DA:64,0
DA:66,0
DA:73,1
DA:75,0
DA:76,0
DA:77,0
DA:80,0
DA:81,0
DA:88,0
DA:90,0
DA:91,0
DA:94,0
DA:96,0
DA:97,0
DA:104,1
DA:106,0
DA:107,0
DA:108,0
DA:111,0
DA:112,0
DA:119,0
DA:121,0
DA:122,0
DA:125,0
DA:127,0
DA:128,0
LF:56
LH:11
BRDA:16,0,0,0
BRDA:16,0,1,0
BRDA:23,1,0,0
BRDA:23,1,1,0
BRDA:31,2,0,0
BRDA:44,3,0,0
BRDA:44,4,0,0
BRDA:44,4,1,0
BRDA:45,5,0,0
BRDA:45,5,1,0
BRDA:47,6,0,0
BRDA:47,6,1,0
BRDA:49,7,0,0
BRDA:49,7,1,0
BRDA:51,8,0,0
BRDA:51,9,0,0
BRDA:51,9,1,0
BRDA:64,10,0,0
BRDA:64,10,1,0
BRDA:75,11,0,0
BRDA:96,12,0,0
BRDA:96,12,1,0
BRDA:106,13,0,0
BRDA:127,14,0,0
BRDA:127,14,1,0
BRF:25
BRH:0
end_of_record
TN:
SF:src\services\mqtt.service.ts
FN:10,(anonymous_8)
FN:22,(anonymous_9)
FN:31,(anonymous_10)
FN:32,(anonymous_11)
FN:42,(anonymous_12)
FN:42,(anonymous_13)
FN:74,(anonymous_14)
FN:78,(anonymous_15)
FN:82,(anonymous_16)
FN:91,(anonymous_17)
FN:106,(anonymous_18)
FNF:11
FNH:0
FNDA:0,(anonymous_8)
FNDA:0,(anonymous_9)
FNDA:0,(anonymous_10)
FNDA:0,(anonymous_11)
FNDA:0,(anonymous_12)
FNDA:0,(anonymous_13)
FNDA:0,(anonymous_14)
FNDA:0,(anonymous_15)
FNDA:0,(anonymous_16)
FNDA:0,(anonymous_17)
FNDA:0,(anonymous_18)
DA:1,1
DA:2,1
DA:4,1
DA:5,1
DA:10,1
DA:11,0
DA:12,0
DA:14,0
DA:22,0
DA:23,0
DA:26,0
DA:31,0
DA:32,0
DA:33,0
DA:34,0
DA:36,0
DA:42,0
DA:43,0
DA:44,0
DA:47,0
DA:48,0
DA:51,0
DA:54,0
DA:55,0
DA:57,0
DA:64,0
DA:65,0
DA:66,0
DA:70,0
DA:74,0
DA:75,0
DA:78,0
DA:79,0
DA:82,0
DA:83,0
DA:86,0
DA:91,1
DA:92,0
DA:93,0
DA:94,0
DA:97,0
DA:98,0
DA:99,0
DA:101,0
DA:106,1
DA:107,0
DA:108,0
DA:109,0
LF:48
LH:7
BRDA:12,0,0,0
BRDA:12,0,1,0
BRDA:33,1,0,0
BRDA:33,1,1,0
BRDA:47,2,0,0
BRDA:58,3,0,0
BRDA:58,3,1,0
BRDA:64,4,0,0
BRDA:70,5,0,0
BRDA:70,5,1,0
BRDA:86,6,0,0
BRDA:86,6,1,0
BRDA:92,7,0,0
BRDA:92,8,0,0
BRDA:92,8,1,0
BRDA:98,9,0,0
BRDA:98,9,1,0
BRDA:101,10,0,0
BRDA:101,10,1,0
BRDA:107,11,0,0
BRF:20
BRH:0
end_of_record
TN:
SF:src\services\sensor.service.ts
FN:8,(anonymous_8)
FN:8,(anonymous_9)
FN:41,(anonymous_10)
FN:41,(anonymous_11)
FN:68,(anonymous_12)
FN:68,(anonymous_13)
FN:87,(anonymous_14)
FN:91,(anonymous_15)
FNF:8
FNH:0
FNDA:0,(anonymous_8)
FNDA:0,(anonymous_9)
FNDA:0,(anonymous_10)
FNDA:0,(anonymous_11)
FNDA:0,(anonymous_12)
FNDA:0,(anonymous_13)
FNDA:0,(anonymous_14)
FNDA:0,(anonymous_15)
DA:2,1
DA:4,1
DA:5,1
DA:8,1
DA:9,0
DA:11,0
DA:13,0
DA:14,0
DA:15,0
DA:19,0
DA:28,0
DA:31,0
DA:33,0
DA:35,0
DA:36,0
DA:41,1
DA:42,0
DA:44,0
DA:50,0
DA:51,0
DA:60,0
DA:62,0
DA:63,0
DA:68,1
DA:69,0
DA:77,0
DA:78,0
DA:79,0
DA:81,0
DA:82,0
DA:87,1
DA:91,0
DA:92,0
DA:99,0
DA:100,0
DA:101,0
DA:103,0
DA:104,0
LF:38
LH:7
BRDA:13,0,0,0
BRDA:31,1,0,0
BRDA:31,1,1,0
BRDA:31,2,0,0
BRDA:31,2,1,0
BRDA:35,3,0,0
BRDA:35,3,1,0
BRDA:54,4,0,0
BRDA:54,4,1,0
BRDA:55,5,0,0
BRDA:55,5,1,0
BRDA:56,6,0,0
BRDA:56,6,1,0
BRDA:62,7,0,0
BRDA:62,7,1,0
BRDA:79,8,0,0
BRDA:79,8,1,0
BRDA:81,9,0,0
BRDA:81,9,1,0
BRDA:103,10,0,0
BRDA:103,10,1,0
BRF:21
BRH:0
end_of_record
TN:
SF:src\types\log.ts
FN:19,(anonymous_0)
FNF:1
FNH:1
FNDA:2,(anonymous_0)
DA:19,2
DA:20,2
DA:21,2
DA:22,2
DA:23,2
DA:24,2
DA:25,2
DA:26,2
DA:27,2
DA:28,2
DA:29,2
DA:30,2
DA:31,2
DA:32,2
DA:33,2
DA:34,2
DA:35,2
DA:36,2
DA:37,2
DA:38,2
DA:39,2
DA:40,2
DA:41,2
DA:42,2
DA:43,2
DA:44,2
LF:26
LH:26
BRDA:19,0,0,2
BRDA:19,0,1,2
BRF:2
BRH:2
end_of_record
TN:
SF:src\types\permission.ts
FN:6,(anonymous_0)
FN:75,(anonymous_1)
FN:83,(anonymous_2)
FNF:3
FNH:1
FNDA:2,(anonymous_0)
FNDA:0,(anonymous_1)
FNDA:0,(anonymous_2)
DA:1,2
DA:6,2
DA:8,2
DA:9,2
DA:10,2
DA:11,2
DA:14,2
DA:15,2
DA:16,2
DA:17,2
DA:20,2
DA:21,2
DA:22,2
DA:23,2
DA:26,2
DA:27,2
DA:30,2
DA:31,2
DA:37,2
DA:75,2
DA:76,0
DA:83,2
DA:89,0
DA:90,0
DA:94,0
LF:25
LH:21
BRDA:6,0,0,2
BRDA:6,0,1,2
BRDA:76,1,0,0
BRDA:76,1,1,0
BRDA:76,2,0,0
BRDA:76,2,1,0
BRDA:76,3,0,0
BRDA:76,3,1,0
BRDA:89,4,0,0
BRDA:95,5,0,0
BRDA:95,5,1,0
BRDA:95,5,2,0
BRF:12
BRH:2
end_of_record
TN:
SF:src\types\user.ts
FN:1,(anonymous_0)
FNF:1
FNH:1
FNDA:4,(anonymous_0)
DA:1,4
DA:2,4
DA:3,4
DA:4,4
LF:4
LH:4
BRDA:1,0,0,4
BRDA:1,0,1,4
BRF:2
BRH:2
end_of_record
TN:
SF:src\utils\createAdmin.ts
FN:17,createSystemAdmin
FNF:1
FNH:0
FNDA:0,createSystemAdmin
DA:1,0
DA:3,0
DA:4,0
DA:5,0
DA:6,0
DA:8,0
DA:9,0
DA:12,0
DA:18,0
DA:20,0
DA:21,0
DA:23,0
DA:24,0
DA:27,0
DA:29,0
DA:30,0
DA:31,0
DA:35,0
DA:36,0
DA:39,0
DA:47,0
DA:48,0
DA:49,0
DA:50,0
DA:52,0
DA:54,0
DA:57,0
DA:58,0
DA:63,0
LF:29
LH:0
BRDA:29,0,0,0
BRDA:55,1,0,0
BRDA:55,1,1,0
BRDA:57,2,0,0
BRDA:57,2,1,0
BRF:5
BRH:0
end_of_record
TN:
SF:src\utils\jwt.utils.ts
FN:11,(anonymous_1)
FN:27,(anonymous_2)
FNF:2
FNH:1
FNDA:1,(anonymous_1)
FNDA:0,(anonymous_2)
DA:1,2
DA:2,2
DA:11,2
DA:12,1
DA:19,1
DA:27,2
DA:28,0
DA:30,0
DA:32,0
LF:9
LH:6
BRF:0
BRH:0
end_of_record
TN:
SF:src\utils\logger.ts
FN:72,(anonymous_1)
FN:76,(anonymous_2)
FN:80,(anonymous_3)
FN:84,(anonymous_4)
FN:89,(anonymous_5)
FN:105,(anonymous_6)
FN:116,(anonymous_7)
FNF:7
FNH:1
FNDA:0,(anonymous_1)
FNDA:0,(anonymous_2)
FNDA:0,(anonymous_3)
FNDA:0,(anonymous_4)
FNDA:5,(anonymous_5)
FNDA:0,(anonymous_6)
FNDA:0,(anonymous_7)
DA:1,2
DA:2,2
DA:3,2
DA:6,2
DA:7,2
DA:8,0
DA:12,2
DA:20,2
DA:42,2
DA:50,2
DA:59,2
DA:60,2
DA:71,2
DA:73,0
DA:77,0
DA:81,0
DA:85,0
DA:90,5
DA:91,5
DA:106,0
DA:117,0
DA:127,2
LF:22
LH:15
BRDA:7,0,0,0
BRDA:21,1,0,0
BRDA:21,1,1,2
BRDA:59,2,0,2
BRDA:72,3,0,0
BRDA:76,4,0,0
BRDA:80,5,0,0
BRDA:84,6,0,0
BRDA:90,7,0,4
BRDA:90,7,1,1
BRDA:99,8,0,5
BRDA:99,8,1,0
BRDA:99,9,0,5
BRDA:99,9,1,5
BRF:14
BRH:7
end_of_record
TN:
SF:src\utils\resetDatabase.ts
FN:11,resetDatabase
FNF:1
FNH:0
FNDA:0,resetDatabase
DA:1,0
DA:2,0
DA:3,0
DA:6,0
DA:12,0
DA:14,0
DA:16,0
DA:24,0
DA:25,0
DA:26,0
DA:28,0
DA:30,0
DA:33,0
DA:34,0
DA:39,0
LF:15
LH:0
BRDA:31,0,0,0
BRDA:31,0,1,0
BRDA:33,1,0,0
BRDA:33,1,1,0
BRF:4
BRH:0
end_of_record
TN:
SF:src\utils\swagger.ts
FNF:0
FNH:0
DA:1,2
DA:2,2
DA:4,2
DA:45,2
DA:47,2
LF:5
LH:5
BRF:0
BRH:0
end_of_record
TN:
SF:src\utils\validation.rules.ts
FNF:0
FNH:0
DA:1,3
DA:2,3
DA:7,3
DA:41,3
DA:74,3
DA:114,3
LF:6
LH:6
BRF:0
BRH:0
end_of_record
